<?xml version="1.0" encoding="UTF-8"?>
<testsuites name="Procore Basic Functionality Tests" time="175.431" tests="1" failures="1" errors="0">
   <testsuite name="Procore Basic Functionality Tests" tests="1" failures="1" errors="0" time="175.431" timestamp="2020-08-11 10:39:06" hostname="csmall - csmall-mbp" id="Test Suites/Basic Functionality/Procore Basic Functionality Tests">
      <properties>
         <property name="deviceName" value=""/>
         <property name="devicePlatform" value=""/>
         <property name="logFolder" value="/Users/csmall/Procore_AutomationDemo_POC/ProcoreAutomationDemo/Reports/20200811_103901/Basic Functionality/Procore Basic Functionality Tests/20200811_103901"/>
         <property name="logFiles" value="/Users/csmall/Procore_AutomationDemo_POC/ProcoreAutomationDemo/Reports/20200811_103901/Basic Functionality/Procore Basic Functionality Tests/20200811_103901/execution0.log"/>
         <property name="attachments" value="/Users/csmall/Procore_AutomationDemo_POC/ProcoreAutomationDemo/Reports/20200811_103901/Basic Functionality/Procore Basic Functionality Tests/20200811_103901/1597160521135.png"/>
         <property name="hostName" value="csmall - csmall-mbp"/>
         <property name="os" value="Mac OS X 64bit"/>
         <property name="katalonVersion" value="null.null"/>
         <property name="browser" value="Firefox 78.0"/>
         <property name="hostAddress" value="192.168.1.45"/>
         <property name="sessionId" value="194ecd39-b264-cc49-a06f-82b0a9ed95e8"/>
         <property name="seleniumVersion" value="3.141.59"/>
         <property name="proxyInformation" value="ProxyInformation { proxyOption=NO_PROXY, proxyServerType=HTTP, username=, password=********, proxyServerAddress=, proxyServerPort=0, executionList=\&quot;\&quot;, isApplyToDesiredCapabilities=true }"/>
         <property name="platform" value="Mac OS X"/>
      </properties>
      <testcase name="Test Cases/PC Browser Tests/PC Tests/Logged-in Web Tests/Basic Logged-In Functionality Tests" time="175.261" classname="Test Cases/PC Browser Tests/PC Tests/Logged-in Web Tests/Basic Logged-In Functionality Tests" status="FAILED">
         <failure type="FAILED" message="Test Cases/PC Browser Tests/PC Tests/Logged-in Web Tests/Basic Logged-In Functionality Tests FAILED.
Reason:
com.kms.katalon.core.exception.StepFailedException: Call Test Case 'Test Cases/PC Browser Tests/PC Pages/Basic Logged-In Functionality/Basic Logged In Functionality' failed
	at com.kms.katalon.core.keyword.builtin.CallTestCaseKeyword$_callTestCase_closure1.doCall(CallTestCaseKeyword.groovy:63)
	at com.kms.katalon.core.keyword.builtin.CallTestCaseKeyword$_callTestCase_closure1.call(CallTestCaseKeyword.groovy)
	at com.kms.katalon.core.keyword.internal.KeywordMain.runKeyword(KeywordMain.groovy:68)
	at com.kms.katalon.core.keyword.builtin.CallTestCaseKeyword.callTestCase(CallTestCaseKeyword.groovy:81)
	at com.kms.katalon.core.keyword.builtin.CallTestCaseKeyword.execute(CallTestCaseKeyword.groovy:44)
	at com.kms.katalon.core.keyword.internal.KeywordExecutor.executeKeywordForPlatform(KeywordExecutor.groovy:72)
	at com.kms.katalon.core.keyword.BuiltinKeywords.callTestCase(BuiltinKeywords.groovy:334)
	at Basic Logged-In Functionality Tests.run(Basic Logged-In Functionality Tests:27)
	at com.kms.katalon.core.main.ScriptEngine.run(ScriptEngine.java:194)
	at com.kms.katalon.core.main.ScriptEngine.runScriptAsRawText(ScriptEngine.java:119)
	at com.kms.katalon.core.main.TestCaseExecutor.runScript(TestCaseExecutor.java:337)
	at com.kms.katalon.core.main.TestCaseExecutor.doExecute(TestCaseExecutor.java:328)
	at com.kms.katalon.core.main.TestCaseExecutor.processExecutionPhase(TestCaseExecutor.java:307)
	at com.kms.katalon.core.main.TestCaseExecutor.accessMainPhase(TestCaseExecutor.java:299)
	at com.kms.katalon.core.main.TestCaseExecutor.execute(TestCaseExecutor.java:233)
	at com.kms.katalon.core.main.TestSuiteExecutor.accessTestCaseMainPhase(TestSuiteExecutor.java:169)
	at com.kms.katalon.core.main.TestSuiteExecutor.accessTestSuiteMainPhase(TestSuiteExecutor.java:142)
	at com.kms.katalon.core.main.TestSuiteExecutor.execute(TestSuiteExecutor.java:91)
	at com.kms.katalon.core.main.TestCaseMain.startTestSuite(TestCaseMain.java:157)
	at com.kms.katalon.core.main.TestCaseMain$startTestSuite$0.call(Unknown Source)
	at TempTestSuite1597160341484.run(TempTestSuite1597160341484.groovy:37)
Caused by: com.kms.katalon.core.exception.StepFailedException: Unable to click on object 'Object Repository/Full Test/Page_Portfolio  STF Construction/a_Directory'
	at com.kms.katalon.core.webui.keyword.internal.WebUIKeywordMain.stepFailed(WebUIKeywordMain.groovy:64)
	at com.kms.katalon.core.webui.keyword.internal.WebUIKeywordMain.runKeyword(WebUIKeywordMain.groovy:26)
	at com.kms.katalon.core.webui.keyword.builtin.ClickKeyword.click(ClickKeyword.groovy:76)
	at com.kms.katalon.core.webui.keyword.builtin.ClickKeyword.execute(ClickKeyword.groovy:43)
	at com.kms.katalon.core.keyword.internal.KeywordExecutor.executeKeywordForPlatform(KeywordExecutor.groovy:72)
	at com.kms.katalon.core.webui.keyword.WebUiBuiltInKeywords.click(WebUiBuiltInKeywords.groovy:616)
	at com.kms.katalon.core.webui.keyword.WebUiBuiltInKeywords$click$5.call(Unknown Source)
	at Basic Logged In Functionality.run(Basic Logged In Functionality:45)
	at com.kms.katalon.core.main.ScriptEngine.run(ScriptEngine.java:194)
	at com.kms.katalon.core.main.ScriptEngine.runScriptAsRawText(ScriptEngine.java:119)
	at com.kms.katalon.core.main.TestCaseExecutor.runScript(TestCaseExecutor.java:337)
	at com.kms.katalon.core.main.TestCaseExecutor.doExecute(TestCaseExecutor.java:328)
	at com.kms.katalon.core.main.TestCaseExecutor.processExecutionPhase(TestCaseExecutor.java:307)
	at com.kms.katalon.core.main.TestCaseExecutor.accessMainPhase(TestCaseExecutor.java:299)
	at com.kms.katalon.core.main.TestCaseExecutor.execute(TestCaseExecutor.java:233)
	at com.kms.katalon.core.main.TestCaseMain.runTestCase(TestCaseMain.java:114)
	at com.kms.katalon.core.keyword.builtin.CallTestCaseKeyword$_callTestCase_closure1.doCall(CallTestCaseKeyword.groovy:59)
	... 20 more
Caused by: org.openqa.selenium.ElementNotInteractableException: Element &lt;a class=&quot;unlink_on_click&quot; href=&quot;/10428/company/home/executive_dashboard&quot;> could not be scrolled into view
Build info: version: '3.141.59', revision: 'e82be7d358', time: '2018-11-14T08:25:53'
System info: host: 'csmall-MBP', ip: 'fe80:0:0:0:1060:a59e:217d:f86e%en0', os.name: 'Mac OS X', os.arch: 'x86_64', os.version: '10.15.6', java.version: '1.8.0_181'
Driver info: com.kms.katalon.core.webui.driver.firefox.CGeckoDriver
Capabilities {acceptInsecureCerts: true, browserName: firefox, browserVersion: 78.0.1, javascriptEnabled: true, moz:accessibilityChecks: false, moz:buildID: 20200630195452, moz:geckodriverVersion: 0.23.0, moz:headless: false, moz:processID: 2576, moz:profile: /var/folders/7w/4sgm67v1565..., moz:shutdownTimeout: 60000, moz:useNonSpecCompliantPointerOrigin: false, moz:webdriverClick: true, pageLoadStrategy: normal, platform: MAC, platformName: MAC, platformVersion: 19.6.0, proxy: Proxy(direct), rotatable: false, setWindowRect: true, strictFileInteractability: false, timeouts: {implicit: 0, pageLoad: 300000, script: 30000}, unhandledPromptBehavior: dismiss and notify}
Session ID: 194ecd39-b264-cc49-a06f-82b0a9ed95e8
	at org.openqa.selenium.remote.http.W3CHttpResponseCodec.createException(W3CHttpResponseCodec.java:187)
	at org.openqa.selenium.remote.http.W3CHttpResponseCodec.decode(W3CHttpResponseCodec.java:122)
	at org.openqa.selenium.remote.http.W3CHttpResponseCodec.decode(W3CHttpResponseCodec.java:49)
	at org.openqa.selenium.remote.HttpCommandExecutor.execute(HttpCommandExecutor.java:158)
	at org.openqa.selenium.remote.service.DriverCommandExecutor.execute(DriverCommandExecutor.java:83)
	at org.openqa.selenium.remote.RemoteWebDriver.execute(RemoteWebDriver.java:552)
	at com.kms.katalon.selenium.driver.CFirefoxDriver.execute(CFirefoxDriver.java:27)
	at org.openqa.selenium.remote.RemoteWebElement.execute(RemoteWebElement.java:285)
	at org.openqa.selenium.remote.RemoteWebElement.click(RemoteWebElement.java:84)
	at org.openqa.selenium.support.events.EventFiringWebDriver$EventFiringWebElement.lambda$new$0(EventFiringWebDriver.java:404)
	at com.sun.proxy.$Proxy11.click(Unknown Source)
	at org.openqa.selenium.support.events.EventFiringWebDriver$EventFiringWebElement.click(EventFiringWebDriver.java:417)
	at com.kms.katalon.core.webui.keyword.builtin.ClickKeyword$_click_closure1.doCall(ClickKeyword.groovy:69)
	at com.kms.katalon.core.webui.keyword.builtin.ClickKeyword$_click_closure1.call(ClickKeyword.groovy)
	at com.kms.katalon.core.webui.keyword.internal.WebUIKeywordMain.runKeyword(WebUIKeywordMain.groovy:20)
	... 35 more
"/>
         <system-out><![CDATA[2020-08-11 10:39:06 - [TEST_CASE][FAILED] - Test Cases/PC Browser Tests/PC Tests/Logged-in Web Tests/Basic Logged-In Functionality Tests: Test Cases/PC Browser Tests/PC Tests/Logged-in Web Tests/Basic Logged-In Functionality Tests FAILED.
Reason:
com.kms.katalon.core.exception.StepFailedException: Call Test Case 'Test Cases/PC Browser Tests/PC Pages/Basic Logged-In Functionality/Basic Logged In Functionality' failed
	at com.kms.katalon.core.keyword.builtin.CallTestCaseKeyword$_callTestCase_closure1.doCall(CallTestCaseKeyword.groovy:63)
	at com.kms.katalon.core.keyword.builtin.CallTestCaseKeyword$_callTestCase_closure1.call(CallTestCaseKeyword.groovy)
	at com.kms.katalon.core.keyword.internal.KeywordMain.runKeyword(KeywordMain.groovy:68)
	at com.kms.katalon.core.keyword.builtin.CallTestCaseKeyword.callTestCase(CallTestCaseKeyword.groovy:81)
	at com.kms.katalon.core.keyword.builtin.CallTestCaseKeyword.execute(CallTestCaseKeyword.groovy:44)
	at com.kms.katalon.core.keyword.internal.KeywordExecutor.executeKeywordForPlatform(KeywordExecutor.groovy:72)
	at com.kms.katalon.core.keyword.BuiltinKeywords.callTestCase(BuiltinKeywords.groovy:334)
	at Basic Logged-In Functionality Tests.run(Basic Logged-In Functionality Tests:27)
	at com.kms.katalon.core.main.ScriptEngine.run(ScriptEngine.java:194)
	at com.kms.katalon.core.main.ScriptEngine.runScriptAsRawText(ScriptEngine.java:119)
	at com.kms.katalon.core.main.TestCaseExecutor.runScript(TestCaseExecutor.java:337)
	at com.kms.katalon.core.main.TestCaseExecutor.doExecute(TestCaseExecutor.java:328)
	at com.kms.katalon.core.main.TestCaseExecutor.processExecutionPhase(TestCaseExecutor.java:307)
	at com.kms.katalon.core.main.TestCaseExecutor.accessMainPhase(TestCaseExecutor.java:299)
	at com.kms.katalon.core.main.TestCaseExecutor.execute(TestCaseExecutor.java:233)
	at com.kms.katalon.core.main.TestSuiteExecutor.accessTestCaseMainPhase(TestSuiteExecutor.java:169)
	at com.kms.katalon.core.main.TestSuiteExecutor.accessTestSuiteMainPhase(TestSuiteExecutor.java:142)
	at com.kms.katalon.core.main.TestSuiteExecutor.execute(TestSuiteExecutor.java:91)
	at com.kms.katalon.core.main.TestCaseMain.startTestSuite(TestCaseMain.java:157)
	at com.kms.katalon.core.main.TestCaseMain$startTestSuite$0.call(Unknown Source)
	at TempTestSuite1597160341484.run(TempTestSuite1597160341484.groovy:37)
Caused by: com.kms.katalon.core.exception.StepFailedException: Unable to click on object 'Object Repository/Full Test/Page_Portfolio  STF Construction/a_Directory'
	at com.kms.katalon.core.webui.keyword.internal.WebUIKeywordMain.stepFailed(WebUIKeywordMain.groovy:64)
	at com.kms.katalon.core.webui.keyword.internal.WebUIKeywordMain.runKeyword(WebUIKeywordMain.groovy:26)
	at com.kms.katalon.core.webui.keyword.builtin.ClickKeyword.click(ClickKeyword.groovy:76)
	at com.kms.katalon.core.webui.keyword.builtin.ClickKeyword.execute(ClickKeyword.groovy:43)
	at com.kms.katalon.core.keyword.internal.KeywordExecutor.executeKeywordForPlatform(KeywordExecutor.groovy:72)
	at com.kms.katalon.core.webui.keyword.WebUiBuiltInKeywords.click(WebUiBuiltInKeywords.groovy:616)
	at com.kms.katalon.core.webui.keyword.WebUiBuiltInKeywords$click$5.call(Unknown Source)
	at Basic Logged In Functionality.run(Basic Logged In Functionality:45)
	at com.kms.katalon.core.main.ScriptEngine.run(ScriptEngine.java:194)
	at com.kms.katalon.core.main.ScriptEngine.runScriptAsRawText(ScriptEngine.java:119)
	at com.kms.katalon.core.main.TestCaseExecutor.runScript(TestCaseExecutor.java:337)
	at com.kms.katalon.core.main.TestCaseExecutor.doExecute(TestCaseExecutor.java:328)
	at com.kms.katalon.core.main.TestCaseExecutor.processExecutionPhase(TestCaseExecutor.java:307)
	at com.kms.katalon.core.main.TestCaseExecutor.accessMainPhase(TestCaseExecutor.java:299)
	at com.kms.katalon.core.main.TestCaseExecutor.execute(TestCaseExecutor.java:233)
	at com.kms.katalon.core.main.TestCaseMain.runTestCase(TestCaseMain.java:114)
	at com.kms.katalon.core.keyword.builtin.CallTestCaseKeyword$_callTestCase_closure1.doCall(CallTestCaseKeyword.groovy:59)
	... 20 more
Caused by: org.openqa.selenium.ElementNotInteractableException: Element <a class="unlink_on_click" href="/10428/company/home/executive_dashboard"> could not be scrolled into view
Build info: version: '3.141.59', revision: 'e82be7d358', time: '2018-11-14T08:25:53'
System info: host: 'csmall-MBP', ip: 'fe80:0:0:0:1060:a59e:217d:f86e%en0', os.name: 'Mac OS X', os.arch: 'x86_64', os.version: '10.15.6', java.version: '1.8.0_181'
Driver info: com.kms.katalon.core.webui.driver.firefox.CGeckoDriver
Capabilities {acceptInsecureCerts: true, browserName: firefox, browserVersion: 78.0.1, javascriptEnabled: true, moz:accessibilityChecks: false, moz:buildID: 20200630195452, moz:geckodriverVersion: 0.23.0, moz:headless: false, moz:processID: 2576, moz:profile: /var/folders/7w/4sgm67v1565..., moz:shutdownTimeout: 60000, moz:useNonSpecCompliantPointerOrigin: false, moz:webdriverClick: true, pageLoadStrategy: normal, platform: MAC, platformName: MAC, platformVersion: 19.6.0, proxy: Proxy(direct), rotatable: false, setWindowRect: true, strictFileInteractability: false, timeouts: {implicit: 0, pageLoad: 300000, script: 30000}, unhandledPromptBehavior: dismiss and notify}
Session ID: 194ecd39-b264-cc49-a06f-82b0a9ed95e8
	at org.openqa.selenium.remote.http.W3CHttpResponseCodec.createException(W3CHttpResponseCodec.java:187)
	at org.openqa.selenium.remote.http.W3CHttpResponseCodec.decode(W3CHttpResponseCodec.java:122)
	at org.openqa.selenium.remote.http.W3CHttpResponseCodec.decode(W3CHttpResponseCodec.java:49)
	at org.openqa.selenium.remote.HttpCommandExecutor.execute(HttpCommandExecutor.java:158)
	at org.openqa.selenium.remote.service.DriverCommandExecutor.execute(DriverCommandExecutor.java:83)
	at org.openqa.selenium.remote.RemoteWebDriver.execute(RemoteWebDriver.java:552)
	at com.kms.katalon.selenium.driver.CFirefoxDriver.execute(CFirefoxDriver.java:27)
	at org.openqa.selenium.remote.RemoteWebElement.execute(RemoteWebElement.java:285)
	at org.openqa.selenium.remote.RemoteWebElement.click(RemoteWebElement.java:84)
	at org.openqa.selenium.support.events.EventFiringWebDriver$EventFiringWebElement.lambda$new$0(EventFiringWebDriver.java:404)
	at com.sun.proxy.$Proxy11.click(Unknown Source)
	at org.openqa.selenium.support.events.EventFiringWebDriver$EventFiringWebElement.click(EventFiringWebDriver.java:417)
	at com.kms.katalon.core.webui.keyword.builtin.ClickKeyword$_click_closure1.doCall(ClickKeyword.groovy:69)
	at com.kms.katalon.core.webui.keyword.builtin.ClickKeyword$_click_closure1.call(ClickKeyword.groovy)
	at com.kms.katalon.core.webui.keyword.internal.WebUIKeywordMain.runKeyword(WebUIKeywordMain.groovy:20)
	... 35 more


2020-08-11 10:39:06 - [TEST_STEP][PASSED] - Start listener action : beforeTestcase: null

2020-08-11 10:39:06 - [TEST_STEP][PASSED] - callTestCase(findTestCase("PC Browser Tests/PC Tests/Web Login Tests/User should login successfully using encrypted password"), [:], STOP_ON_FAILURE): Call Test Case 'Test Cases/PC Browser Tests/PC Tests/Web Login Tests/User should login successfully using encrypted password' successfully

2020-08-11 10:39:06 - [TEST_CASE][PASSED] - Test Cases/PC Browser Tests/PC Tests/Web Login Tests/User should login successfully using encrypted password: Test Cases/PC Browser Tests/PC Tests/Web Login Tests/User should login successfully using encrypted password

2020-08-11 10:39:06 - [TEST_STEP][PASSED] - callTestCase(findTestCase("PC Browser Tests/PC Pages/Web Login/Login page is loaded successfully"), [:], STOP_ON_FAILURE): Call Test Case 'Test Cases/PC Browser Tests/PC Pages/Web Login/Login page is loaded successfully' successfully

2020-08-11 10:39:06 - [TEST_CASE][PASSED] - Test Cases/PC Browser Tests/PC Pages/Web Login/Login page is loaded successfully: Test Cases/PC Browser Tests/PC Pages/Web Login/Login page is loaded successfully

2020-08-11 10:39:06 - [TEST_STEP][PASSED] - openBrowser(""): Browser is opened with url: ''

2020-08-11 10:39:07 - [MESSAGE][INFO] - Starting 'Firefox' driver

2020-08-11 10:39:07 - [MESSAGE][INFO] - Action delay is set to 0 milliseconds

2020-08-11 10:39:10 - [MESSAGE][PASSED] - Browser is opened with url: ''

2020-08-11 10:39:10 - [TEST_STEP][PASSED] - navigateToUrl("https://login.procore.com/"): Navigate to 'https://login.procore.com/' successfully

2020-08-11 10:39:16 - [MESSAGE][PASSED] - Navigate to 'https://login.procore.com/' successfully

2020-08-11 10:39:16 - [TEST_STEP][PASSED] - waitForElementVisible(findTestObject("Object Repository/web ui/Test Objects/Pages/Login Page/Page_Procore Log In/h1_Log in to your account"), element_timeout): Object 'Object Repository/web ui/Test Objects/Pages/Login Page/Page_Procore Log In/h1_Log in to your account' is visible

2020-08-11 10:39:16 - [MESSAGE][PASSED] - Object 'Object Repository/web ui/Test Objects/Pages/Login Page/Page_Procore Log In/h1_Log in to your account' is visible

2020-08-11 10:39:16 - [TEST_STEP][PASSED] - verifyTextPresent("Log in to your account", false): Text 'Log in to your account' is present on page 

2020-08-11 10:39:17 - [MESSAGE][PASSED] - Text 'Log in to your account' is present on page 

2020-08-11 10:39:17 - [MESSAGE][INFO] - =================== Smart XPath Report =======================

2020-08-11 10:39:17 - [MESSAGE][INFO] - Refer to the link below to preview and approve auto healing on broken test objects.

2020-08-11 10:39:17 - [MESSAGE][INFO] - https://docs.katalon.com/katalon-studio/docs/auto-healing-smart-xpath.html

2020-08-11 10:39:17 - [MESSAGE][INFO] - ===============================================================

2020-08-11 10:39:17 - [MESSAGE][PASSED] - Call Test Case 'Test Cases/PC Browser Tests/PC Pages/Web Login/Login page is loaded successfully' successfully

2020-08-11 10:39:17 - [TEST_STEP][PASSED] - callTestCase(findTestCase("PC Browser Tests/PC Pages/Web Login/Login with valid username and encrypted password"), ["username":username, "encryptedPassword":encrypted_password], STOP_ON_FAILURE): Call Test Case 'Test Cases/PC Browser Tests/PC Pages/Web Login/Login with valid username and encrypted password' successfully

2020-08-11 10:39:17 - [TEST_CASE][PASSED] - Test Cases/PC Browser Tests/PC Pages/Web Login/Login with valid username and encrypted password: Test Cases/PC Browser Tests/PC Pages/Web Login/Login with valid username and encrypted password

2020-08-11 10:39:17 - [TEST_STEP][PASSED] - setText(findTestObject("Object Repository/web ui/Test Objects/Pages/Login Page/Page_Procore Log In/input_Email_sessionemail"), "admin@procore.com"): Text 'admin@procore.com' is set on object 'Object Repository/web ui/Test Objects/Pages/Login Page/Page_Procore Log In/input_Email_sessionemail'

2020-08-11 10:39:17 - [MESSAGE][PASSED] - Text 'admin@procore.com' is set on object 'Object Repository/web ui/Test Objects/Pages/Login Page/Page_Procore Log In/input_Email_sessionemail'

2020-08-11 10:39:17 - [TEST_STEP][PASSED] - setEncryptedText(findTestObject("Object Repository/web ui/Test Objects/Pages/Login Page/Page_Procore Log In/input_Password_sessionpassword"), encryptedPassword): Text ****** has been set on object 'Object Repository/web ui/Test Objects/Pages/Login Page/Page_Procore Log In/input_Password_sessionpassword'

2020-08-11 10:39:18 - [MESSAGE][PASSED] - Text ****** has been set on object 'Object Repository/web ui/Test Objects/Pages/Login Page/Page_Procore Log In/input_Password_sessionpassword'

2020-08-11 10:39:18 - [TEST_STEP][PASSED] - click(findTestObject("Object Repository/web ui/Test Objects/Pages/Login Page/Page_Procore Log In/button_Log In")): Object: 'Object Repository/web ui/Test Objects/Pages/Login Page/Page_Procore Log In/button_Log In' is clicked on

2020-08-11 10:39:23 - [MESSAGE][PASSED] - Object: 'Object Repository/web ui/Test Objects/Pages/Login Page/Page_Procore Log In/button_Log In' is clicked on

2020-08-11 10:39:23 - [MESSAGE][INFO] - =================== Smart XPath Report =======================

2020-08-11 10:39:23 - [MESSAGE][INFO] - Refer to the link below to preview and approve auto healing on broken test objects.

2020-08-11 10:39:23 - [MESSAGE][INFO] - https://docs.katalon.com/katalon-studio/docs/auto-healing-smart-xpath.html

2020-08-11 10:39:23 - [MESSAGE][INFO] - ===============================================================

2020-08-11 10:39:23 - [MESSAGE][PASSED] - Call Test Case 'Test Cases/PC Browser Tests/PC Pages/Web Login/Login with valid username and encrypted password' successfully

2020-08-11 10:39:23 - [TEST_STEP][PASSED] - callTestCase(findTestCase("PC Browser Tests/PC Pages/Select Company Page/The Company Selector Page loaded successfully"), [:], STOP_ON_FAILURE): Call Test Case 'Test Cases/PC Browser Tests/PC Pages/Select Company Page/The Company Selector Page loaded successfully' successfully

2020-08-11 10:39:23 - [TEST_CASE][PASSED] - Test Cases/PC Browser Tests/PC Pages/Select Company Page/The Company Selector Page loaded successfully: Test Cases/PC Browser Tests/PC Pages/Select Company Page/The Company Selector Page loaded successfully

2020-08-11 10:39:23 - [TEST_STEP][PASSED] - waitForElementVisible(findTestObject("web ui/Test Objects/Pages/Page_Procore Log In/h1_Select a company"), element_timeout): Object 'Object Repository/web ui/Test Objects/Pages/Page_Procore Log In/h1_Select a company' is visible

2020-08-11 10:39:23 - [MESSAGE][PASSED] - Object 'Object Repository/web ui/Test Objects/Pages/Page_Procore Log In/h1_Select a company' is visible

2020-08-11 10:39:23 - [TEST_STEP][PASSED] - verifyElementVisible(findTestObject("web ui/Test Objects/Pages/Page_Procore Log In/img_Select a company_sc-fznZeY gJlwEu")): Object 'Object Repository/web ui/Test Objects/Pages/Page_Procore Log In/img_Select a company_sc-fznZeY gJlwEu' is visible

2020-08-11 10:39:24 - [MESSAGE][PASSED] - Object 'Object Repository/web ui/Test Objects/Pages/Page_Procore Log In/img_Select a company_sc-fznZeY gJlwEu' is visible

2020-08-11 10:39:24 - [TEST_STEP][PASSED] - verifyTextPresent("Select a company", false): Text 'Select a company' is present on page 

2020-08-11 10:39:24 - [MESSAGE][PASSED] - Text 'Select a company' is present on page 

2020-08-11 10:39:24 - [TEST_STEP][PASSED] - verifyElementPresent(findTestObject("web ui/Test Objects/Pages/Page_Procore Log In/div_Select a companyAdriana Mobile Test Com_4023ef"), element_timeout): Object 'Object Repository/web ui/Test Objects/Pages/Page_Procore Log In/div_Select a companyAdriana Mobile Test Com_4023ef' is present

2020-08-11 10:39:24 - [MESSAGE][PASSED] - Object 'Object Repository/web ui/Test Objects/Pages/Page_Procore Log In/div_Select a companyAdriana Mobile Test Com_4023ef' is present

2020-08-11 10:39:24 - [TEST_STEP][PASSED] - verifyElementPresent(findTestObject("web ui/Test Objects/Pages/Page_Procore Log In/div_Procore Field Productivity             _aa58a3"), element_timeout): Object 'Object Repository/web ui/Test Objects/Pages/Page_Procore Log In/div_Procore Field Productivity             _aa58a3' is present

2020-08-11 10:39:24 - [MESSAGE][PASSED] - Object 'Object Repository/web ui/Test Objects/Pages/Page_Procore Log In/div_Procore Field Productivity             _aa58a3' is present

2020-08-11 10:39:24 - [TEST_STEP][PASSED] - verifyElementPresent(findTestObject("web ui/Full Test/Page_Procore Log In/input_Everyone do your best work and get pa_5c9792"), element_timeout): Object 'Object Repository/web ui/Full Test/Page_Procore Log In/input_Everyone do your best work and get pa_5c9792' is present

2020-08-11 10:39:25 - [MESSAGE][PASSED] - Object 'Object Repository/web ui/Full Test/Page_Procore Log In/input_Everyone do your best work and get pa_5c9792' is present

2020-08-11 10:39:25 - [TEST_STEP][PASSED] - verifyElementPresent(findTestObject("web ui/Full Test/Page_Procore Log In/div_Procore Field Productivity             _aa58a3"), element_timeout): Object 'Object Repository/web ui/Full Test/Page_Procore Log In/div_Procore Field Productivity             _aa58a3' is present

2020-08-11 10:39:25 - [MESSAGE][PASSED] - Object 'Object Repository/web ui/Full Test/Page_Procore Log In/div_Procore Field Productivity             _aa58a3' is present

2020-08-11 10:39:25 - [MESSAGE][INFO] - =================== Smart XPath Report =======================

2020-08-11 10:39:25 - [MESSAGE][INFO] - Refer to the link below to preview and approve auto healing on broken test objects.

2020-08-11 10:39:25 - [MESSAGE][INFO] - https://docs.katalon.com/katalon-studio/docs/auto-healing-smart-xpath.html

2020-08-11 10:39:25 - [MESSAGE][INFO] - ===============================================================

2020-08-11 10:39:25 - [MESSAGE][PASSED] - Call Test Case 'Test Cases/PC Browser Tests/PC Pages/Select Company Page/The Company Selector Page loaded successfully' successfully

2020-08-11 10:39:25 - [MESSAGE][INFO] - =================== Smart XPath Report =======================

2020-08-11 10:39:25 - [MESSAGE][INFO] - Refer to the link below to preview and approve auto healing on broken test objects.

2020-08-11 10:39:25 - [MESSAGE][INFO] - https://docs.katalon.com/katalon-studio/docs/auto-healing-smart-xpath.html

2020-08-11 10:39:25 - [MESSAGE][INFO] - ===============================================================

2020-08-11 10:39:25 - [MESSAGE][PASSED] - Call Test Case 'Test Cases/PC Browser Tests/PC Tests/Web Login Tests/User should login successfully using encrypted password' successfully

2020-08-11 10:39:25 - [TEST_STEP][PASSED] - callTestCase(findTestCase("PC Browser Tests/PC Pages/Select Company Page/The Company Selector Page loaded successfully"), [:], STOP_ON_FAILURE): Call Test Case 'Test Cases/PC Browser Tests/PC Pages/Select Company Page/The Company Selector Page loaded successfully' successfully

2020-08-11 10:39:25 - [TEST_CASE][PASSED] - Test Cases/PC Browser Tests/PC Pages/Select Company Page/The Company Selector Page loaded successfully: Test Cases/PC Browser Tests/PC Pages/Select Company Page/The Company Selector Page loaded successfully

2020-08-11 10:39:25 - [TEST_STEP][PASSED] - waitForElementVisible(findTestObject("web ui/Test Objects/Pages/Page_Procore Log In/h1_Select a company"), element_timeout): Object 'Object Repository/web ui/Test Objects/Pages/Page_Procore Log In/h1_Select a company' is visible

2020-08-11 10:39:25 - [MESSAGE][PASSED] - Object 'Object Repository/web ui/Test Objects/Pages/Page_Procore Log In/h1_Select a company' is visible

2020-08-11 10:39:25 - [TEST_STEP][PASSED] - verifyElementVisible(findTestObject("web ui/Test Objects/Pages/Page_Procore Log In/img_Select a company_sc-fznZeY gJlwEu")): Object 'Object Repository/web ui/Test Objects/Pages/Page_Procore Log In/img_Select a company_sc-fznZeY gJlwEu' is visible

2020-08-11 10:39:26 - [MESSAGE][PASSED] - Object 'Object Repository/web ui/Test Objects/Pages/Page_Procore Log In/img_Select a company_sc-fznZeY gJlwEu' is visible

2020-08-11 10:39:26 - [TEST_STEP][PASSED] - verifyTextPresent("Select a company", false): Text 'Select a company' is present on page 

2020-08-11 10:39:26 - [MESSAGE][PASSED] - Text 'Select a company' is present on page 

2020-08-11 10:39:26 - [TEST_STEP][PASSED] - verifyElementPresent(findTestObject("web ui/Test Objects/Pages/Page_Procore Log In/div_Select a companyAdriana Mobile Test Com_4023ef"), element_timeout): Object 'Object Repository/web ui/Test Objects/Pages/Page_Procore Log In/div_Select a companyAdriana Mobile Test Com_4023ef' is present

2020-08-11 10:39:26 - [MESSAGE][PASSED] - Object 'Object Repository/web ui/Test Objects/Pages/Page_Procore Log In/div_Select a companyAdriana Mobile Test Com_4023ef' is present

2020-08-11 10:39:26 - [TEST_STEP][PASSED] - verifyElementPresent(findTestObject("web ui/Test Objects/Pages/Page_Procore Log In/div_Procore Field Productivity             _aa58a3"), element_timeout): Object 'Object Repository/web ui/Test Objects/Pages/Page_Procore Log In/div_Procore Field Productivity             _aa58a3' is present

2020-08-11 10:39:26 - [MESSAGE][PASSED] - Object 'Object Repository/web ui/Test Objects/Pages/Page_Procore Log In/div_Procore Field Productivity             _aa58a3' is present

2020-08-11 10:39:26 - [TEST_STEP][PASSED] - verifyElementPresent(findTestObject("web ui/Full Test/Page_Procore Log In/input_Everyone do your best work and get pa_5c9792"), element_timeout): Object 'Object Repository/web ui/Full Test/Page_Procore Log In/input_Everyone do your best work and get pa_5c9792' is present

2020-08-11 10:39:27 - [MESSAGE][PASSED] - Object 'Object Repository/web ui/Full Test/Page_Procore Log In/input_Everyone do your best work and get pa_5c9792' is present

2020-08-11 10:39:27 - [TEST_STEP][PASSED] - verifyElementPresent(findTestObject("web ui/Full Test/Page_Procore Log In/div_Procore Field Productivity             _aa58a3"), element_timeout): Object 'Object Repository/web ui/Full Test/Page_Procore Log In/div_Procore Field Productivity             _aa58a3' is present

2020-08-11 10:39:27 - [MESSAGE][PASSED] - Object 'Object Repository/web ui/Full Test/Page_Procore Log In/div_Procore Field Productivity             _aa58a3' is present

2020-08-11 10:39:27 - [MESSAGE][INFO] - =================== Smart XPath Report =======================

2020-08-11 10:39:27 - [MESSAGE][INFO] - Refer to the link below to preview and approve auto healing on broken test objects.

2020-08-11 10:39:27 - [MESSAGE][INFO] - https://docs.katalon.com/katalon-studio/docs/auto-healing-smart-xpath.html

2020-08-11 10:39:27 - [MESSAGE][INFO] - ===============================================================

2020-08-11 10:39:27 - [MESSAGE][PASSED] - Call Test Case 'Test Cases/PC Browser Tests/PC Pages/Select Company Page/The Company Selector Page loaded successfully' successfully

2020-08-11 10:39:27 - [TEST_STEP][PASSED] - callTestCase(findTestCase("PC Browser Tests/PC Pages/Select Company Page/Select a Company and change company works as expected"), [:], STOP_ON_FAILURE): Call Test Case 'Test Cases/PC Browser Tests/PC Pages/Select Company Page/Select a Company and change company works as expected' successfully

2020-08-11 10:39:27 - [TEST_CASE][PASSED] - Test Cases/PC Browser Tests/PC Pages/Select Company Page/Select a Company and change company works as expected: Test Cases/PC Browser Tests/PC Pages/Select Company Page/Select a Company and change company works as expected

2020-08-11 10:39:27 - [TEST_STEP][PASSED] - click(findTestObject("web ui/Full Test/Page_Procore Log In/span_STF Construction")): Object: 'Object Repository/web ui/Full Test/Page_Procore Log In/span_STF Construction' is clicked on

2020-08-11 10:39:32 - [MESSAGE][PASSED] - Object: 'Object Repository/web ui/Full Test/Page_Procore Log In/span_STF Construction' is clicked on

2020-08-11 10:39:32 - [TEST_STEP][PASSED] - click(findTestObject("web ui/Full Test/Page_Portfolio  STF Construction/a_STF Construction_LogoContainer-iPQNsa UuURl")): Object: 'Object Repository/web ui/Full Test/Page_Portfolio  STF Construction/a_STF Construction_LogoContainer-iPQNsa UuURl' is clicked on

2020-08-11 10:39:35 - [MESSAGE][PASSED] - Object: 'Object Repository/web ui/Full Test/Page_Portfolio  STF Construction/a_STF Construction_LogoContainer-iPQNsa UuURl' is clicked on

2020-08-11 10:39:35 - [TEST_STEP][PASSED] - click(findTestObject("web ui/Full Test/Page_Portfolio  STF Construction/svg_Select a Project_CaretSVG-bHHlHZ ihpZOM")): Object: 'Object Repository/web ui/Full Test/Page_Portfolio  STF Construction/svg_Select a Project_CaretSVG-bHHlHZ ihpZOM' is clicked on

2020-08-11 10:39:36 - [MESSAGE][PASSED] - Object: 'Object Repository/web ui/Full Test/Page_Portfolio  STF Construction/svg_Select a Project_CaretSVG-bHHlHZ ihpZOM' is clicked on

2020-08-11 10:39:36 - [TEST_STEP][PASSED] - click(findTestObject("web ui/Full Test/Page_Portfolio  STF Construction/a_Change")): Object: 'Object Repository/web ui/Full Test/Page_Portfolio  STF Construction/a_Change' is clicked on

2020-08-11 10:39:37 - [MESSAGE][PASSED] - Object: 'Object Repository/web ui/Full Test/Page_Portfolio  STF Construction/a_Change' is clicked on

2020-08-11 10:39:37 - [TEST_STEP][PASSED] - click(findTestObject("web ui/Full Test/Page_Portfolio  STF Construction/span_On-Boarding Account")): Object: 'Object Repository/web ui/Full Test/Page_Portfolio  STF Construction/span_On-Boarding Account' is clicked on

2020-08-11 10:39:42 - [MESSAGE][PASSED] - Object: 'Object Repository/web ui/Full Test/Page_Portfolio  STF Construction/span_On-Boarding Account' is clicked on

2020-08-11 10:39:42 - [TEST_STEP][PASSED] - click(findTestObject("web ui/Full Test/Page_Portfolio  On-Boarding Account/div_Company ToolsPortfolio")): Object: 'Object Repository/web ui/Full Test/Page_Portfolio  On-Boarding Account/div_Company ToolsPortfolio' is clicked on

2020-08-11 10:39:45 - [MESSAGE][PASSED] - Object: 'Object Repository/web ui/Full Test/Page_Portfolio  On-Boarding Account/div_Company ToolsPortfolio' is clicked on

2020-08-11 10:39:45 - [TEST_STEP][PASSED] - click(findTestObject("web ui/Full Test/Page_Portfolio  On-Boarding Account/a_Portfolio")): Object: 'Object Repository/web ui/Full Test/Page_Portfolio  On-Boarding Account/a_Portfolio' is clicked on

2020-08-11 10:39:47 - [MESSAGE][PASSED] - Object: 'Object Repository/web ui/Full Test/Page_Portfolio  On-Boarding Account/a_Portfolio' is clicked on

2020-08-11 10:39:47 - [TEST_STEP][PASSED] - click(findTestObject("web ui/Full Test/Page_Portfolio  On-Boarding Account/div_On-Boarding AccountSelect a Project")): Object: 'Object Repository/web ui/Full Test/Page_Portfolio  On-Boarding Account/div_On-Boarding AccountSelect a Project' is clicked on

2020-08-11 10:39:48 - [MESSAGE][PASSED] - Object: 'Object Repository/web ui/Full Test/Page_Portfolio  On-Boarding Account/div_On-Boarding AccountSelect a Project' is clicked on

2020-08-11 10:39:48 - [TEST_STEP][PASSED] - click(findTestObject("web ui/Full Test/Page_Portfolio  On-Boarding Account/a_Change")): Object: 'Object Repository/web ui/Full Test/Page_Portfolio  On-Boarding Account/a_Change' is clicked on

2020-08-11 10:39:48 - [MESSAGE][PASSED] - Object: 'Object Repository/web ui/Full Test/Page_Portfolio  On-Boarding Account/a_Change' is clicked on

2020-08-11 10:39:48 - [TEST_STEP][PASSED] - click(findTestObject("web ui/Full Test/Page_Portfolio  On-Boarding Account/span_STF Construction")): Object: 'Object Repository/web ui/Full Test/Page_Portfolio  On-Boarding Account/span_STF Construction' is clicked on

2020-08-11 10:39:53 - [MESSAGE][PASSED] - Object: 'Object Repository/web ui/Full Test/Page_Portfolio  On-Boarding Account/span_STF Construction' is clicked on

2020-08-11 10:39:53 - [MESSAGE][INFO] - =================== Smart XPath Report =======================

2020-08-11 10:39:53 - [MESSAGE][INFO] - Refer to the link below to preview and approve auto healing on broken test objects.

2020-08-11 10:39:53 - [MESSAGE][INFO] - https://docs.katalon.com/katalon-studio/docs/auto-healing-smart-xpath.html

2020-08-11 10:39:53 - [MESSAGE][INFO] - ===============================================================

2020-08-11 10:39:53 - [MESSAGE][PASSED] - Call Test Case 'Test Cases/PC Browser Tests/PC Pages/Select Company Page/Select a Company and change company works as expected' successfully

2020-08-11 10:39:53 - [TEST_STEP][FAILED] - callTestCase(findTestCase("PC Browser Tests/PC Pages/Basic Logged-In Functionality/Basic Logged In Functionality"), [:], STOP_ON_FAILURE): Unable to call Test Case 'Test Cases/PC Browser Tests/PC Pages/Basic Logged-In Functionality/Basic Logged In Functionality' (Root cause: com.kms.katalon.core.exception.StepFailedException: Call Test Case 'Test Cases/PC Browser Tests/PC Pages/Basic Logged-In Functionality/Basic Logged In Functionality' failed
	at com.kms.katalon.core.keyword.builtin.CallTestCaseKeyword$_callTestCase_closure1.doCall(CallTestCaseKeyword.groovy:63)
	at com.kms.katalon.core.keyword.builtin.CallTestCaseKeyword$_callTestCase_closure1.call(CallTestCaseKeyword.groovy)
	at com.kms.katalon.core.keyword.internal.KeywordMain.runKeyword(KeywordMain.groovy:68)
	at com.kms.katalon.core.keyword.builtin.CallTestCaseKeyword.callTestCase(CallTestCaseKeyword.groovy:81)
	at com.kms.katalon.core.keyword.builtin.CallTestCaseKeyword.execute(CallTestCaseKeyword.groovy:44)
	at com.kms.katalon.core.keyword.internal.KeywordExecutor.executeKeywordForPlatform(KeywordExecutor.groovy:72)
	at com.kms.katalon.core.keyword.BuiltinKeywords.callTestCase(BuiltinKeywords.groovy:334)
	at Basic Logged-In Functionality Tests.run(Basic Logged-In Functionality Tests:27)
	at com.kms.katalon.core.main.ScriptEngine.run(ScriptEngine.java:194)
	at com.kms.katalon.core.main.ScriptEngine.runScriptAsRawText(ScriptEngine.java:119)
	at com.kms.katalon.core.main.TestCaseExecutor.runScript(TestCaseExecutor.java:337)
	at com.kms.katalon.core.main.TestCaseExecutor.doExecute(TestCaseExecutor.java:328)
	at com.kms.katalon.core.main.TestCaseExecutor.processExecutionPhase(TestCaseExecutor.java:307)
	at com.kms.katalon.core.main.TestCaseExecutor.accessMainPhase(TestCaseExecutor.java:299)
	at com.kms.katalon.core.main.TestCaseExecutor.execute(TestCaseExecutor.java:233)
	at com.kms.katalon.core.main.TestSuiteExecutor.accessTestCaseMainPhase(TestSuiteExecutor.java:169)
	at com.kms.katalon.core.main.TestSuiteExecutor.accessTestSuiteMainPhase(TestSuiteExecutor.java:142)
	at com.kms.katalon.core.main.TestSuiteExecutor.execute(TestSuiteExecutor.java:91)
	at com.kms.katalon.core.main.TestCaseMain.startTestSuite(TestCaseMain.java:157)
	at com.kms.katalon.core.main.TestCaseMain$startTestSuite$0.call(Unknown Source)
	at TempTestSuite1597160341484.run(TempTestSuite1597160341484.groovy:37)
Caused by: com.kms.katalon.core.exception.StepFailedException: Unable to click on object 'Object Repository/Full Test/Page_Portfolio  STF Construction/a_Directory'
	at com.kms.katalon.core.webui.keyword.internal.WebUIKeywordMain.stepFailed(WebUIKeywordMain.groovy:64)
	at com.kms.katalon.core.webui.keyword.internal.WebUIKeywordMain.runKeyword(WebUIKeywordMain.groovy:26)
	at com.kms.katalon.core.webui.keyword.builtin.ClickKeyword.click(ClickKeyword.groovy:76)
	at com.kms.katalon.core.webui.keyword.builtin.ClickKeyword.execute(ClickKeyword.groovy:43)
	at com.kms.katalon.core.keyword.internal.KeywordExecutor.executeKeywordForPlatform(KeywordExecutor.groovy:72)
	at com.kms.katalon.core.webui.keyword.WebUiBuiltInKeywords.click(WebUiBuiltInKeywords.groovy:616)
	at com.kms.katalon.core.webui.keyword.WebUiBuiltInKeywords$click$5.call(Unknown Source)
	at Basic Logged In Functionality.run(Basic Logged In Functionality:45)
	at com.kms.katalon.core.main.ScriptEngine.run(ScriptEngine.java:194)
	at com.kms.katalon.core.main.ScriptEngine.runScriptAsRawText(ScriptEngine.java:119)
	at com.kms.katalon.core.main.TestCaseExecutor.runScript(TestCaseExecutor.java:337)
	at com.kms.katalon.core.main.TestCaseExecutor.doExecute(TestCaseExecutor.java:328)
	at com.kms.katalon.core.main.TestCaseExecutor.processExecutionPhase(TestCaseExecutor.java:307)
	at com.kms.katalon.core.main.TestCaseExecutor.accessMainPhase(TestCaseExecutor.java:299)
	at com.kms.katalon.core.main.TestCaseExecutor.execute(TestCaseExecutor.java:233)
	at com.kms.katalon.core.main.TestCaseMain.runTestCase(TestCaseMain.java:114)
	at com.kms.katalon.core.keyword.builtin.CallTestCaseKeyword$_callTestCase_closure1.doCall(CallTestCaseKeyword.groovy:59)
	... 20 more
Caused by: org.openqa.selenium.ElementNotInteractableException: Element <a class="unlink_on_click" href="/10428/company/home/executive_dashboard"> could not be scrolled into view
Build info: version: '3.141.59', revision: 'e82be7d358', time: '2018-11-14T08:25:53'
System info: host: 'csmall-MBP', ip: 'fe80:0:0:0:1060:a59e:217d:f86e%en0', os.name: 'Mac OS X', os.arch: 'x86_64', os.version: '10.15.6', java.version: '1.8.0_181'
Driver info: com.kms.katalon.core.webui.driver.firefox.CGeckoDriver
Capabilities {acceptInsecureCerts: true, browserName: firefox, browserVersion: 78.0.1, javascriptEnabled: true, moz:accessibilityChecks: false, moz:buildID: 20200630195452, moz:geckodriverVersion: 0.23.0, moz:headless: false, moz:processID: 2576, moz:profile: /var/folders/7w/4sgm67v1565..., moz:shutdownTimeout: 60000, moz:useNonSpecCompliantPointerOrigin: false, moz:webdriverClick: true, pageLoadStrategy: normal, platform: MAC, platformName: MAC, platformVersion: 19.6.0, proxy: Proxy(direct), rotatable: false, setWindowRect: true, strictFileInteractability: false, timeouts: {implicit: 0, pageLoad: 300000, script: 30000}, unhandledPromptBehavior: dismiss and notify}
Session ID: 194ecd39-b264-cc49-a06f-82b0a9ed95e8
	at org.openqa.selenium.remote.http.W3CHttpResponseCodec.createException(W3CHttpResponseCodec.java:187)
	at org.openqa.selenium.remote.http.W3CHttpResponseCodec.decode(W3CHttpResponseCodec.java:122)
	at org.openqa.selenium.remote.http.W3CHttpResponseCodec.decode(W3CHttpResponseCodec.java:49)
	at org.openqa.selenium.remote.HttpCommandExecutor.execute(HttpCommandExecutor.java:158)
	at org.openqa.selenium.remote.service.DriverCommandExecutor.execute(DriverCommandExecutor.java:83)
	at org.openqa.selenium.remote.RemoteWebDriver.execute(RemoteWebDriver.java:552)
	at com.kms.katalon.selenium.driver.CFirefoxDriver.execute(CFirefoxDriver.java:27)
	at org.openqa.selenium.remote.RemoteWebElement.execute(RemoteWebElement.java:285)
	at org.openqa.selenium.remote.RemoteWebElement.click(RemoteWebElement.java:84)
	at org.openqa.selenium.support.events.EventFiringWebDriver$EventFiringWebElement.lambda$new$0(EventFiringWebDriver.java:404)
	at com.sun.proxy.$Proxy11.click(Unknown Source)
	at org.openqa.selenium.support.events.EventFiringWebDriver$EventFiringWebElement.click(EventFiringWebDriver.java:417)
	at com.kms.katalon.core.webui.keyword.builtin.ClickKeyword$_click_closure1.doCall(ClickKeyword.groovy:69)
	at com.kms.katalon.core.webui.keyword.builtin.ClickKeyword$_click_closure1.call(ClickKeyword.groovy)
	at com.kms.katalon.core.webui.keyword.internal.WebUIKeywordMain.runKeyword(WebUIKeywordMain.groovy:20)
	... 35 more
)

2020-08-11 10:39:53 - [TEST_CASE][FAILED] - Test Cases/PC Browser Tests/PC Pages/Basic Logged-In Functionality/Basic Logged In Functionality: Test Cases/PC Browser Tests/PC Pages/Basic Logged-In Functionality/Basic Logged In Functionality FAILED.
Reason:
com.kms.katalon.core.exception.StepFailedException: Unable to click on object 'Object Repository/Full Test/Page_Portfolio  STF Construction/a_Directory'
	at com.kms.katalon.core.webui.keyword.internal.WebUIKeywordMain.stepFailed(WebUIKeywordMain.groovy:64)
	at com.kms.katalon.core.webui.keyword.internal.WebUIKeywordMain.runKeyword(WebUIKeywordMain.groovy:26)
	at com.kms.katalon.core.webui.keyword.builtin.ClickKeyword.click(ClickKeyword.groovy:76)
	at com.kms.katalon.core.webui.keyword.builtin.ClickKeyword.execute(ClickKeyword.groovy:43)
	at com.kms.katalon.core.keyword.internal.KeywordExecutor.executeKeywordForPlatform(KeywordExecutor.groovy:72)
	at com.kms.katalon.core.webui.keyword.WebUiBuiltInKeywords.click(WebUiBuiltInKeywords.groovy:616)
	at com.kms.katalon.core.webui.keyword.WebUiBuiltInKeywords$click$5.call(Unknown Source)
	at Basic Logged In Functionality.run(Basic Logged In Functionality:45)
	at com.kms.katalon.core.main.ScriptEngine.run(ScriptEngine.java:194)
	at com.kms.katalon.core.main.ScriptEngine.runScriptAsRawText(ScriptEngine.java:119)
	at com.kms.katalon.core.main.TestCaseExecutor.runScript(TestCaseExecutor.java:337)
	at com.kms.katalon.core.main.TestCaseExecutor.doExecute(TestCaseExecutor.java:328)
	at com.kms.katalon.core.main.TestCaseExecutor.processExecutionPhase(TestCaseExecutor.java:307)
	at com.kms.katalon.core.main.TestCaseExecutor.accessMainPhase(TestCaseExecutor.java:299)
	at com.kms.katalon.core.main.TestCaseExecutor.execute(TestCaseExecutor.java:233)
	at com.kms.katalon.core.main.TestCaseMain.runTestCase(TestCaseMain.java:114)
	at com.kms.katalon.core.keyword.builtin.CallTestCaseKeyword$_callTestCase_closure1.doCall(CallTestCaseKeyword.groovy:59)
	at com.kms.katalon.core.keyword.builtin.CallTestCaseKeyword$_callTestCase_closure1.call(CallTestCaseKeyword.groovy)
	at com.kms.katalon.core.keyword.internal.KeywordMain.runKeyword(KeywordMain.groovy:68)
	at com.kms.katalon.core.keyword.builtin.CallTestCaseKeyword.callTestCase(CallTestCaseKeyword.groovy:81)
	at com.kms.katalon.core.keyword.builtin.CallTestCaseKeyword.execute(CallTestCaseKeyword.groovy:44)
	at com.kms.katalon.core.keyword.internal.KeywordExecutor.executeKeywordForPlatform(KeywordExecutor.groovy:72)
	at com.kms.katalon.core.keyword.BuiltinKeywords.callTestCase(BuiltinKeywords.groovy:334)
	at Basic Logged-In Functionality Tests.run(Basic Logged-In Functionality Tests:27)
	at com.kms.katalon.core.main.ScriptEngine.run(ScriptEngine.java:194)
	at com.kms.katalon.core.main.ScriptEngine.runScriptAsRawText(ScriptEngine.java:119)
	at com.kms.katalon.core.main.TestCaseExecutor.runScript(TestCaseExecutor.java:337)
	at com.kms.katalon.core.main.TestCaseExecutor.doExecute(TestCaseExecutor.java:328)
	at com.kms.katalon.core.main.TestCaseExecutor.processExecutionPhase(TestCaseExecutor.java:307)
	at com.kms.katalon.core.main.TestCaseExecutor.accessMainPhase(TestCaseExecutor.java:299)
	at com.kms.katalon.core.main.TestCaseExecutor.execute(TestCaseExecutor.java:233)
	at com.kms.katalon.core.main.TestSuiteExecutor.accessTestCaseMainPhase(TestSuiteExecutor.java:169)
	at com.kms.katalon.core.main.TestSuiteExecutor.accessTestSuiteMainPhase(TestSuiteExecutor.java:142)
	at com.kms.katalon.core.main.TestSuiteExecutor.execute(TestSuiteExecutor.java:91)
	at com.kms.katalon.core.main.TestCaseMain.startTestSuite(TestCaseMain.java:157)
	at com.kms.katalon.core.main.TestCaseMain$startTestSuite$0.call(Unknown Source)
	at TempTestSuite1597160341484.run(TempTestSuite1597160341484.groovy:37)
Caused by: org.openqa.selenium.ElementNotInteractableException: Element <a class="unlink_on_click" href="/10428/company/home/executive_dashboard"> could not be scrolled into view
Build info: version: '3.141.59', revision: 'e82be7d358', time: '2018-11-14T08:25:53'
System info: host: 'csmall-MBP', ip: 'fe80:0:0:0:1060:a59e:217d:f86e%en0', os.name: 'Mac OS X', os.arch: 'x86_64', os.version: '10.15.6', java.version: '1.8.0_181'
Driver info: com.kms.katalon.core.webui.driver.firefox.CGeckoDriver
Capabilities {acceptInsecureCerts: true, browserName: firefox, browserVersion: 78.0.1, javascriptEnabled: true, moz:accessibilityChecks: false, moz:buildID: 20200630195452, moz:geckodriverVersion: 0.23.0, moz:headless: false, moz:processID: 2576, moz:profile: /var/folders/7w/4sgm67v1565..., moz:shutdownTimeout: 60000, moz:useNonSpecCompliantPointerOrigin: false, moz:webdriverClick: true, pageLoadStrategy: normal, platform: MAC, platformName: MAC, platformVersion: 19.6.0, proxy: Proxy(direct), rotatable: false, setWindowRect: true, strictFileInteractability: false, timeouts: {implicit: 0, pageLoad: 300000, script: 30000}, unhandledPromptBehavior: dismiss and notify}
Session ID: 194ecd39-b264-cc49-a06f-82b0a9ed95e8
	at org.openqa.selenium.remote.http.W3CHttpResponseCodec.createException(W3CHttpResponseCodec.java:187)
	at org.openqa.selenium.remote.http.W3CHttpResponseCodec.decode(W3CHttpResponseCodec.java:122)
	at org.openqa.selenium.remote.http.W3CHttpResponseCodec.decode(W3CHttpResponseCodec.java:49)
	at org.openqa.selenium.remote.HttpCommandExecutor.execute(HttpCommandExecutor.java:158)
	at org.openqa.selenium.remote.service.DriverCommandExecutor.execute(DriverCommandExecutor.java:83)
	at org.openqa.selenium.remote.RemoteWebDriver.execute(RemoteWebDriver.java:552)
	at com.kms.katalon.selenium.driver.CFirefoxDriver.execute(CFirefoxDriver.java:27)
	at org.openqa.selenium.remote.RemoteWebElement.execute(RemoteWebElement.java:285)
	at org.openqa.selenium.remote.RemoteWebElement.click(RemoteWebElement.java:84)
	at org.openqa.selenium.support.events.EventFiringWebDriver$EventFiringWebElement.lambda$new$0(EventFiringWebDriver.java:404)
	at com.sun.proxy.$Proxy11.click(Unknown Source)
	at org.openqa.selenium.support.events.EventFiringWebDriver$EventFiringWebElement.click(EventFiringWebDriver.java:417)
	at com.kms.katalon.core.webui.keyword.builtin.ClickKeyword$_click_closure1.doCall(ClickKeyword.groovy:69)
	at com.kms.katalon.core.webui.keyword.builtin.ClickKeyword$_click_closure1.call(ClickKeyword.groovy)
	at com.kms.katalon.core.webui.keyword.internal.WebUIKeywordMain.runKeyword(WebUIKeywordMain.groovy:20)
	... 35 more


2020-08-11 10:39:53 - [TEST_STEP][PASSED] - click(findTestObject("Object Repository/Full Test/Page_Portfolio  STF Construction/div_Executive Dashboard")): Object: 'Object Repository/Full Test/Page_Portfolio  STF Construction/div_Executive Dashboard' is clicked on

2020-08-11 10:39:56 - [MESSAGE][PASSED] - Object: 'Object Repository/Full Test/Page_Portfolio  STF Construction/div_Executive Dashboard' is clicked on

2020-08-11 10:39:56 - [TEST_STEP][PASSED] - click(findTestObject("Object Repository/Full Test/Page_Dashboards  STF Construction/span_Add Filter_rw-select rw-btn")): Object: 'Object Repository/Full Test/Page_Dashboards  STF Construction/span_Add Filter_rw-select rw-btn' is clicked on

2020-08-11 10:39:59 - [MESSAGE][PASSED] - Object: 'Object Repository/Full Test/Page_Dashboards  STF Construction/span_Add Filter_rw-select rw-btn' is clicked on

2020-08-11 10:39:59 - [TEST_STEP][PASSED] - click(findTestObject("Object Repository/Full Test/Page_Dashboards  STF Construction/span_Project Number")): Object: 'Object Repository/Full Test/Page_Dashboards  STF Construction/span_Project Number' is clicked on

2020-08-11 10:39:59 - [MESSAGE][PASSED] - Object: 'Object Repository/Full Test/Page_Dashboards  STF Construction/span_Project Number' is clicked on

2020-08-11 10:39:59 - [TEST_STEP][PASSED] - click(findTestObject("Object Repository/Full Test/Page_Dashboards  STF Construction/input_(Blank)_filter-checkbox-input")): Object: 'Object Repository/Full Test/Page_Dashboards  STF Construction/input_(Blank)_filter-checkbox-input' is clicked on

2020-08-11 10:40:01 - [MESSAGE][PASSED] - Object: 'Object Repository/Full Test/Page_Dashboards  STF Construction/input_(Blank)_filter-checkbox-input' is clicked on

2020-08-11 10:40:01 - [TEST_STEP][PASSED] - click(findTestObject("Object Repository/Full Test/Page_Dashboards  STF Construction/div_Add Filteropen dropdownProject Number00_b88477")): Object: 'Object Repository/Full Test/Page_Dashboards  STF Construction/div_Add Filteropen dropdownProject Number00_b88477' is clicked on

2020-08-11 10:40:02 - [MESSAGE][PASSED] - Object: 'Object Repository/Full Test/Page_Dashboards  STF Construction/div_Add Filteropen dropdownProject Number00_b88477' is clicked on

2020-08-11 10:40:02 - [TEST_STEP][PASSED] - click(findTestObject("Object Repository/Full Test/Page_Dashboards  STF Construction/svg_Reports_CaretSVG-bHHlHZ ihpZOM")): Object: 'Object Repository/Full Test/Page_Dashboards  STF Construction/svg_Reports_CaretSVG-bHHlHZ ihpZOM' is clicked on

2020-08-11 10:40:32 - [MESSAGE][PASSED] - Object: 'Object Repository/Full Test/Page_Dashboards  STF Construction/svg_Reports_CaretSVG-bHHlHZ ihpZOM' is clicked on

2020-08-11 10:40:32 - [TEST_STEP][PASSED] - click(findTestObject("Object Repository/Full Test/Page_Dashboards  STF Construction/a_Concierge")): Object: 'Object Repository/Full Test/Page_Dashboards  STF Construction/a_Concierge' is clicked on

2020-08-11 10:41:02 - [MESSAGE][PASSED] - Object: 'Object Repository/Full Test/Page_Dashboards  STF Construction/a_Concierge' is clicked on

2020-08-11 10:41:02 - [TEST_STEP][PASSED] - click(findTestObject("Object Repository/Full Test/Page_Portfolio  STF Construction/div_My Open Items")): Object: 'Object Repository/Full Test/Page_Portfolio  STF Construction/div_My Open Items' is clicked on

2020-08-11 10:41:08 - [MESSAGE][PASSED] - Object: 'Object Repository/Full Test/Page_Portfolio  STF Construction/div_My Open Items' is clicked on

2020-08-11 10:41:08 - [TEST_STEP][PASSED] - click(findTestObject("Object Repository/Full Test/Page_Portfolio  STF Construction/i_Financial Views_fa fa-caret-down")): Object: 'Object Repository/Full Test/Page_Portfolio  STF Construction/i_Financial Views_fa fa-caret-down' is clicked on

2020-08-11 10:41:10 - [MESSAGE][PASSED] - Object: 'Object Repository/Full Test/Page_Portfolio  STF Construction/i_Financial Views_fa fa-caret-down' is clicked on

2020-08-11 10:41:10 - [TEST_STEP][PASSED] - click(findTestObject("Object Repository/Full Test/Page_Portfolio  STF Construction/a_Budget Variance")): Object: 'Object Repository/Full Test/Page_Portfolio  STF Construction/a_Budget Variance' is clicked on

2020-08-11 10:41:12 - [MESSAGE][PASSED] - Object: 'Object Repository/Full Test/Page_Portfolio  STF Construction/a_Budget Variance' is clicked on

2020-08-11 10:41:12 - [TEST_STEP][PASSED] - click(findTestObject("Object Repository/Full Test/Page_Portfolio  STF Construction/svg_Portfolio_CaretSVG-bHHlHZ ihpZOM")): Object: 'Object Repository/Full Test/Page_Portfolio  STF Construction/svg_Portfolio_CaretSVG-bHHlHZ ihpZOM' is clicked on

2020-08-11 10:41:13 - [MESSAGE][PASSED] - Object: 'Object Repository/Full Test/Page_Portfolio  STF Construction/svg_Portfolio_CaretSVG-bHHlHZ ihpZOM' is clicked on

2020-08-11 10:41:13 - [TEST_STEP][PASSED] - click(findTestObject("Object Repository/Full Test/Page_Portfolio  STF Construction/a_Portfolio")): Object: 'Object Repository/Full Test/Page_Portfolio  STF Construction/a_Portfolio' is clicked on

2020-08-11 10:41:13 - [MESSAGE][PASSED] - Object: 'Object Repository/Full Test/Page_Portfolio  STF Construction/a_Portfolio' is clicked on

2020-08-11 10:41:13 - [TEST_STEP][PASSED] - click(findTestObject("Object Repository/Full Test/Page_Portfolio  STF Construction/svg_Portfolio_CaretSVG-bHHlHZ ihpZOM")): Object: 'Object Repository/Full Test/Page_Portfolio  STF Construction/svg_Portfolio_CaretSVG-bHHlHZ ihpZOM' is clicked on

2020-08-11 10:41:15 - [MESSAGE][PASSED] - Object: 'Object Repository/Full Test/Page_Portfolio  STF Construction/svg_Portfolio_CaretSVG-bHHlHZ ihpZOM' is clicked on

2020-08-11 10:41:15 - [TEST_STEP][FAILED] - click(findTestObject("Object Repository/Full Test/Page_Portfolio  STF Construction/a_Directory")): Unable to click on object 'Object Repository/Full Test/Page_Portfolio  STF Construction/a_Directory' (Root cause: com.kms.katalon.core.exception.StepFailedException: Unable to click on object 'Object Repository/Full Test/Page_Portfolio  STF Construction/a_Directory'
	at com.kms.katalon.core.webui.keyword.internal.WebUIKeywordMain.stepFailed(WebUIKeywordMain.groovy:64)
	at com.kms.katalon.core.webui.keyword.internal.WebUIKeywordMain.runKeyword(WebUIKeywordMain.groovy:26)
	at com.kms.katalon.core.webui.keyword.builtin.ClickKeyword.click(ClickKeyword.groovy:76)
	at com.kms.katalon.core.webui.keyword.builtin.ClickKeyword.execute(ClickKeyword.groovy:43)
	at com.kms.katalon.core.keyword.internal.KeywordExecutor.executeKeywordForPlatform(KeywordExecutor.groovy:72)
	at com.kms.katalon.core.webui.keyword.WebUiBuiltInKeywords.click(WebUiBuiltInKeywords.groovy:616)
	at com.kms.katalon.core.webui.keyword.WebUiBuiltInKeywords$click$5.call(Unknown Source)
	at Basic Logged In Functionality.run(Basic Logged In Functionality:45)
	at com.kms.katalon.core.main.ScriptEngine.run(ScriptEngine.java:194)
	at com.kms.katalon.core.main.ScriptEngine.runScriptAsRawText(ScriptEngine.java:119)
	at com.kms.katalon.core.main.TestCaseExecutor.runScript(TestCaseExecutor.java:337)
	at com.kms.katalon.core.main.TestCaseExecutor.doExecute(TestCaseExecutor.java:328)
	at com.kms.katalon.core.main.TestCaseExecutor.processExecutionPhase(TestCaseExecutor.java:307)
	at com.kms.katalon.core.main.TestCaseExecutor.accessMainPhase(TestCaseExecutor.java:299)
	at com.kms.katalon.core.main.TestCaseExecutor.execute(TestCaseExecutor.java:233)
	at com.kms.katalon.core.main.TestCaseMain.runTestCase(TestCaseMain.java:114)
	at com.kms.katalon.core.keyword.builtin.CallTestCaseKeyword$_callTestCase_closure1.doCall(CallTestCaseKeyword.groovy:59)
	at com.kms.katalon.core.keyword.builtin.CallTestCaseKeyword$_callTestCase_closure1.call(CallTestCaseKeyword.groovy)
	at com.kms.katalon.core.keyword.internal.KeywordMain.runKeyword(KeywordMain.groovy:68)
	at com.kms.katalon.core.keyword.builtin.CallTestCaseKeyword.callTestCase(CallTestCaseKeyword.groovy:81)
	at com.kms.katalon.core.keyword.builtin.CallTestCaseKeyword.execute(CallTestCaseKeyword.groovy:44)
	at com.kms.katalon.core.keyword.internal.KeywordExecutor.executeKeywordForPlatform(KeywordExecutor.groovy:72)
	at com.kms.katalon.core.keyword.BuiltinKeywords.callTestCase(BuiltinKeywords.groovy:334)
	at Basic Logged-In Functionality Tests.run(Basic Logged-In Functionality Tests:27)
	at com.kms.katalon.core.main.ScriptEngine.run(ScriptEngine.java:194)
	at com.kms.katalon.core.main.ScriptEngine.runScriptAsRawText(ScriptEngine.java:119)
	at com.kms.katalon.core.main.TestCaseExecutor.runScript(TestCaseExecutor.java:337)
	at com.kms.katalon.core.main.TestCaseExecutor.doExecute(TestCaseExecutor.java:328)
	at com.kms.katalon.core.main.TestCaseExecutor.processExecutionPhase(TestCaseExecutor.java:307)
	at com.kms.katalon.core.main.TestCaseExecutor.accessMainPhase(TestCaseExecutor.java:299)
	at com.kms.katalon.core.main.TestCaseExecutor.execute(TestCaseExecutor.java:233)
	at com.kms.katalon.core.main.TestSuiteExecutor.accessTestCaseMainPhase(TestSuiteExecutor.java:169)
	at com.kms.katalon.core.main.TestSuiteExecutor.accessTestSuiteMainPhase(TestSuiteExecutor.java:142)
	at com.kms.katalon.core.main.TestSuiteExecutor.execute(TestSuiteExecutor.java:91)
	at com.kms.katalon.core.main.TestCaseMain.startTestSuite(TestCaseMain.java:157)
	at com.kms.katalon.core.main.TestCaseMain$startTestSuite$0.call(Unknown Source)
	at TempTestSuite1597160341484.run(TempTestSuite1597160341484.groovy:37)
Caused by: org.openqa.selenium.ElementNotInteractableException: Element <a class="unlink_on_click" href="/10428/company/home/executive_dashboard"> could not be scrolled into view
Build info: version: '3.141.59', revision: 'e82be7d358', time: '2018-11-14T08:25:53'
System info: host: 'csmall-MBP', ip: 'fe80:0:0:0:1060:a59e:217d:f86e%en0', os.name: 'Mac OS X', os.arch: 'x86_64', os.version: '10.15.6', java.version: '1.8.0_181'
Driver info: com.kms.katalon.core.webui.driver.firefox.CGeckoDriver
Capabilities {acceptInsecureCerts: true, browserName: firefox, browserVersion: 78.0.1, javascriptEnabled: true, moz:accessibilityChecks: false, moz:buildID: 20200630195452, moz:geckodriverVersion: 0.23.0, moz:headless: false, moz:processID: 2576, moz:profile: /var/folders/7w/4sgm67v1565..., moz:shutdownTimeout: 60000, moz:useNonSpecCompliantPointerOrigin: false, moz:webdriverClick: true, pageLoadStrategy: normal, platform: MAC, platformName: MAC, platformVersion: 19.6.0, proxy: Proxy(direct), rotatable: false, setWindowRect: true, strictFileInteractability: false, timeouts: {implicit: 0, pageLoad: 300000, script: 30000}, unhandledPromptBehavior: dismiss and notify}
Session ID: 194ecd39-b264-cc49-a06f-82b0a9ed95e8
	at org.openqa.selenium.remote.http.W3CHttpResponseCodec.createException(W3CHttpResponseCodec.java:187)
	at org.openqa.selenium.remote.http.W3CHttpResponseCodec.decode(W3CHttpResponseCodec.java:122)
	at org.openqa.selenium.remote.http.W3CHttpResponseCodec.decode(W3CHttpResponseCodec.java:49)
	at org.openqa.selenium.remote.HttpCommandExecutor.execute(HttpCommandExecutor.java:158)
	at org.openqa.selenium.remote.service.DriverCommandExecutor.execute(DriverCommandExecutor.java:83)
	at org.openqa.selenium.remote.RemoteWebDriver.execute(RemoteWebDriver.java:552)
	at com.kms.katalon.selenium.driver.CFirefoxDriver.execute(CFirefoxDriver.java:27)
	at org.openqa.selenium.remote.RemoteWebElement.execute(RemoteWebElement.java:285)
	at org.openqa.selenium.remote.RemoteWebElement.click(RemoteWebElement.java:84)
	at org.openqa.selenium.support.events.EventFiringWebDriver$EventFiringWebElement.lambda$new$0(EventFiringWebDriver.java:404)
	at com.sun.proxy.$Proxy11.click(Unknown Source)
	at org.openqa.selenium.support.events.EventFiringWebDriver$EventFiringWebElement.click(EventFiringWebDriver.java:417)
	at com.kms.katalon.core.webui.keyword.builtin.ClickKeyword$_click_closure1.doCall(ClickKeyword.groovy:69)
	at com.kms.katalon.core.webui.keyword.builtin.ClickKeyword$_click_closure1.call(ClickKeyword.groovy)
	at com.kms.katalon.core.webui.keyword.internal.WebUIKeywordMain.runKeyword(WebUIKeywordMain.groovy:20)
	at com.kms.katalon.core.webui.keyword.builtin.ClickKeyword.click(ClickKeyword.groovy:76)
	at com.kms.katalon.core.webui.keyword.builtin.ClickKeyword.execute(ClickKeyword.groovy:43)
	at com.kms.katalon.core.keyword.internal.KeywordExecutor.executeKeywordForPlatform(KeywordExecutor.groovy:72)
	at com.kms.katalon.core.webui.keyword.WebUiBuiltInKeywords.click(WebUiBuiltInKeywords.groovy:616)
	at com.kms.katalon.core.webui.keyword.WebUiBuiltInKeywords$click$5.call(Unknown Source)
	at Script1597076241331.run(Script1597076241331.groovy:45)
	at com.kms.katalon.core.main.ScriptEngine.run(ScriptEngine.java:194)
	at com.kms.katalon.core.main.ScriptEngine.runScriptAsRawText(ScriptEngine.java:119)
	at com.kms.katalon.core.main.TestCaseExecutor.runScript(TestCaseExecutor.java:337)
	at com.kms.katalon.core.main.TestCaseExecutor.doExecute(TestCaseExecutor.java:328)
	at com.kms.katalon.core.main.TestCaseExecutor.processExecutionPhase(TestCaseExecutor.java:307)
	at com.kms.katalon.core.main.TestCaseExecutor.accessMainPhase(TestCaseExecutor.java:299)
	at com.kms.katalon.core.main.TestCaseExecutor.execute(TestCaseExecutor.java:233)
	at com.kms.katalon.core.main.TestCaseMain.runTestCase(TestCaseMain.java:114)
	at com.kms.katalon.core.keyword.builtin.CallTestCaseKeyword$_callTestCase_closure1.doCall(CallTestCaseKeyword.groovy:59)
	at com.kms.katalon.core.keyword.builtin.CallTestCaseKeyword$_callTestCase_closure1.call(CallTestCaseKeyword.groovy)
	at com.kms.katalon.core.keyword.internal.KeywordMain.runKeyword(KeywordMain.groovy:68)
	at com.kms.katalon.core.keyword.builtin.CallTestCaseKeyword.callTestCase(CallTestCaseKeyword.groovy:81)
	at com.kms.katalon.core.keyword.builtin.CallTestCaseKeyword.execute(CallTestCaseKeyword.groovy:44)
	at com.kms.katalon.core.keyword.internal.KeywordExecutor.executeKeywordForPlatform(KeywordExecutor.groovy:72)
	at com.kms.katalon.core.keyword.BuiltinKeywords.callTestCase(BuiltinKeywords.groovy:334)
	at Script1597076439923.run(Script1597076439923.groovy:27)
	... 13 more
)

2020-08-11 10:41:58 - [MESSAGE][INFO] - Unable to find the element located by 'By.xpath: //span[@id='tool-item-directory']/a'. Please recheck the objects properties to make sure the desired element is located. 

2020-08-11 10:41:58 - [MESSAGE][INFO] - [SMART_XPATH] Auto-trying out other XPath values in the test object.

2020-08-11 10:41:58 - [MESSAGE][INFO] - [SMART_XPATH] FAILED XPATH: '//span[@id='tool-item-directory']/a'.

2020-08-11 10:41:58 - [MESSAGE][INFO] - [SMART_XPATH] FAILED XPATH: '//a[contains(text(),'Directory')]'.

2020-08-11 10:41:59 - [MESSAGE][INFO] - [SMART_XPATH] WORKING XPATH: '(.//*[normalize-space(text()) and normalize-space(.)='Portfolio'])[2]/following::a[1]'.

2020-08-11 10:41:59 - [MESSAGE][INFO] - [SMART_XPATH] Screenshot: /Users/csmall/Procore_AutomationDemo_POC/ProcoreAutomationDemo/Reports/smart_xpath/Object Repository/Full Test/Page_Portfolio  STF Construction/a_Directory_neighbor_0.png

2020-08-11 10:42:00 - [MESSAGE][INFO] - [SMART_XPATH] FAILED XPATH: '(.//*[normalize-space(text()) and normalize-space(.)='Programs'])[1]/following::a[2]'.

2020-08-11 10:42:00 - [MESSAGE][INFO] - [SMART_XPATH] FAILED XPATH: '(.//*[normalize-space(text()) and normalize-space(.)='Reports'])[1]/preceding::a[1]'.

2020-08-11 10:42:00 - [MESSAGE][INFO] - [SMART_XPATH] FAILED XPATH: '(.//*[normalize-space(text()) and normalize-space(.)='Documents'])[1]/preceding::a[2]'.

2020-08-11 10:42:00 - [MESSAGE][INFO] - [SMART_XPATH] FAILED XPATH: '//*/text()[normalize-space(.)='Directory']/parent::*'.

2020-08-11 10:42:00 - [MESSAGE][INFO] - [SMART_XPATH] FAILED XPATH: '//a[contains(@href, '/10428/company/directory')]'.

2020-08-11 10:42:01 - [MESSAGE][INFO] - [SMART_XPATH] FAILED XPATH: '//span[4]/a'.

2020-08-11 10:42:01 - [MESSAGE][ERROR] - [SMART_XPATH] /Users/csmall/Procore_AutomationDemo_POC/ProcoreAutomationDemo/Reports/smart_xpath/waiting-for-approval.json (No such file or directory)

2020-08-11 10:42:01 - [MESSAGE][ERROR] - [SMART_XPATH] /Users/csmall/Procore_AutomationDemo_POC/ProcoreAutomationDemo/Reports/smart_xpath/waiting-for-approval.json does not exist or is provided by Smart XPath Plugin!

2020-08-11 10:42:01 - [MESSAGE][INFO] - [SMART_XPATH] Selected Smart XPath: '(.//*[normalize-space(text()) and normalize-space(.)='Portfolio'])[2]/following::a[1]'.

2020-08-11 10:42:01 - [MESSAGE][INFO] - [SMART_XPATH] Continuing executing the test case!

2020-08-11 10:42:01 - [MESSAGE][FAILED] - Unable to click on object 'Object Repository/Full Test/Page_Portfolio  STF Construction/a_Directory' (Root cause: com.kms.katalon.core.exception.StepFailedException: Unable to click on object 'Object Repository/Full Test/Page_Portfolio  STF Construction/a_Directory'
	at com.kms.katalon.core.webui.keyword.internal.WebUIKeywordMain.stepFailed(WebUIKeywordMain.groovy:64)
	at com.kms.katalon.core.webui.keyword.internal.WebUIKeywordMain.runKeyword(WebUIKeywordMain.groovy:26)
	at com.kms.katalon.core.webui.keyword.builtin.ClickKeyword.click(ClickKeyword.groovy:76)
	at com.kms.katalon.core.webui.keyword.builtin.ClickKeyword.execute(ClickKeyword.groovy:43)
	at com.kms.katalon.core.keyword.internal.KeywordExecutor.executeKeywordForPlatform(KeywordExecutor.groovy:72)
	at com.kms.katalon.core.webui.keyword.WebUiBuiltInKeywords.click(WebUiBuiltInKeywords.groovy:616)
	at com.kms.katalon.core.webui.keyword.WebUiBuiltInKeywords$click$5.call(Unknown Source)
	at Basic Logged In Functionality.run(Basic Logged In Functionality:45)
	at com.kms.katalon.core.main.ScriptEngine.run(ScriptEngine.java:194)
	at com.kms.katalon.core.main.ScriptEngine.runScriptAsRawText(ScriptEngine.java:119)
	at com.kms.katalon.core.main.TestCaseExecutor.runScript(TestCaseExecutor.java:337)
	at com.kms.katalon.core.main.TestCaseExecutor.doExecute(TestCaseExecutor.java:328)
	at com.kms.katalon.core.main.TestCaseExecutor.processExecutionPhase(TestCaseExecutor.java:307)
	at com.kms.katalon.core.main.TestCaseExecutor.accessMainPhase(TestCaseExecutor.java:299)
	at com.kms.katalon.core.main.TestCaseExecutor.execute(TestCaseExecutor.java:233)
	at com.kms.katalon.core.main.TestCaseMain.runTestCase(TestCaseMain.java:114)
	at com.kms.katalon.core.keyword.builtin.CallTestCaseKeyword$_callTestCase_closure1.doCall(CallTestCaseKeyword.groovy:59)
	at com.kms.katalon.core.keyword.builtin.CallTestCaseKeyword$_callTestCase_closure1.call(CallTestCaseKeyword.groovy)
	at com.kms.katalon.core.keyword.internal.KeywordMain.runKeyword(KeywordMain.groovy:68)
	at com.kms.katalon.core.keyword.builtin.CallTestCaseKeyword.callTestCase(CallTestCaseKeyword.groovy:81)
	at com.kms.katalon.core.keyword.builtin.CallTestCaseKeyword.execute(CallTestCaseKeyword.groovy:44)
	at com.kms.katalon.core.keyword.internal.KeywordExecutor.executeKeywordForPlatform(KeywordExecutor.groovy:72)
	at com.kms.katalon.core.keyword.BuiltinKeywords.callTestCase(BuiltinKeywords.groovy:334)
	at Basic Logged-In Functionality Tests.run(Basic Logged-In Functionality Tests:27)
	at com.kms.katalon.core.main.ScriptEngine.run(ScriptEngine.java:194)
	at com.kms.katalon.core.main.ScriptEngine.runScriptAsRawText(ScriptEngine.java:119)
	at com.kms.katalon.core.main.TestCaseExecutor.runScript(TestCaseExecutor.java:337)
	at com.kms.katalon.core.main.TestCaseExecutor.doExecute(TestCaseExecutor.java:328)
	at com.kms.katalon.core.main.TestCaseExecutor.processExecutionPhase(TestCaseExecutor.java:307)
	at com.kms.katalon.core.main.TestCaseExecutor.accessMainPhase(TestCaseExecutor.java:299)
	at com.kms.katalon.core.main.TestCaseExecutor.execute(TestCaseExecutor.java:233)
	at com.kms.katalon.core.main.TestSuiteExecutor.accessTestCaseMainPhase(TestSuiteExecutor.java:169)
	at com.kms.katalon.core.main.TestSuiteExecutor.accessTestSuiteMainPhase(TestSuiteExecutor.java:142)
	at com.kms.katalon.core.main.TestSuiteExecutor.execute(TestSuiteExecutor.java:91)
	at com.kms.katalon.core.main.TestCaseMain.startTestSuite(TestCaseMain.java:157)
	at com.kms.katalon.core.main.TestCaseMain$startTestSuite$0.call(Unknown Source)
	at TempTestSuite1597160341484.run(TempTestSuite1597160341484.groovy:37)
Caused by: org.openqa.selenium.ElementNotInteractableException: Element <a class="unlink_on_click" href="/10428/company/home/executive_dashboard"> could not be scrolled into view
Build info: version: '3.141.59', revision: 'e82be7d358', time: '2018-11-14T08:25:53'
System info: host: 'csmall-MBP', ip: 'fe80:0:0:0:1060:a59e:217d:f86e%en0', os.name: 'Mac OS X', os.arch: 'x86_64', os.version: '10.15.6', java.version: '1.8.0_181'
Driver info: com.kms.katalon.core.webui.driver.firefox.CGeckoDriver
Capabilities {acceptInsecureCerts: true, browserName: firefox, browserVersion: 78.0.1, javascriptEnabled: true, moz:accessibilityChecks: false, moz:buildID: 20200630195452, moz:geckodriverVersion: 0.23.0, moz:headless: false, moz:processID: 2576, moz:profile: /var/folders/7w/4sgm67v1565..., moz:shutdownTimeout: 60000, moz:useNonSpecCompliantPointerOrigin: false, moz:webdriverClick: true, pageLoadStrategy: normal, platform: MAC, platformName: MAC, platformVersion: 19.6.0, proxy: Proxy(direct), rotatable: false, setWindowRect: true, strictFileInteractability: false, timeouts: {implicit: 0, pageLoad: 300000, script: 30000}, unhandledPromptBehavior: dismiss and notify}
Session ID: 194ecd39-b264-cc49-a06f-82b0a9ed95e8
	at org.openqa.selenium.remote.http.W3CHttpResponseCodec.createException(W3CHttpResponseCodec.java:187)
	at org.openqa.selenium.remote.http.W3CHttpResponseCodec.decode(W3CHttpResponseCodec.java:122)
	at org.openqa.selenium.remote.http.W3CHttpResponseCodec.decode(W3CHttpResponseCodec.java:49)
	at org.openqa.selenium.remote.HttpCommandExecutor.execute(HttpCommandExecutor.java:158)
	at org.openqa.selenium.remote.service.DriverCommandExecutor.execute(DriverCommandExecutor.java:83)
	at org.openqa.selenium.remote.RemoteWebDriver.execute(RemoteWebDriver.java:552)
	at com.kms.katalon.selenium.driver.CFirefoxDriver.execute(CFirefoxDriver.java:27)
	at org.openqa.selenium.remote.RemoteWebElement.execute(RemoteWebElement.java:285)
	at org.openqa.selenium.remote.RemoteWebElement.click(RemoteWebElement.java:84)
	at org.openqa.selenium.support.events.EventFiringWebDriver$EventFiringWebElement.lambda$new$0(EventFiringWebDriver.java:404)
	at com.sun.proxy.$Proxy11.click(Unknown Source)
	at org.openqa.selenium.support.events.EventFiringWebDriver$EventFiringWebElement.click(EventFiringWebDriver.java:417)
	at com.kms.katalon.core.webui.keyword.builtin.ClickKeyword$_click_closure1.doCall(ClickKeyword.groovy:69)
	at com.kms.katalon.core.webui.keyword.builtin.ClickKeyword$_click_closure1.call(ClickKeyword.groovy)
	at com.kms.katalon.core.webui.keyword.internal.WebUIKeywordMain.runKeyword(WebUIKeywordMain.groovy:20)
	at com.kms.katalon.core.webui.keyword.builtin.ClickKeyword.click(ClickKeyword.groovy:76)
	at com.kms.katalon.core.webui.keyword.builtin.ClickKeyword.execute(ClickKeyword.groovy:43)
	at com.kms.katalon.core.keyword.internal.KeywordExecutor.executeKeywordForPlatform(KeywordExecutor.groovy:72)
	at com.kms.katalon.core.webui.keyword.WebUiBuiltInKeywords.click(WebUiBuiltInKeywords.groovy:616)
	at com.kms.katalon.core.webui.keyword.WebUiBuiltInKeywords$click$5.call(Unknown Source)
	at Script1597076241331.run(Script1597076241331.groovy:45)
	at com.kms.katalon.core.main.ScriptEngine.run(ScriptEngine.java:194)
	at com.kms.katalon.core.main.ScriptEngine.runScriptAsRawText(ScriptEngine.java:119)
	at com.kms.katalon.core.main.TestCaseExecutor.runScript(TestCaseExecutor.java:337)
	at com.kms.katalon.core.main.TestCaseExecutor.doExecute(TestCaseExecutor.java:328)
	at com.kms.katalon.core.main.TestCaseExecutor.processExecutionPhase(TestCaseExecutor.java:307)
	at com.kms.katalon.core.main.TestCaseExecutor.accessMainPhase(TestCaseExecutor.java:299)
	at com.kms.katalon.core.main.TestCaseExecutor.execute(TestCaseExecutor.java:233)
	at com.kms.katalon.core.main.TestCaseMain.runTestCase(TestCaseMain.java:114)
	at com.kms.katalon.core.keyword.builtin.CallTestCaseKeyword$_callTestCase_closure1.doCall(CallTestCaseKeyword.groovy:59)
	at com.kms.katalon.core.keyword.builtin.CallTestCaseKeyword$_callTestCase_closure1.call(CallTestCaseKeyword.groovy)
	at com.kms.katalon.core.keyword.internal.KeywordMain.runKeyword(KeywordMain.groovy:68)
	at com.kms.katalon.core.keyword.builtin.CallTestCaseKeyword.callTestCase(CallTestCaseKeyword.groovy:81)
	at com.kms.katalon.core.keyword.builtin.CallTestCaseKeyword.execute(CallTestCaseKeyword.groovy:44)
	at com.kms.katalon.core.keyword.internal.KeywordExecutor.executeKeywordForPlatform(KeywordExecutor.groovy:72)
	at com.kms.katalon.core.keyword.BuiltinKeywords.callTestCase(BuiltinKeywords.groovy:334)
	at Script1597076439923.run(Script1597076439923.groovy:27)
	... 13 more
)
[[ATTACHMENT|/Users/csmall/Procore_AutomationDemo_POC/ProcoreAutomationDemo/Reports/20200811_103901/Basic Functionality/Procore Basic Functionality Tests/20200811_103901/1597160521135.png]]

2020-08-11 10:42:01 - [MESSAGE][INFO] - =================== Smart XPath Report =======================

2020-08-11 10:42:01 - [MESSAGE][INFO] - Refer to the link below to preview and approve auto healing on broken test objects.

2020-08-11 10:42:01 - [MESSAGE][INFO] - https://docs.katalon.com/katalon-studio/docs/auto-healing-smart-xpath.html

2020-08-11 10:42:01 - [MESSAGE][INFO] - ===============================================================

2020-08-11 10:42:01 - [MESSAGE][FAILED] - Unable to call Test Case 'Test Cases/PC Browser Tests/PC Pages/Basic Logged-In Functionality/Basic Logged In Functionality' (Root cause: com.kms.katalon.core.exception.StepFailedException: Call Test Case 'Test Cases/PC Browser Tests/PC Pages/Basic Logged-In Functionality/Basic Logged In Functionality' failed
	at com.kms.katalon.core.keyword.builtin.CallTestCaseKeyword$_callTestCase_closure1.doCall(CallTestCaseKeyword.groovy:63)
	at com.kms.katalon.core.keyword.builtin.CallTestCaseKeyword$_callTestCase_closure1.call(CallTestCaseKeyword.groovy)
	at com.kms.katalon.core.keyword.internal.KeywordMain.runKeyword(KeywordMain.groovy:68)
	at com.kms.katalon.core.keyword.builtin.CallTestCaseKeyword.callTestCase(CallTestCaseKeyword.groovy:81)
	at com.kms.katalon.core.keyword.builtin.CallTestCaseKeyword.execute(CallTestCaseKeyword.groovy:44)
	at com.kms.katalon.core.keyword.internal.KeywordExecutor.executeKeywordForPlatform(KeywordExecutor.groovy:72)
	at com.kms.katalon.core.keyword.BuiltinKeywords.callTestCase(BuiltinKeywords.groovy:334)
	at Basic Logged-In Functionality Tests.run(Basic Logged-In Functionality Tests:27)
	at com.kms.katalon.core.main.ScriptEngine.run(ScriptEngine.java:194)
	at com.kms.katalon.core.main.ScriptEngine.runScriptAsRawText(ScriptEngine.java:119)
	at com.kms.katalon.core.main.TestCaseExecutor.runScript(TestCaseExecutor.java:337)
	at com.kms.katalon.core.main.TestCaseExecutor.doExecute(TestCaseExecutor.java:328)
	at com.kms.katalon.core.main.TestCaseExecutor.processExecutionPhase(TestCaseExecutor.java:307)
	at com.kms.katalon.core.main.TestCaseExecutor.accessMainPhase(TestCaseExecutor.java:299)
	at com.kms.katalon.core.main.TestCaseExecutor.execute(TestCaseExecutor.java:233)
	at com.kms.katalon.core.main.TestSuiteExecutor.accessTestCaseMainPhase(TestSuiteExecutor.java:169)
	at com.kms.katalon.core.main.TestSuiteExecutor.accessTestSuiteMainPhase(TestSuiteExecutor.java:142)
	at com.kms.katalon.core.main.TestSuiteExecutor.execute(TestSuiteExecutor.java:91)
	at com.kms.katalon.core.main.TestCaseMain.startTestSuite(TestCaseMain.java:157)
	at com.kms.katalon.core.main.TestCaseMain$startTestSuite$0.call(Unknown Source)
	at TempTestSuite1597160341484.run(TempTestSuite1597160341484.groovy:37)
Caused by: com.kms.katalon.core.exception.StepFailedException: Unable to click on object 'Object Repository/Full Test/Page_Portfolio  STF Construction/a_Directory'
	at com.kms.katalon.core.webui.keyword.internal.WebUIKeywordMain.stepFailed(WebUIKeywordMain.groovy:64)
	at com.kms.katalon.core.webui.keyword.internal.WebUIKeywordMain.runKeyword(WebUIKeywordMain.groovy:26)
	at com.kms.katalon.core.webui.keyword.builtin.ClickKeyword.click(ClickKeyword.groovy:76)
	at com.kms.katalon.core.webui.keyword.builtin.ClickKeyword.execute(ClickKeyword.groovy:43)
	at com.kms.katalon.core.keyword.internal.KeywordExecutor.executeKeywordForPlatform(KeywordExecutor.groovy:72)
	at com.kms.katalon.core.webui.keyword.WebUiBuiltInKeywords.click(WebUiBuiltInKeywords.groovy:616)
	at com.kms.katalon.core.webui.keyword.WebUiBuiltInKeywords$click$5.call(Unknown Source)
	at Basic Logged In Functionality.run(Basic Logged In Functionality:45)
	at com.kms.katalon.core.main.ScriptEngine.run(ScriptEngine.java:194)
	at com.kms.katalon.core.main.ScriptEngine.runScriptAsRawText(ScriptEngine.java:119)
	at com.kms.katalon.core.main.TestCaseExecutor.runScript(TestCaseExecutor.java:337)
	at com.kms.katalon.core.main.TestCaseExecutor.doExecute(TestCaseExecutor.java:328)
	at com.kms.katalon.core.main.TestCaseExecutor.processExecutionPhase(TestCaseExecutor.java:307)
	at com.kms.katalon.core.main.TestCaseExecutor.accessMainPhase(TestCaseExecutor.java:299)
	at com.kms.katalon.core.main.TestCaseExecutor.execute(TestCaseExecutor.java:233)
	at com.kms.katalon.core.main.TestCaseMain.runTestCase(TestCaseMain.java:114)
	at com.kms.katalon.core.keyword.builtin.CallTestCaseKeyword$_callTestCase_closure1.doCall(CallTestCaseKeyword.groovy:59)
	... 20 more
Caused by: org.openqa.selenium.ElementNotInteractableException: Element <a class="unlink_on_click" href="/10428/company/home/executive_dashboard"> could not be scrolled into view
Build info: version: '3.141.59', revision: 'e82be7d358', time: '2018-11-14T08:25:53'
System info: host: 'csmall-MBP', ip: 'fe80:0:0:0:1060:a59e:217d:f86e%en0', os.name: 'Mac OS X', os.arch: 'x86_64', os.version: '10.15.6', java.version: '1.8.0_181'
Driver info: com.kms.katalon.core.webui.driver.firefox.CGeckoDriver
Capabilities {acceptInsecureCerts: true, browserName: firefox, browserVersion: 78.0.1, javascriptEnabled: true, moz:accessibilityChecks: false, moz:buildID: 20200630195452, moz:geckodriverVersion: 0.23.0, moz:headless: false, moz:processID: 2576, moz:profile: /var/folders/7w/4sgm67v1565..., moz:shutdownTimeout: 60000, moz:useNonSpecCompliantPointerOrigin: false, moz:webdriverClick: true, pageLoadStrategy: normal, platform: MAC, platformName: MAC, platformVersion: 19.6.0, proxy: Proxy(direct), rotatable: false, setWindowRect: true, strictFileInteractability: false, timeouts: {implicit: 0, pageLoad: 300000, script: 30000}, unhandledPromptBehavior: dismiss and notify}
Session ID: 194ecd39-b264-cc49-a06f-82b0a9ed95e8
	at org.openqa.selenium.remote.http.W3CHttpResponseCodec.createException(W3CHttpResponseCodec.java:187)
	at org.openqa.selenium.remote.http.W3CHttpResponseCodec.decode(W3CHttpResponseCodec.java:122)
	at org.openqa.selenium.remote.http.W3CHttpResponseCodec.decode(W3CHttpResponseCodec.java:49)
	at org.openqa.selenium.remote.HttpCommandExecutor.execute(HttpCommandExecutor.java:158)
	at org.openqa.selenium.remote.service.DriverCommandExecutor.execute(DriverCommandExecutor.java:83)
	at org.openqa.selenium.remote.RemoteWebDriver.execute(RemoteWebDriver.java:552)
	at com.kms.katalon.selenium.driver.CFirefoxDriver.execute(CFirefoxDriver.java:27)
	at org.openqa.selenium.remote.RemoteWebElement.execute(RemoteWebElement.java:285)
	at org.openqa.selenium.remote.RemoteWebElement.click(RemoteWebElement.java:84)
	at org.openqa.selenium.support.events.EventFiringWebDriver$EventFiringWebElement.lambda$new$0(EventFiringWebDriver.java:404)
	at com.sun.proxy.$Proxy11.click(Unknown Source)
	at org.openqa.selenium.support.events.EventFiringWebDriver$EventFiringWebElement.click(EventFiringWebDriver.java:417)
	at com.kms.katalon.core.webui.keyword.builtin.ClickKeyword$_click_closure1.doCall(ClickKeyword.groovy:69)
	at com.kms.katalon.core.webui.keyword.builtin.ClickKeyword$_click_closure1.call(ClickKeyword.groovy)
	at com.kms.katalon.core.webui.keyword.internal.WebUIKeywordMain.runKeyword(WebUIKeywordMain.groovy:20)
	... 35 more
)

2020-08-11 10:42:01 - [TEST_STEP][PASSED] - Start listener action : afterTestcase: Browser is closed

2020-08-11 10:42:01 - [TEST_STEP][PASSED] - closeBrowser(): Browser is closed

2020-08-11 10:42:01 - [MESSAGE][PASSED] - Browser is closed]]></system-out>
         <system-err><![CDATA[2020-08-11 10:39:06 - [TEST_CASE][FAILED] - Test Cases/PC Browser Tests/PC Tests/Logged-in Web Tests/Basic Logged-In Functionality Tests: Test Cases/PC Browser Tests/PC Tests/Logged-in Web Tests/Basic Logged-In Functionality Tests FAILED.
Reason:
com.kms.katalon.core.exception.StepFailedException: Call Test Case 'Test Cases/PC Browser Tests/PC Pages/Basic Logged-In Functionality/Basic Logged In Functionality' failed
	at com.kms.katalon.core.keyword.builtin.CallTestCaseKeyword$_callTestCase_closure1.doCall(CallTestCaseKeyword.groovy:63)
	at com.kms.katalon.core.keyword.builtin.CallTestCaseKeyword$_callTestCase_closure1.call(CallTestCaseKeyword.groovy)
	at com.kms.katalon.core.keyword.internal.KeywordMain.runKeyword(KeywordMain.groovy:68)
	at com.kms.katalon.core.keyword.builtin.CallTestCaseKeyword.callTestCase(CallTestCaseKeyword.groovy:81)
	at com.kms.katalon.core.keyword.builtin.CallTestCaseKeyword.execute(CallTestCaseKeyword.groovy:44)
	at com.kms.katalon.core.keyword.internal.KeywordExecutor.executeKeywordForPlatform(KeywordExecutor.groovy:72)
	at com.kms.katalon.core.keyword.BuiltinKeywords.callTestCase(BuiltinKeywords.groovy:334)
	at Basic Logged-In Functionality Tests.run(Basic Logged-In Functionality Tests:27)
	at com.kms.katalon.core.main.ScriptEngine.run(ScriptEngine.java:194)
	at com.kms.katalon.core.main.ScriptEngine.runScriptAsRawText(ScriptEngine.java:119)
	at com.kms.katalon.core.main.TestCaseExecutor.runScript(TestCaseExecutor.java:337)
	at com.kms.katalon.core.main.TestCaseExecutor.doExecute(TestCaseExecutor.java:328)
	at com.kms.katalon.core.main.TestCaseExecutor.processExecutionPhase(TestCaseExecutor.java:307)
	at com.kms.katalon.core.main.TestCaseExecutor.accessMainPhase(TestCaseExecutor.java:299)
	at com.kms.katalon.core.main.TestCaseExecutor.execute(TestCaseExecutor.java:233)
	at com.kms.katalon.core.main.TestSuiteExecutor.accessTestCaseMainPhase(TestSuiteExecutor.java:169)
	at com.kms.katalon.core.main.TestSuiteExecutor.accessTestSuiteMainPhase(TestSuiteExecutor.java:142)
	at com.kms.katalon.core.main.TestSuiteExecutor.execute(TestSuiteExecutor.java:91)
	at com.kms.katalon.core.main.TestCaseMain.startTestSuite(TestCaseMain.java:157)
	at com.kms.katalon.core.main.TestCaseMain$startTestSuite$0.call(Unknown Source)
	at TempTestSuite1597160341484.run(TempTestSuite1597160341484.groovy:37)
Caused by: com.kms.katalon.core.exception.StepFailedException: Unable to click on object 'Object Repository/Full Test/Page_Portfolio  STF Construction/a_Directory'
	at com.kms.katalon.core.webui.keyword.internal.WebUIKeywordMain.stepFailed(WebUIKeywordMain.groovy:64)
	at com.kms.katalon.core.webui.keyword.internal.WebUIKeywordMain.runKeyword(WebUIKeywordMain.groovy:26)
	at com.kms.katalon.core.webui.keyword.builtin.ClickKeyword.click(ClickKeyword.groovy:76)
	at com.kms.katalon.core.webui.keyword.builtin.ClickKeyword.execute(ClickKeyword.groovy:43)
	at com.kms.katalon.core.keyword.internal.KeywordExecutor.executeKeywordForPlatform(KeywordExecutor.groovy:72)
	at com.kms.katalon.core.webui.keyword.WebUiBuiltInKeywords.click(WebUiBuiltInKeywords.groovy:616)
	at com.kms.katalon.core.webui.keyword.WebUiBuiltInKeywords$click$5.call(Unknown Source)
	at Basic Logged In Functionality.run(Basic Logged In Functionality:45)
	at com.kms.katalon.core.main.ScriptEngine.run(ScriptEngine.java:194)
	at com.kms.katalon.core.main.ScriptEngine.runScriptAsRawText(ScriptEngine.java:119)
	at com.kms.katalon.core.main.TestCaseExecutor.runScript(TestCaseExecutor.java:337)
	at com.kms.katalon.core.main.TestCaseExecutor.doExecute(TestCaseExecutor.java:328)
	at com.kms.katalon.core.main.TestCaseExecutor.processExecutionPhase(TestCaseExecutor.java:307)
	at com.kms.katalon.core.main.TestCaseExecutor.accessMainPhase(TestCaseExecutor.java:299)
	at com.kms.katalon.core.main.TestCaseExecutor.execute(TestCaseExecutor.java:233)
	at com.kms.katalon.core.main.TestCaseMain.runTestCase(TestCaseMain.java:114)
	at com.kms.katalon.core.keyword.builtin.CallTestCaseKeyword$_callTestCase_closure1.doCall(CallTestCaseKeyword.groovy:59)
	... 20 more
Caused by: org.openqa.selenium.ElementNotInteractableException: Element <a class="unlink_on_click" href="/10428/company/home/executive_dashboard"> could not be scrolled into view
Build info: version: '3.141.59', revision: 'e82be7d358', time: '2018-11-14T08:25:53'
System info: host: 'csmall-MBP', ip: 'fe80:0:0:0:1060:a59e:217d:f86e%en0', os.name: 'Mac OS X', os.arch: 'x86_64', os.version: '10.15.6', java.version: '1.8.0_181'
Driver info: com.kms.katalon.core.webui.driver.firefox.CGeckoDriver
Capabilities {acceptInsecureCerts: true, browserName: firefox, browserVersion: 78.0.1, javascriptEnabled: true, moz:accessibilityChecks: false, moz:buildID: 20200630195452, moz:geckodriverVersion: 0.23.0, moz:headless: false, moz:processID: 2576, moz:profile: /var/folders/7w/4sgm67v1565..., moz:shutdownTimeout: 60000, moz:useNonSpecCompliantPointerOrigin: false, moz:webdriverClick: true, pageLoadStrategy: normal, platform: MAC, platformName: MAC, platformVersion: 19.6.0, proxy: Proxy(direct), rotatable: false, setWindowRect: true, strictFileInteractability: false, timeouts: {implicit: 0, pageLoad: 300000, script: 30000}, unhandledPromptBehavior: dismiss and notify}
Session ID: 194ecd39-b264-cc49-a06f-82b0a9ed95e8
	at org.openqa.selenium.remote.http.W3CHttpResponseCodec.createException(W3CHttpResponseCodec.java:187)
	at org.openqa.selenium.remote.http.W3CHttpResponseCodec.decode(W3CHttpResponseCodec.java:122)
	at org.openqa.selenium.remote.http.W3CHttpResponseCodec.decode(W3CHttpResponseCodec.java:49)
	at org.openqa.selenium.remote.HttpCommandExecutor.execute(HttpCommandExecutor.java:158)
	at org.openqa.selenium.remote.service.DriverCommandExecutor.execute(DriverCommandExecutor.java:83)
	at org.openqa.selenium.remote.RemoteWebDriver.execute(RemoteWebDriver.java:552)
	at com.kms.katalon.selenium.driver.CFirefoxDriver.execute(CFirefoxDriver.java:27)
	at org.openqa.selenium.remote.RemoteWebElement.execute(RemoteWebElement.java:285)
	at org.openqa.selenium.remote.RemoteWebElement.click(RemoteWebElement.java:84)
	at org.openqa.selenium.support.events.EventFiringWebDriver$EventFiringWebElement.lambda$new$0(EventFiringWebDriver.java:404)
	at com.sun.proxy.$Proxy11.click(Unknown Source)
	at org.openqa.selenium.support.events.EventFiringWebDriver$EventFiringWebElement.click(EventFiringWebDriver.java:417)
	at com.kms.katalon.core.webui.keyword.builtin.ClickKeyword$_click_closure1.doCall(ClickKeyword.groovy:69)
	at com.kms.katalon.core.webui.keyword.builtin.ClickKeyword$_click_closure1.call(ClickKeyword.groovy)
	at com.kms.katalon.core.webui.keyword.internal.WebUIKeywordMain.runKeyword(WebUIKeywordMain.groovy:20)
	... 35 more]]></system-err>
      </testcase>
      <system-out><![CDATA[2020-08-11 10:39:06 - [TEST_SUITE][FAILED] - Procore Basic Functionality Tests: Test Cases/PC Browser Tests/PC Tests/Logged-in Web Tests/Basic Logged-In Functionality Tests FAILED.
Reason:
com.kms.katalon.core.exception.StepFailedException: Call Test Case 'Test Cases/PC Browser Tests/PC Pages/Basic Logged-In Functionality/Basic Logged In Functionality' failed
	at com.kms.katalon.core.keyword.builtin.CallTestCaseKeyword$_callTestCase_closure1.doCall(CallTestCaseKeyword.groovy:63)
	at com.kms.katalon.core.keyword.builtin.CallTestCaseKeyword$_callTestCase_closure1.call(CallTestCaseKeyword.groovy)
	at com.kms.katalon.core.keyword.internal.KeywordMain.runKeyword(KeywordMain.groovy:68)
	at com.kms.katalon.core.keyword.builtin.CallTestCaseKeyword.callTestCase(CallTestCaseKeyword.groovy:81)
	at com.kms.katalon.core.keyword.builtin.CallTestCaseKeyword.execute(CallTestCaseKeyword.groovy:44)
	at com.kms.katalon.core.keyword.internal.KeywordExecutor.executeKeywordForPlatform(KeywordExecutor.groovy:72)
	at com.kms.katalon.core.keyword.BuiltinKeywords.callTestCase(BuiltinKeywords.groovy:334)
	at Basic Logged-In Functionality Tests.run(Basic Logged-In Functionality Tests:27)
	at com.kms.katalon.core.main.ScriptEngine.run(ScriptEngine.java:194)
	at com.kms.katalon.core.main.ScriptEngine.runScriptAsRawText(ScriptEngine.java:119)
	at com.kms.katalon.core.main.TestCaseExecutor.runScript(TestCaseExecutor.java:337)
	at com.kms.katalon.core.main.TestCaseExecutor.doExecute(TestCaseExecutor.java:328)
	at com.kms.katalon.core.main.TestCaseExecutor.processExecutionPhase(TestCaseExecutor.java:307)
	at com.kms.katalon.core.main.TestCaseExecutor.accessMainPhase(TestCaseExecutor.java:299)
	at com.kms.katalon.core.main.TestCaseExecutor.execute(TestCaseExecutor.java:233)
	at com.kms.katalon.core.main.TestSuiteExecutor.accessTestCaseMainPhase(TestSuiteExecutor.java:169)
	at com.kms.katalon.core.main.TestSuiteExecutor.accessTestSuiteMainPhase(TestSuiteExecutor.java:142)
	at com.kms.katalon.core.main.TestSuiteExecutor.execute(TestSuiteExecutor.java:91)
	at com.kms.katalon.core.main.TestCaseMain.startTestSuite(TestCaseMain.java:157)
	at com.kms.katalon.core.main.TestCaseMain$startTestSuite$0.call(Unknown Source)
	at TempTestSuite1597160341484.run(TempTestSuite1597160341484.groovy:37)
Caused by: com.kms.katalon.core.exception.StepFailedException: Unable to click on object 'Object Repository/Full Test/Page_Portfolio  STF Construction/a_Directory'
	at com.kms.katalon.core.webui.keyword.internal.WebUIKeywordMain.stepFailed(WebUIKeywordMain.groovy:64)
	at com.kms.katalon.core.webui.keyword.internal.WebUIKeywordMain.runKeyword(WebUIKeywordMain.groovy:26)
	at com.kms.katalon.core.webui.keyword.builtin.ClickKeyword.click(ClickKeyword.groovy:76)
	at com.kms.katalon.core.webui.keyword.builtin.ClickKeyword.execute(ClickKeyword.groovy:43)
	at com.kms.katalon.core.keyword.internal.KeywordExecutor.executeKeywordForPlatform(KeywordExecutor.groovy:72)
	at com.kms.katalon.core.webui.keyword.WebUiBuiltInKeywords.click(WebUiBuiltInKeywords.groovy:616)
	at com.kms.katalon.core.webui.keyword.WebUiBuiltInKeywords$click$5.call(Unknown Source)
	at Basic Logged In Functionality.run(Basic Logged In Functionality:45)
	at com.kms.katalon.core.main.ScriptEngine.run(ScriptEngine.java:194)
	at com.kms.katalon.core.main.ScriptEngine.runScriptAsRawText(ScriptEngine.java:119)
	at com.kms.katalon.core.main.TestCaseExecutor.runScript(TestCaseExecutor.java:337)
	at com.kms.katalon.core.main.TestCaseExecutor.doExecute(TestCaseExecutor.java:328)
	at com.kms.katalon.core.main.TestCaseExecutor.processExecutionPhase(TestCaseExecutor.java:307)
	at com.kms.katalon.core.main.TestCaseExecutor.accessMainPhase(TestCaseExecutor.java:299)
	at com.kms.katalon.core.main.TestCaseExecutor.execute(TestCaseExecutor.java:233)
	at com.kms.katalon.core.main.TestCaseMain.runTestCase(TestCaseMain.java:114)
	at com.kms.katalon.core.keyword.builtin.CallTestCaseKeyword$_callTestCase_closure1.doCall(CallTestCaseKeyword.groovy:59)
	... 20 more
Caused by: org.openqa.selenium.ElementNotInteractableException: Element <a class="unlink_on_click" href="/10428/company/home/executive_dashboard"> could not be scrolled into view
Build info: version: '3.141.59', revision: 'e82be7d358', time: '2018-11-14T08:25:53'
System info: host: 'csmall-MBP', ip: 'fe80:0:0:0:1060:a59e:217d:f86e%en0', os.name: 'Mac OS X', os.arch: 'x86_64', os.version: '10.15.6', java.version: '1.8.0_181'
Driver info: com.kms.katalon.core.webui.driver.firefox.CGeckoDriver
Capabilities {acceptInsecureCerts: true, browserName: firefox, browserVersion: 78.0.1, javascriptEnabled: true, moz:accessibilityChecks: false, moz:buildID: 20200630195452, moz:geckodriverVersion: 0.23.0, moz:headless: false, moz:processID: 2576, moz:profile: /var/folders/7w/4sgm67v1565..., moz:shutdownTimeout: 60000, moz:useNonSpecCompliantPointerOrigin: false, moz:webdriverClick: true, pageLoadStrategy: normal, platform: MAC, platformName: MAC, platformVersion: 19.6.0, proxy: Proxy(direct), rotatable: false, setWindowRect: true, strictFileInteractability: false, timeouts: {implicit: 0, pageLoad: 300000, script: 30000}, unhandledPromptBehavior: dismiss and notify}
Session ID: 194ecd39-b264-cc49-a06f-82b0a9ed95e8
	at org.openqa.selenium.remote.http.W3CHttpResponseCodec.createException(W3CHttpResponseCodec.java:187)
	at org.openqa.selenium.remote.http.W3CHttpResponseCodec.decode(W3CHttpResponseCodec.java:122)
	at org.openqa.selenium.remote.http.W3CHttpResponseCodec.decode(W3CHttpResponseCodec.java:49)
	at org.openqa.selenium.remote.HttpCommandExecutor.execute(HttpCommandExecutor.java:158)
	at org.openqa.selenium.remote.service.DriverCommandExecutor.execute(DriverCommandExecutor.java:83)
	at org.openqa.selenium.remote.RemoteWebDriver.execute(RemoteWebDriver.java:552)
	at com.kms.katalon.selenium.driver.CFirefoxDriver.execute(CFirefoxDriver.java:27)
	at org.openqa.selenium.remote.RemoteWebElement.execute(RemoteWebElement.java:285)
	at org.openqa.selenium.remote.RemoteWebElement.click(RemoteWebElement.java:84)
	at org.openqa.selenium.support.events.EventFiringWebDriver$EventFiringWebElement.lambda$new$0(EventFiringWebDriver.java:404)
	at com.sun.proxy.$Proxy11.click(Unknown Source)
	at org.openqa.selenium.support.events.EventFiringWebDriver$EventFiringWebElement.click(EventFiringWebDriver.java:417)
	at com.kms.katalon.core.webui.keyword.builtin.ClickKeyword$_click_closure1.doCall(ClickKeyword.groovy:69)
	at com.kms.katalon.core.webui.keyword.builtin.ClickKeyword$_click_closure1.call(ClickKeyword.groovy)
	at com.kms.katalon.core.webui.keyword.internal.WebUIKeywordMain.runKeyword(WebUIKeywordMain.groovy:20)
	... 35 more]]></system-out>
      <system-err><![CDATA[2020-08-11 10:39:06 - [TEST_SUITE][FAILED] - Procore Basic Functionality Tests: Test Cases/PC Browser Tests/PC Tests/Logged-in Web Tests/Basic Logged-In Functionality Tests FAILED.
Reason:
com.kms.katalon.core.exception.StepFailedException: Call Test Case 'Test Cases/PC Browser Tests/PC Pages/Basic Logged-In Functionality/Basic Logged In Functionality' failed
	at com.kms.katalon.core.keyword.builtin.CallTestCaseKeyword$_callTestCase_closure1.doCall(CallTestCaseKeyword.groovy:63)
	at com.kms.katalon.core.keyword.builtin.CallTestCaseKeyword$_callTestCase_closure1.call(CallTestCaseKeyword.groovy)
	at com.kms.katalon.core.keyword.internal.KeywordMain.runKeyword(KeywordMain.groovy:68)
	at com.kms.katalon.core.keyword.builtin.CallTestCaseKeyword.callTestCase(CallTestCaseKeyword.groovy:81)
	at com.kms.katalon.core.keyword.builtin.CallTestCaseKeyword.execute(CallTestCaseKeyword.groovy:44)
	at com.kms.katalon.core.keyword.internal.KeywordExecutor.executeKeywordForPlatform(KeywordExecutor.groovy:72)
	at com.kms.katalon.core.keyword.BuiltinKeywords.callTestCase(BuiltinKeywords.groovy:334)
	at Basic Logged-In Functionality Tests.run(Basic Logged-In Functionality Tests:27)
	at com.kms.katalon.core.main.ScriptEngine.run(ScriptEngine.java:194)
	at com.kms.katalon.core.main.ScriptEngine.runScriptAsRawText(ScriptEngine.java:119)
	at com.kms.katalon.core.main.TestCaseExecutor.runScript(TestCaseExecutor.java:337)
	at com.kms.katalon.core.main.TestCaseExecutor.doExecute(TestCaseExecutor.java:328)
	at com.kms.katalon.core.main.TestCaseExecutor.processExecutionPhase(TestCaseExecutor.java:307)
	at com.kms.katalon.core.main.TestCaseExecutor.accessMainPhase(TestCaseExecutor.java:299)
	at com.kms.katalon.core.main.TestCaseExecutor.execute(TestCaseExecutor.java:233)
	at com.kms.katalon.core.main.TestSuiteExecutor.accessTestCaseMainPhase(TestSuiteExecutor.java:169)
	at com.kms.katalon.core.main.TestSuiteExecutor.accessTestSuiteMainPhase(TestSuiteExecutor.java:142)
	at com.kms.katalon.core.main.TestSuiteExecutor.execute(TestSuiteExecutor.java:91)
	at com.kms.katalon.core.main.TestCaseMain.startTestSuite(TestCaseMain.java:157)
	at com.kms.katalon.core.main.TestCaseMain$startTestSuite$0.call(Unknown Source)
	at TempTestSuite1597160341484.run(TempTestSuite1597160341484.groovy:37)
Caused by: com.kms.katalon.core.exception.StepFailedException: Unable to click on object 'Object Repository/Full Test/Page_Portfolio  STF Construction/a_Directory'
	at com.kms.katalon.core.webui.keyword.internal.WebUIKeywordMain.stepFailed(WebUIKeywordMain.groovy:64)
	at com.kms.katalon.core.webui.keyword.internal.WebUIKeywordMain.runKeyword(WebUIKeywordMain.groovy:26)
	at com.kms.katalon.core.webui.keyword.builtin.ClickKeyword.click(ClickKeyword.groovy:76)
	at com.kms.katalon.core.webui.keyword.builtin.ClickKeyword.execute(ClickKeyword.groovy:43)
	at com.kms.katalon.core.keyword.internal.KeywordExecutor.executeKeywordForPlatform(KeywordExecutor.groovy:72)
	at com.kms.katalon.core.webui.keyword.WebUiBuiltInKeywords.click(WebUiBuiltInKeywords.groovy:616)
	at com.kms.katalon.core.webui.keyword.WebUiBuiltInKeywords$click$5.call(Unknown Source)
	at Basic Logged In Functionality.run(Basic Logged In Functionality:45)
	at com.kms.katalon.core.main.ScriptEngine.run(ScriptEngine.java:194)
	at com.kms.katalon.core.main.ScriptEngine.runScriptAsRawText(ScriptEngine.java:119)
	at com.kms.katalon.core.main.TestCaseExecutor.runScript(TestCaseExecutor.java:337)
	at com.kms.katalon.core.main.TestCaseExecutor.doExecute(TestCaseExecutor.java:328)
	at com.kms.katalon.core.main.TestCaseExecutor.processExecutionPhase(TestCaseExecutor.java:307)
	at com.kms.katalon.core.main.TestCaseExecutor.accessMainPhase(TestCaseExecutor.java:299)
	at com.kms.katalon.core.main.TestCaseExecutor.execute(TestCaseExecutor.java:233)
	at com.kms.katalon.core.main.TestCaseMain.runTestCase(TestCaseMain.java:114)
	at com.kms.katalon.core.keyword.builtin.CallTestCaseKeyword$_callTestCase_closure1.doCall(CallTestCaseKeyword.groovy:59)
	... 20 more
Caused by: org.openqa.selenium.ElementNotInteractableException: Element <a class="unlink_on_click" href="/10428/company/home/executive_dashboard"> could not be scrolled into view
Build info: version: '3.141.59', revision: 'e82be7d358', time: '2018-11-14T08:25:53'
System info: host: 'csmall-MBP', ip: 'fe80:0:0:0:1060:a59e:217d:f86e%en0', os.name: 'Mac OS X', os.arch: 'x86_64', os.version: '10.15.6', java.version: '1.8.0_181'
Driver info: com.kms.katalon.core.webui.driver.firefox.CGeckoDriver
Capabilities {acceptInsecureCerts: true, browserName: firefox, browserVersion: 78.0.1, javascriptEnabled: true, moz:accessibilityChecks: false, moz:buildID: 20200630195452, moz:geckodriverVersion: 0.23.0, moz:headless: false, moz:processID: 2576, moz:profile: /var/folders/7w/4sgm67v1565..., moz:shutdownTimeout: 60000, moz:useNonSpecCompliantPointerOrigin: false, moz:webdriverClick: true, pageLoadStrategy: normal, platform: MAC, platformName: MAC, platformVersion: 19.6.0, proxy: Proxy(direct), rotatable: false, setWindowRect: true, strictFileInteractability: false, timeouts: {implicit: 0, pageLoad: 300000, script: 30000}, unhandledPromptBehavior: dismiss and notify}
Session ID: 194ecd39-b264-cc49-a06f-82b0a9ed95e8
	at org.openqa.selenium.remote.http.W3CHttpResponseCodec.createException(W3CHttpResponseCodec.java:187)
	at org.openqa.selenium.remote.http.W3CHttpResponseCodec.decode(W3CHttpResponseCodec.java:122)
	at org.openqa.selenium.remote.http.W3CHttpResponseCodec.decode(W3CHttpResponseCodec.java:49)
	at org.openqa.selenium.remote.HttpCommandExecutor.execute(HttpCommandExecutor.java:158)
	at org.openqa.selenium.remote.service.DriverCommandExecutor.execute(DriverCommandExecutor.java:83)
	at org.openqa.selenium.remote.RemoteWebDriver.execute(RemoteWebDriver.java:552)
	at com.kms.katalon.selenium.driver.CFirefoxDriver.execute(CFirefoxDriver.java:27)
	at org.openqa.selenium.remote.RemoteWebElement.execute(RemoteWebElement.java:285)
	at org.openqa.selenium.remote.RemoteWebElement.click(RemoteWebElement.java:84)
	at org.openqa.selenium.support.events.EventFiringWebDriver$EventFiringWebElement.lambda$new$0(EventFiringWebDriver.java:404)
	at com.sun.proxy.$Proxy11.click(Unknown Source)
	at org.openqa.selenium.support.events.EventFiringWebDriver$EventFiringWebElement.click(EventFiringWebDriver.java:417)
	at com.kms.katalon.core.webui.keyword.builtin.ClickKeyword$_click_closure1.doCall(ClickKeyword.groovy:69)
	at com.kms.katalon.core.webui.keyword.builtin.ClickKeyword$_click_closure1.call(ClickKeyword.groovy)
	at com.kms.katalon.core.webui.keyword.internal.WebUIKeywordMain.runKeyword(WebUIKeywordMain.groovy:20)
	... 35 more]]></system-err>
   </testsuite>
</testsuites>
