<?xml version="1.0" encoding="UTF-8"?>
<testsuites name="Basic Login Failure" time="64.958" tests="1" failures="0" errors="0">
   <testsuite name="Basic Login Failure" tests="1" failures="0" errors="0" time="64.958" timestamp="2020-08-12 15:39:10" hostname="csmall - csmall-mbp" id="Test Suites/Login Tests/Basic Login Failure">
      <properties>
         <property name="deviceName" value=""/>
         <property name="devicePlatform" value=""/>
         <property name="logFolder" value="/Users/csmall/Procore_AutomationDemo_POC/ProcoreAutomationDemo/Reports/20200812_153906/Login Tests/Basic Login Failure/20200812_153906"/>
         <property name="logFiles" value="/Users/csmall/Procore_AutomationDemo_POC/ProcoreAutomationDemo/Reports/20200812_153906/Login Tests/Basic Login Failure/20200812_153906/execution0.log"/>
         <property name="attachments" value=""/>
         <property name="hostName" value="csmall - csmall-mbp"/>
         <property name="os" value="Mac OS X 64bit"/>
         <property name="katalonVersion" value="null.null"/>
         <property name="browser" value="Chrome 84.0.4147.125"/>
         <property name="hostAddress" value="192.168.1.45"/>
         <property name="sessionId" value="f7cf1cf43111a57c398c909fab97d9f3"/>
         <property name="seleniumVersion" value="3.141.59"/>
         <property name="proxyInformation" value="ProxyInformation { proxyOption=NO_PROXY, proxyServerType=HTTP, username=, password=********, proxyServerAddress=, proxyServerPort=0, executionList=\&quot;\&quot;, isApplyToDesiredCapabilities=true }"/>
         <property name="platform" value="Mac OS X"/>
      </properties>
      <testcase name="Test Cases/PC Browser Tests/PC Tests/Web Login Tests/Invalid username and password should return login error message" time="64.764" classname="Test Cases/PC Browser Tests/PC Tests/Web Login Tests/Invalid username and password should return login error message" status="PASSED">
         <system-out><![CDATA[2020-08-12 15:39:11 - [TEST_CASE][PASSED] - Test Cases/PC Browser Tests/PC Tests/Web Login Tests/Invalid username and password should return login error message: Test Cases/PC Browser Tests/PC Tests/Web Login Tests/Invalid username and password should return login error message

2020-08-12 15:39:11 - [TEST_STEP][PASSED] - Start listener action : beforeTestcase: null

2020-08-12 15:39:11 - [TEST_STEP][PASSED] - callTestCase(findTestCase("PC Browser Tests/PC Pages/Web Login/Login page is loaded successfully"), [:], STOP_ON_FAILURE): Call Test Case 'Test Cases/PC Browser Tests/PC Pages/Web Login/Login page is loaded successfully' successfully

2020-08-12 15:39:11 - [TEST_CASE][PASSED] - Test Cases/PC Browser Tests/PC Pages/Web Login/Login page is loaded successfully: Test Cases/PC Browser Tests/PC Pages/Web Login/Login page is loaded successfully

2020-08-12 15:39:11 - [TEST_STEP][PASSED] - openBrowser(""): Browser is opened with url: ''

2020-08-12 15:39:11 - [MESSAGE][INFO] - Starting 'Chrome' driver

2020-08-12 15:39:11 - [MESSAGE][INFO] - Action delay is set to 0 milliseconds

2020-08-12 15:39:13 - [MESSAGE][PASSED] - Browser is opened with url: ''

2020-08-12 15:39:13 - [TEST_STEP][PASSED] - navigateToUrl("https://login.procore.com/"): Navigate to 'https://login.procore.com/' successfully

2020-08-12 15:39:38 - [MESSAGE][PASSED] - Navigate to 'https://login.procore.com/' successfully

2020-08-12 15:39:38 - [TEST_STEP][PASSED] - waitForElementVisible(findTestObject("Object Repository/web ui/Test Objects/Pages/Login Page/Page_Procore Log In/h1_Log in to your account"), element_timeout): Object 'Object Repository/web ui/Test Objects/Pages/Login Page/Page_Procore Log In/h1_Log in to your account' is visible

2020-08-12 15:39:40 - [MESSAGE][PASSED] - Object 'Object Repository/web ui/Test Objects/Pages/Login Page/Page_Procore Log In/h1_Log in to your account' is visible

2020-08-12 15:39:40 - [TEST_STEP][PASSED] - verifyTextPresent("Log in to your account", false): Text 'Log in to your account' is present on page 

2020-08-12 15:39:42 - [MESSAGE][PASSED] - Text 'Log in to your account' is present on page 

2020-08-12 15:39:42 - [MESSAGE][PASSED] - Call Test Case 'Test Cases/PC Browser Tests/PC Pages/Web Login/Login page is loaded successfully' successfully

2020-08-12 15:39:42 - [TEST_STEP][PASSED] - callTestCase(findTestCase("PC Browser Tests/PC Pages/Web Login/Login with invalid username and password"), ["username":"fake@fakepro.com", "password":"fakefakefake123"], STOP_ON_FAILURE): Call Test Case 'Test Cases/PC Browser Tests/PC Pages/Web Login/Login with invalid username and password' successfully

2020-08-12 15:39:42 - [TEST_CASE][PASSED] - Test Cases/PC Browser Tests/PC Pages/Web Login/Login with invalid username and password: Test Cases/PC Browser Tests/PC Pages/Web Login/Login with invalid username and password

2020-08-12 15:39:42 - [TEST_STEP][PASSED] - setText(findTestObject("web ui/Test Objects/Pages/Page_Procore Log In/input_Email_sessionemail"), "fake@prokore.com"): Text 'fake@prokore.com' is set on object 'Object Repository/web ui/Test Objects/Pages/Page_Procore Log In/input_Email_sessionemail'

2020-08-12 15:39:46 - [MESSAGE][PASSED] - Text 'fake@prokore.com' is set on object 'Object Repository/web ui/Test Objects/Pages/Page_Procore Log In/input_Email_sessionemail'

2020-08-12 15:39:46 - [TEST_STEP][PASSED] - setText(findTestObject("web ui/Test Objects/Pages/Page_Procore Log In/input_Password_sessionpassword"), "fakepassword"): Text 'fakepassword' is set on object 'Object Repository/web ui/Test Objects/Pages/Page_Procore Log In/input_Password_sessionpassword'

2020-08-12 15:39:50 - [MESSAGE][PASSED] - Text 'fakepassword' is set on object 'Object Repository/web ui/Test Objects/Pages/Page_Procore Log In/input_Password_sessionpassword'

2020-08-12 15:39:50 - [TEST_STEP][PASSED] - click(findTestObject("web ui/Test Objects/Pages/Page_Procore Log In/button_Log In")): Object: 'Object Repository/web ui/Test Objects/Pages/Page_Procore Log In/button_Log In' is clicked on

2020-08-12 15:39:55 - [MESSAGE][PASSED] - Object: 'Object Repository/web ui/Test Objects/Pages/Page_Procore Log In/button_Log In' is clicked on

2020-08-12 15:39:55 - [TEST_STEP][PASSED] - verifyElementPresent(findTestObject("web ui/Test Objects/Pages/Login Page/Page_Procore Log In/div_The email address or password you enter_2484ea"), element_timeout): Object 'Object Repository/web ui/Test Objects/Pages/Login Page/Page_Procore Log In/div_The email address or password you enter_2484ea' is present

2020-08-12 15:39:57 - [MESSAGE][PASSED] - Object 'Object Repository/web ui/Test Objects/Pages/Login Page/Page_Procore Log In/div_The email address or password you enter_2484ea' is present

2020-08-12 15:39:57 - [TEST_STEP][PASSED] - setText(findTestObject("web ui/Test Objects/Pages/Login Page/Page_Procore Log In/input_Email_sessionemail"), "admin@procore.com"): Text 'admin@procore.com' is set on object 'Object Repository/web ui/Test Objects/Pages/Login Page/Page_Procore Log In/input_Email_sessionemail'

2020-08-12 15:40:01 - [MESSAGE][PASSED] - Text 'admin@procore.com' is set on object 'Object Repository/web ui/Test Objects/Pages/Login Page/Page_Procore Log In/input_Email_sessionemail'

2020-08-12 15:40:01 - [TEST_STEP][PASSED] - setText(findTestObject("web ui/Test Objects/Pages/Login Page/Page_Procore Log In/input_Password_sessionpassword"), "fakePassworddd"): Text 'fakePassworddd' is set on object 'Object Repository/web ui/Test Objects/Pages/Login Page/Page_Procore Log In/input_Password_sessionpassword'

2020-08-12 15:40:05 - [MESSAGE][PASSED] - Text 'fakePassworddd' is set on object 'Object Repository/web ui/Test Objects/Pages/Login Page/Page_Procore Log In/input_Password_sessionpassword'

2020-08-12 15:40:05 - [TEST_STEP][PASSED] - click(findTestObject("web ui/Test Objects/Pages/Login Page/Page_Procore Log In/button_Log In")): Object: 'Object Repository/web ui/Test Objects/Pages/Login Page/Page_Procore Log In/button_Log In' is clicked on

2020-08-12 15:40:07 - [MESSAGE][PASSED] - Object: 'Object Repository/web ui/Test Objects/Pages/Login Page/Page_Procore Log In/button_Log In' is clicked on

2020-08-12 15:40:07 - [TEST_STEP][PASSED] - verifyElementPresent(findTestObject("web ui/Test Objects/Pages/Login Page/Page_Procore Log In/div_The email address or password you enter_2484ea"), element_timeout): Object 'Object Repository/web ui/Test Objects/Pages/Login Page/Page_Procore Log In/div_The email address or password you enter_2484ea' is present

2020-08-12 15:40:09 - [MESSAGE][PASSED] - Object 'Object Repository/web ui/Test Objects/Pages/Login Page/Page_Procore Log In/div_The email address or password you enter_2484ea' is present

2020-08-12 15:40:09 - [MESSAGE][PASSED] - Call Test Case 'Test Cases/PC Browser Tests/PC Pages/Web Login/Login with invalid username and password' successfully

2020-08-12 15:40:09 - [TEST_STEP][PASSED] - callTestCase(findTestCase("PC Browser Tests/PC Pages/Web Login/Verify login credential error message present"), ["error_message":"The email address or password you entered is not valid."], STOP_ON_FAILURE): Call Test Case 'Test Cases/PC Browser Tests/PC Pages/Web Login/Verify login credential error message present' successfully

2020-08-12 15:40:09 - [TEST_CASE][PASSED] - Test Cases/PC Browser Tests/PC Pages/Web Login/Verify login credential error message present: Test Cases/PC Browser Tests/PC Pages/Web Login/Verify login credential error message present

2020-08-12 15:40:09 - [TEST_STEP][PASSED] - waitForElementVisible(findTestObject("web ui/Test Objects/Pages/Login Page/Page_Procore Log In/div_The email address or password you enter_2484ea"), element_timeout): Object 'Object Repository/web ui/Test Objects/Pages/Login Page/Page_Procore Log In/div_The email address or password you enter_2484ea' is visible

2020-08-12 15:40:11 - [MESSAGE][PASSED] - Object 'Object Repository/web ui/Test Objects/Pages/Login Page/Page_Procore Log In/div_The email address or password you enter_2484ea' is visible

2020-08-12 15:40:11 - [TEST_STEP][PASSED] - verifyElementText(findTestObject("web ui/Test Objects/Pages/Login Page/Page_Procore Log In/div_The email address or password you enter_2484ea"), error_message): Actual text and expected text of test object 'Object Repository/web ui/Test Objects/Pages/Login Page/Page_Procore Log In/div_The email address or password you enter_2484ea' are matched.

2020-08-12 15:40:13 - [MESSAGE][PASSED] - Actual text and expected text of test object 'Object Repository/web ui/Test Objects/Pages/Login Page/Page_Procore Log In/div_The email address or password you enter_2484ea' are matched.

2020-08-12 15:40:13 - [TEST_STEP][PASSED] - verifyTextPresent("The email address or password you entered is not valid.", false): Text 'The email address or password you entered is not valid.' is present on page 

2020-08-12 15:40:15 - [MESSAGE][PASSED] - Text 'The email address or password you entered is not valid.' is present on page 

2020-08-12 15:40:15 - [MESSAGE][PASSED] - Call Test Case 'Test Cases/PC Browser Tests/PC Pages/Web Login/Verify login credential error message present' successfully

2020-08-12 15:40:15 - [TEST_STEP][PASSED] - Start listener action : afterTestcase: Browser is closed

2020-08-12 15:40:15 - [TEST_STEP][PASSED] - closeBrowser(): Browser is closed

2020-08-12 15:40:15 - [MESSAGE][PASSED] - Browser is closed]]></system-out>
         <system-err><![CDATA[]]></system-err>
      </testcase>
      <system-out><![CDATA[2020-08-12 15:39:10 - [TEST_SUITE][PASSED] - Basic Login Failure: Test Cases/PC Browser Tests/PC Tests/Web Login Tests/Invalid username and password should return login error message]]></system-out>
      <system-err><![CDATA[]]></system-err>
   </testsuite>
</testsuites>
