<?xml version="1.0" encoding="UTF-8"?>
<testsuites name="Procore Basic Functionality Tests" time="268.725" tests="1" failures="1" errors="0">
   <testsuite name="Procore Basic Functionality Tests" tests="1" failures="1" errors="0" time="268.725" timestamp="2020-08-11 10:34:12" hostname="csmall - csmall-mbp" id="Test Suites/Basic Functionality/Procore Basic Functionality Tests">
      <properties>
         <property name="deviceName" value=""/>
         <property name="devicePlatform" value=""/>
         <property name="logFolder" value="/Users/csmall/Procore_AutomationDemo_POC/ProcoreAutomationDemo/Reports/20200811_103406/Basic Functionality/Procore Basic Functionality Tests/20200811_103406"/>
         <property name="logFiles" value="/Users/csmall/Procore_AutomationDemo_POC/ProcoreAutomationDemo/Reports/20200811_103406/Basic Functionality/Procore Basic Functionality Tests/20200811_103406/execution0.log"/>
         <property name="attachments" value="/Users/csmall/Procore_AutomationDemo_POC/ProcoreAutomationDemo/Reports/20200811_103406/Basic Functionality/Procore Basic Functionality Tests/20200811_103406/1597160320290.png"/>
         <property name="hostName" value="csmall - csmall-mbp"/>
         <property name="os" value="Mac OS X 64bit"/>
         <property name="katalonVersion" value="null.null"/>
         <property name="browser" value="Chrome 84.0.4147.125"/>
         <property name="hostAddress" value="192.168.1.45"/>
         <property name="sessionId" value="78b9a34f95d3d58394c926d51c14b1c6"/>
         <property name="seleniumVersion" value="3.141.59"/>
         <property name="proxyInformation" value="ProxyInformation { proxyOption=NO_PROXY, proxyServerType=HTTP, username=, password=********, proxyServerAddress=, proxyServerPort=0, executionList=\&quot;\&quot;, isApplyToDesiredCapabilities=true }"/>
         <property name="platform" value="Mac OS X"/>
      </properties>
      <testcase name="Test Cases/PC Browser Tests/PC Tests/Logged-in Web Tests/Basic Logged-In Functionality Tests" time="268.548" classname="Test Cases/PC Browser Tests/PC Tests/Logged-in Web Tests/Basic Logged-In Functionality Tests" status="FAILED">
         <failure type="FAILED" message="Test Cases/PC Browser Tests/PC Tests/Logged-in Web Tests/Basic Logged-In Functionality Tests FAILED.
Reason:
com.kms.katalon.core.exception.StepFailedException: Call Test Case 'Test Cases/PC Browser Tests/PC Pages/Basic Logged-In Functionality/Basic Logged In Functionality' failed
	at com.kms.katalon.core.keyword.builtin.CallTestCaseKeyword$_callTestCase_closure1.doCall(CallTestCaseKeyword.groovy:63)
	at com.kms.katalon.core.keyword.builtin.CallTestCaseKeyword$_callTestCase_closure1.call(CallTestCaseKeyword.groovy)
	at com.kms.katalon.core.keyword.internal.KeywordMain.runKeyword(KeywordMain.groovy:68)
	at com.kms.katalon.core.keyword.builtin.CallTestCaseKeyword.callTestCase(CallTestCaseKeyword.groovy:81)
	at com.kms.katalon.core.keyword.builtin.CallTestCaseKeyword.execute(CallTestCaseKeyword.groovy:44)
	at com.kms.katalon.core.keyword.internal.KeywordExecutor.executeKeywordForPlatform(KeywordExecutor.groovy:72)
	at com.kms.katalon.core.keyword.BuiltinKeywords.callTestCase(BuiltinKeywords.groovy:334)
	at Basic Logged-In Functionality Tests.run(Basic Logged-In Functionality Tests:27)
	at com.kms.katalon.core.main.ScriptEngine.run(ScriptEngine.java:194)
	at com.kms.katalon.core.main.ScriptEngine.runScriptAsRawText(ScriptEngine.java:119)
	at com.kms.katalon.core.main.TestCaseExecutor.runScript(TestCaseExecutor.java:337)
	at com.kms.katalon.core.main.TestCaseExecutor.doExecute(TestCaseExecutor.java:328)
	at com.kms.katalon.core.main.TestCaseExecutor.processExecutionPhase(TestCaseExecutor.java:307)
	at com.kms.katalon.core.main.TestCaseExecutor.accessMainPhase(TestCaseExecutor.java:299)
	at com.kms.katalon.core.main.TestCaseExecutor.execute(TestCaseExecutor.java:233)
	at com.kms.katalon.core.main.TestSuiteExecutor.accessTestCaseMainPhase(TestSuiteExecutor.java:169)
	at com.kms.katalon.core.main.TestSuiteExecutor.accessTestSuiteMainPhase(TestSuiteExecutor.java:142)
	at com.kms.katalon.core.main.TestSuiteExecutor.execute(TestSuiteExecutor.java:91)
	at com.kms.katalon.core.main.TestCaseMain.startTestSuite(TestCaseMain.java:157)
	at com.kms.katalon.core.main.TestCaseMain$startTestSuite$0.call(Unknown Source)
	at TempTestSuite1597160046660.run(TempTestSuite1597160046660.groovy:37)
Caused by: com.kms.katalon.core.exception.StepFailedException: Unable to click on object 'Object Repository/Full Test/Page_Tasks  Luna Stadium/a_Correspondence'
	at com.kms.katalon.core.webui.keyword.internal.WebUIKeywordMain.stepFailed(WebUIKeywordMain.groovy:64)
	at com.kms.katalon.core.webui.keyword.internal.WebUIKeywordMain.runKeyword(WebUIKeywordMain.groovy:26)
	at com.kms.katalon.core.webui.keyword.builtin.ClickKeyword.click(ClickKeyword.groovy:76)
	at com.kms.katalon.core.webui.keyword.builtin.ClickKeyword.execute(ClickKeyword.groovy:43)
	at com.kms.katalon.core.keyword.internal.KeywordExecutor.executeKeywordForPlatform(KeywordExecutor.groovy:72)
	at com.kms.katalon.core.webui.keyword.WebUiBuiltInKeywords.click(WebUiBuiltInKeywords.groovy:616)
	at com.kms.katalon.core.webui.keyword.WebUiBuiltInKeywords$click$5.call(Unknown Source)
	at Basic Logged In Functionality.run(Basic Logged In Functionality:71)
	at com.kms.katalon.core.main.ScriptEngine.run(ScriptEngine.java:194)
	at com.kms.katalon.core.main.ScriptEngine.runScriptAsRawText(ScriptEngine.java:119)
	at com.kms.katalon.core.main.TestCaseExecutor.runScript(TestCaseExecutor.java:337)
	at com.kms.katalon.core.main.TestCaseExecutor.doExecute(TestCaseExecutor.java:328)
	at com.kms.katalon.core.main.TestCaseExecutor.processExecutionPhase(TestCaseExecutor.java:307)
	at com.kms.katalon.core.main.TestCaseExecutor.accessMainPhase(TestCaseExecutor.java:299)
	at com.kms.katalon.core.main.TestCaseExecutor.execute(TestCaseExecutor.java:233)
	at com.kms.katalon.core.main.TestCaseMain.runTestCase(TestCaseMain.java:114)
	at com.kms.katalon.core.keyword.builtin.CallTestCaseKeyword$_callTestCase_closure1.doCall(CallTestCaseKeyword.groovy:59)
	... 20 more
Caused by: com.kms.katalon.core.webui.exception.WebElementNotFoundException: Web element with id: 'Object Repository/Full Test/Page_Tasks  Luna Stadium/a_Correspondence' located by 'By.xpath: //span[@id='tool-item-communication_types']/a' not found
	at com.kms.katalon.core.webui.common.WebUiCommonHelper.findWebElement(WebUiCommonHelper.java:1154)
	at com.kms.katalon.core.webui.keyword.internal.WebUIAbstractKeyword.findWebElement(WebUIAbstractKeyword.groovy:27)
	at com.kms.katalon.core.webui.keyword.internal.WebUIAbstractKeyword.findWebElement(WebUIAbstractKeyword.groovy:26)
	at com.kms.katalon.core.webui.keyword.builtin.ClickKeyword$_click_closure1.doCall(ClickKeyword.groovy:67)
	at com.kms.katalon.core.webui.keyword.builtin.ClickKeyword$_click_closure1.call(ClickKeyword.groovy)
	at com.kms.katalon.core.webui.keyword.internal.WebUIKeywordMain.runKeyword(WebUIKeywordMain.groovy:20)
	... 35 more
"/>
         <system-out><![CDATA[2020-08-11 10:34:12 - [TEST_CASE][FAILED] - Test Cases/PC Browser Tests/PC Tests/Logged-in Web Tests/Basic Logged-In Functionality Tests: Test Cases/PC Browser Tests/PC Tests/Logged-in Web Tests/Basic Logged-In Functionality Tests FAILED.
Reason:
com.kms.katalon.core.exception.StepFailedException: Call Test Case 'Test Cases/PC Browser Tests/PC Pages/Basic Logged-In Functionality/Basic Logged In Functionality' failed
	at com.kms.katalon.core.keyword.builtin.CallTestCaseKeyword$_callTestCase_closure1.doCall(CallTestCaseKeyword.groovy:63)
	at com.kms.katalon.core.keyword.builtin.CallTestCaseKeyword$_callTestCase_closure1.call(CallTestCaseKeyword.groovy)
	at com.kms.katalon.core.keyword.internal.KeywordMain.runKeyword(KeywordMain.groovy:68)
	at com.kms.katalon.core.keyword.builtin.CallTestCaseKeyword.callTestCase(CallTestCaseKeyword.groovy:81)
	at com.kms.katalon.core.keyword.builtin.CallTestCaseKeyword.execute(CallTestCaseKeyword.groovy:44)
	at com.kms.katalon.core.keyword.internal.KeywordExecutor.executeKeywordForPlatform(KeywordExecutor.groovy:72)
	at com.kms.katalon.core.keyword.BuiltinKeywords.callTestCase(BuiltinKeywords.groovy:334)
	at Basic Logged-In Functionality Tests.run(Basic Logged-In Functionality Tests:27)
	at com.kms.katalon.core.main.ScriptEngine.run(ScriptEngine.java:194)
	at com.kms.katalon.core.main.ScriptEngine.runScriptAsRawText(ScriptEngine.java:119)
	at com.kms.katalon.core.main.TestCaseExecutor.runScript(TestCaseExecutor.java:337)
	at com.kms.katalon.core.main.TestCaseExecutor.doExecute(TestCaseExecutor.java:328)
	at com.kms.katalon.core.main.TestCaseExecutor.processExecutionPhase(TestCaseExecutor.java:307)
	at com.kms.katalon.core.main.TestCaseExecutor.accessMainPhase(TestCaseExecutor.java:299)
	at com.kms.katalon.core.main.TestCaseExecutor.execute(TestCaseExecutor.java:233)
	at com.kms.katalon.core.main.TestSuiteExecutor.accessTestCaseMainPhase(TestSuiteExecutor.java:169)
	at com.kms.katalon.core.main.TestSuiteExecutor.accessTestSuiteMainPhase(TestSuiteExecutor.java:142)
	at com.kms.katalon.core.main.TestSuiteExecutor.execute(TestSuiteExecutor.java:91)
	at com.kms.katalon.core.main.TestCaseMain.startTestSuite(TestCaseMain.java:157)
	at com.kms.katalon.core.main.TestCaseMain$startTestSuite$0.call(Unknown Source)
	at TempTestSuite1597160046660.run(TempTestSuite1597160046660.groovy:37)
Caused by: com.kms.katalon.core.exception.StepFailedException: Unable to click on object 'Object Repository/Full Test/Page_Tasks  Luna Stadium/a_Correspondence'
	at com.kms.katalon.core.webui.keyword.internal.WebUIKeywordMain.stepFailed(WebUIKeywordMain.groovy:64)
	at com.kms.katalon.core.webui.keyword.internal.WebUIKeywordMain.runKeyword(WebUIKeywordMain.groovy:26)
	at com.kms.katalon.core.webui.keyword.builtin.ClickKeyword.click(ClickKeyword.groovy:76)
	at com.kms.katalon.core.webui.keyword.builtin.ClickKeyword.execute(ClickKeyword.groovy:43)
	at com.kms.katalon.core.keyword.internal.KeywordExecutor.executeKeywordForPlatform(KeywordExecutor.groovy:72)
	at com.kms.katalon.core.webui.keyword.WebUiBuiltInKeywords.click(WebUiBuiltInKeywords.groovy:616)
	at com.kms.katalon.core.webui.keyword.WebUiBuiltInKeywords$click$5.call(Unknown Source)
	at Basic Logged In Functionality.run(Basic Logged In Functionality:71)
	at com.kms.katalon.core.main.ScriptEngine.run(ScriptEngine.java:194)
	at com.kms.katalon.core.main.ScriptEngine.runScriptAsRawText(ScriptEngine.java:119)
	at com.kms.katalon.core.main.TestCaseExecutor.runScript(TestCaseExecutor.java:337)
	at com.kms.katalon.core.main.TestCaseExecutor.doExecute(TestCaseExecutor.java:328)
	at com.kms.katalon.core.main.TestCaseExecutor.processExecutionPhase(TestCaseExecutor.java:307)
	at com.kms.katalon.core.main.TestCaseExecutor.accessMainPhase(TestCaseExecutor.java:299)
	at com.kms.katalon.core.main.TestCaseExecutor.execute(TestCaseExecutor.java:233)
	at com.kms.katalon.core.main.TestCaseMain.runTestCase(TestCaseMain.java:114)
	at com.kms.katalon.core.keyword.builtin.CallTestCaseKeyword$_callTestCase_closure1.doCall(CallTestCaseKeyword.groovy:59)
	... 20 more
Caused by: com.kms.katalon.core.webui.exception.WebElementNotFoundException: Web element with id: 'Object Repository/Full Test/Page_Tasks  Luna Stadium/a_Correspondence' located by 'By.xpath: //span[@id='tool-item-communication_types']/a' not found
	at com.kms.katalon.core.webui.common.WebUiCommonHelper.findWebElement(WebUiCommonHelper.java:1154)
	at com.kms.katalon.core.webui.keyword.internal.WebUIAbstractKeyword.findWebElement(WebUIAbstractKeyword.groovy:27)
	at com.kms.katalon.core.webui.keyword.internal.WebUIAbstractKeyword.findWebElement(WebUIAbstractKeyword.groovy:26)
	at com.kms.katalon.core.webui.keyword.builtin.ClickKeyword$_click_closure1.doCall(ClickKeyword.groovy:67)
	at com.kms.katalon.core.webui.keyword.builtin.ClickKeyword$_click_closure1.call(ClickKeyword.groovy)
	at com.kms.katalon.core.webui.keyword.internal.WebUIKeywordMain.runKeyword(WebUIKeywordMain.groovy:20)
	... 35 more


2020-08-11 10:34:12 - [TEST_STEP][PASSED] - Start listener action : beforeTestcase: null

2020-08-11 10:34:12 - [TEST_STEP][PASSED] - callTestCase(findTestCase("PC Browser Tests/PC Tests/Web Login Tests/User should login successfully using encrypted password"), [:], STOP_ON_FAILURE): Call Test Case 'Test Cases/PC Browser Tests/PC Tests/Web Login Tests/User should login successfully using encrypted password' successfully

2020-08-11 10:34:12 - [TEST_CASE][PASSED] - Test Cases/PC Browser Tests/PC Tests/Web Login Tests/User should login successfully using encrypted password: Test Cases/PC Browser Tests/PC Tests/Web Login Tests/User should login successfully using encrypted password

2020-08-11 10:34:12 - [TEST_STEP][PASSED] - callTestCase(findTestCase("PC Browser Tests/PC Pages/Web Login/Login page is loaded successfully"), [:], STOP_ON_FAILURE): Call Test Case 'Test Cases/PC Browser Tests/PC Pages/Web Login/Login page is loaded successfully' successfully

2020-08-11 10:34:12 - [TEST_CASE][PASSED] - Test Cases/PC Browser Tests/PC Pages/Web Login/Login page is loaded successfully: Test Cases/PC Browser Tests/PC Pages/Web Login/Login page is loaded successfully

2020-08-11 10:34:12 - [TEST_STEP][PASSED] - openBrowser(""): Browser is opened with url: ''

2020-08-11 10:34:12 - [MESSAGE][INFO] - Starting 'Chrome' driver

2020-08-11 10:34:12 - [MESSAGE][INFO] - Action delay is set to 0 milliseconds

2020-08-11 10:34:14 - [MESSAGE][PASSED] - Browser is opened with url: ''

2020-08-11 10:34:14 - [TEST_STEP][PASSED] - navigateToUrl("https://login.procore.com/"): Navigate to 'https://login.procore.com/' successfully

2020-08-11 10:34:25 - [MESSAGE][PASSED] - Navigate to 'https://login.procore.com/' successfully

2020-08-11 10:34:25 - [TEST_STEP][PASSED] - waitForElementVisible(findTestObject("Object Repository/web ui/Test Objects/Pages/Login Page/Page_Procore Log In/h1_Log in to your account"), element_timeout): Object 'Object Repository/web ui/Test Objects/Pages/Login Page/Page_Procore Log In/h1_Log in to your account' is visible

2020-08-11 10:34:27 - [MESSAGE][PASSED] - Object 'Object Repository/web ui/Test Objects/Pages/Login Page/Page_Procore Log In/h1_Log in to your account' is visible

2020-08-11 10:34:27 - [TEST_STEP][PASSED] - verifyTextPresent("Log in to your account", false): Text 'Log in to your account' is present on page 

2020-08-11 10:34:29 - [MESSAGE][PASSED] - Text 'Log in to your account' is present on page 

2020-08-11 10:34:29 - [MESSAGE][INFO] - =================== Smart XPath Report =======================

2020-08-11 10:34:29 - [MESSAGE][INFO] - Refer to the link below to preview and approve auto healing on broken test objects.

2020-08-11 10:34:29 - [MESSAGE][INFO] - https://docs.katalon.com/katalon-studio/docs/auto-healing-smart-xpath.html

2020-08-11 10:34:29 - [MESSAGE][INFO] - ===============================================================

2020-08-11 10:34:29 - [MESSAGE][PASSED] - Call Test Case 'Test Cases/PC Browser Tests/PC Pages/Web Login/Login page is loaded successfully' successfully

2020-08-11 10:34:29 - [TEST_STEP][PASSED] - callTestCase(findTestCase("PC Browser Tests/PC Pages/Web Login/Login with valid username and encrypted password"), ["username":username, "encryptedPassword":encrypted_password], STOP_ON_FAILURE): Call Test Case 'Test Cases/PC Browser Tests/PC Pages/Web Login/Login with valid username and encrypted password' successfully

2020-08-11 10:34:29 - [TEST_CASE][PASSED] - Test Cases/PC Browser Tests/PC Pages/Web Login/Login with valid username and encrypted password: Test Cases/PC Browser Tests/PC Pages/Web Login/Login with valid username and encrypted password

2020-08-11 10:34:29 - [TEST_STEP][PASSED] - setText(findTestObject("Object Repository/web ui/Test Objects/Pages/Login Page/Page_Procore Log In/input_Email_sessionemail"), "admin@procore.com"): Text 'admin@procore.com' is set on object 'Object Repository/web ui/Test Objects/Pages/Login Page/Page_Procore Log In/input_Email_sessionemail'

2020-08-11 10:34:33 - [MESSAGE][PASSED] - Text 'admin@procore.com' is set on object 'Object Repository/web ui/Test Objects/Pages/Login Page/Page_Procore Log In/input_Email_sessionemail'

2020-08-11 10:34:33 - [TEST_STEP][PASSED] - setEncryptedText(findTestObject("Object Repository/web ui/Test Objects/Pages/Login Page/Page_Procore Log In/input_Password_sessionpassword"), encryptedPassword): Text ****** has been set on object 'Object Repository/web ui/Test Objects/Pages/Login Page/Page_Procore Log In/input_Password_sessionpassword'

2020-08-11 10:34:35 - [MESSAGE][PASSED] - Text ****** has been set on object 'Object Repository/web ui/Test Objects/Pages/Login Page/Page_Procore Log In/input_Password_sessionpassword'

2020-08-11 10:34:35 - [TEST_STEP][PASSED] - click(findTestObject("Object Repository/web ui/Test Objects/Pages/Login Page/Page_Procore Log In/button_Log In")): Object: 'Object Repository/web ui/Test Objects/Pages/Login Page/Page_Procore Log In/button_Log In' is clicked on

2020-08-11 10:34:46 - [MESSAGE][PASSED] - Object: 'Object Repository/web ui/Test Objects/Pages/Login Page/Page_Procore Log In/button_Log In' is clicked on

2020-08-11 10:34:46 - [MESSAGE][INFO] - =================== Smart XPath Report =======================

2020-08-11 10:34:46 - [MESSAGE][INFO] - Refer to the link below to preview and approve auto healing on broken test objects.

2020-08-11 10:34:46 - [MESSAGE][INFO] - https://docs.katalon.com/katalon-studio/docs/auto-healing-smart-xpath.html

2020-08-11 10:34:46 - [MESSAGE][INFO] - ===============================================================

2020-08-11 10:34:46 - [MESSAGE][PASSED] - Call Test Case 'Test Cases/PC Browser Tests/PC Pages/Web Login/Login with valid username and encrypted password' successfully

2020-08-11 10:34:46 - [TEST_STEP][PASSED] - callTestCase(findTestCase("PC Browser Tests/PC Pages/Select Company Page/The Company Selector Page loaded successfully"), [:], STOP_ON_FAILURE): Call Test Case 'Test Cases/PC Browser Tests/PC Pages/Select Company Page/The Company Selector Page loaded successfully' successfully

2020-08-11 10:34:46 - [TEST_CASE][PASSED] - Test Cases/PC Browser Tests/PC Pages/Select Company Page/The Company Selector Page loaded successfully: Test Cases/PC Browser Tests/PC Pages/Select Company Page/The Company Selector Page loaded successfully

2020-08-11 10:34:46 - [TEST_STEP][PASSED] - waitForElementVisible(findTestObject("web ui/Test Objects/Pages/Page_Procore Log In/h1_Select a company"), element_timeout): Object 'Object Repository/web ui/Test Objects/Pages/Page_Procore Log In/h1_Select a company' is visible

2020-08-11 10:34:48 - [MESSAGE][PASSED] - Object 'Object Repository/web ui/Test Objects/Pages/Page_Procore Log In/h1_Select a company' is visible

2020-08-11 10:34:48 - [TEST_STEP][PASSED] - verifyElementVisible(findTestObject("web ui/Test Objects/Pages/Page_Procore Log In/img_Select a company_sc-fznZeY gJlwEu")): Object 'Object Repository/web ui/Test Objects/Pages/Page_Procore Log In/img_Select a company_sc-fznZeY gJlwEu' is visible

2020-08-11 10:34:50 - [MESSAGE][PASSED] - Object 'Object Repository/web ui/Test Objects/Pages/Page_Procore Log In/img_Select a company_sc-fznZeY gJlwEu' is visible

2020-08-11 10:34:50 - [TEST_STEP][PASSED] - verifyTextPresent("Select a company", false): Text 'Select a company' is present on page 

2020-08-11 10:34:52 - [MESSAGE][PASSED] - Text 'Select a company' is present on page 

2020-08-11 10:34:52 - [TEST_STEP][PASSED] - verifyElementPresent(findTestObject("web ui/Test Objects/Pages/Page_Procore Log In/div_Select a companyAdriana Mobile Test Com_4023ef"), element_timeout): Object 'Object Repository/web ui/Test Objects/Pages/Page_Procore Log In/div_Select a companyAdriana Mobile Test Com_4023ef' is present

2020-08-11 10:34:54 - [MESSAGE][PASSED] - Object 'Object Repository/web ui/Test Objects/Pages/Page_Procore Log In/div_Select a companyAdriana Mobile Test Com_4023ef' is present

2020-08-11 10:34:54 - [TEST_STEP][PASSED] - verifyElementPresent(findTestObject("web ui/Test Objects/Pages/Page_Procore Log In/div_Procore Field Productivity             _aa58a3"), element_timeout): Object 'Object Repository/web ui/Test Objects/Pages/Page_Procore Log In/div_Procore Field Productivity             _aa58a3' is present

2020-08-11 10:34:56 - [MESSAGE][PASSED] - Object 'Object Repository/web ui/Test Objects/Pages/Page_Procore Log In/div_Procore Field Productivity             _aa58a3' is present

2020-08-11 10:34:56 - [TEST_STEP][PASSED] - verifyElementPresent(findTestObject("web ui/Full Test/Page_Procore Log In/input_Everyone do your best work and get pa_5c9792"), element_timeout): Object 'Object Repository/web ui/Full Test/Page_Procore Log In/input_Everyone do your best work and get pa_5c9792' is present

2020-08-11 10:34:58 - [MESSAGE][PASSED] - Object 'Object Repository/web ui/Full Test/Page_Procore Log In/input_Everyone do your best work and get pa_5c9792' is present

2020-08-11 10:34:58 - [TEST_STEP][PASSED] - verifyElementPresent(findTestObject("web ui/Full Test/Page_Procore Log In/div_Procore Field Productivity             _aa58a3"), element_timeout): Object 'Object Repository/web ui/Full Test/Page_Procore Log In/div_Procore Field Productivity             _aa58a3' is present

2020-08-11 10:35:00 - [MESSAGE][PASSED] - Object 'Object Repository/web ui/Full Test/Page_Procore Log In/div_Procore Field Productivity             _aa58a3' is present

2020-08-11 10:35:00 - [MESSAGE][INFO] - =================== Smart XPath Report =======================

2020-08-11 10:35:00 - [MESSAGE][INFO] - Refer to the link below to preview and approve auto healing on broken test objects.

2020-08-11 10:35:00 - [MESSAGE][INFO] - https://docs.katalon.com/katalon-studio/docs/auto-healing-smart-xpath.html

2020-08-11 10:35:00 - [MESSAGE][INFO] - ===============================================================

2020-08-11 10:35:00 - [MESSAGE][PASSED] - Call Test Case 'Test Cases/PC Browser Tests/PC Pages/Select Company Page/The Company Selector Page loaded successfully' successfully

2020-08-11 10:35:00 - [MESSAGE][INFO] - =================== Smart XPath Report =======================

2020-08-11 10:35:00 - [MESSAGE][INFO] - Refer to the link below to preview and approve auto healing on broken test objects.

2020-08-11 10:35:00 - [MESSAGE][INFO] - https://docs.katalon.com/katalon-studio/docs/auto-healing-smart-xpath.html

2020-08-11 10:35:00 - [MESSAGE][INFO] - ===============================================================

2020-08-11 10:35:00 - [MESSAGE][PASSED] - Call Test Case 'Test Cases/PC Browser Tests/PC Tests/Web Login Tests/User should login successfully using encrypted password' successfully

2020-08-11 10:35:00 - [TEST_STEP][PASSED] - callTestCase(findTestCase("PC Browser Tests/PC Pages/Select Company Page/The Company Selector Page loaded successfully"), [:], STOP_ON_FAILURE): Call Test Case 'Test Cases/PC Browser Tests/PC Pages/Select Company Page/The Company Selector Page loaded successfully' successfully

2020-08-11 10:35:00 - [TEST_CASE][PASSED] - Test Cases/PC Browser Tests/PC Pages/Select Company Page/The Company Selector Page loaded successfully: Test Cases/PC Browser Tests/PC Pages/Select Company Page/The Company Selector Page loaded successfully

2020-08-11 10:35:00 - [TEST_STEP][PASSED] - waitForElementVisible(findTestObject("web ui/Test Objects/Pages/Page_Procore Log In/h1_Select a company"), element_timeout): Object 'Object Repository/web ui/Test Objects/Pages/Page_Procore Log In/h1_Select a company' is visible

2020-08-11 10:35:02 - [MESSAGE][PASSED] - Object 'Object Repository/web ui/Test Objects/Pages/Page_Procore Log In/h1_Select a company' is visible

2020-08-11 10:35:02 - [TEST_STEP][PASSED] - verifyElementVisible(findTestObject("web ui/Test Objects/Pages/Page_Procore Log In/img_Select a company_sc-fznZeY gJlwEu")): Object 'Object Repository/web ui/Test Objects/Pages/Page_Procore Log In/img_Select a company_sc-fznZeY gJlwEu' is visible

2020-08-11 10:35:04 - [MESSAGE][PASSED] - Object 'Object Repository/web ui/Test Objects/Pages/Page_Procore Log In/img_Select a company_sc-fznZeY gJlwEu' is visible

2020-08-11 10:35:04 - [TEST_STEP][PASSED] - verifyTextPresent("Select a company", false): Text 'Select a company' is present on page 

2020-08-11 10:35:06 - [MESSAGE][PASSED] - Text 'Select a company' is present on page 

2020-08-11 10:35:06 - [TEST_STEP][PASSED] - verifyElementPresent(findTestObject("web ui/Test Objects/Pages/Page_Procore Log In/div_Select a companyAdriana Mobile Test Com_4023ef"), element_timeout): Object 'Object Repository/web ui/Test Objects/Pages/Page_Procore Log In/div_Select a companyAdriana Mobile Test Com_4023ef' is present

2020-08-11 10:35:08 - [MESSAGE][PASSED] - Object 'Object Repository/web ui/Test Objects/Pages/Page_Procore Log In/div_Select a companyAdriana Mobile Test Com_4023ef' is present

2020-08-11 10:35:08 - [TEST_STEP][PASSED] - verifyElementPresent(findTestObject("web ui/Test Objects/Pages/Page_Procore Log In/div_Procore Field Productivity             _aa58a3"), element_timeout): Object 'Object Repository/web ui/Test Objects/Pages/Page_Procore Log In/div_Procore Field Productivity             _aa58a3' is present

2020-08-11 10:35:10 - [MESSAGE][PASSED] - Object 'Object Repository/web ui/Test Objects/Pages/Page_Procore Log In/div_Procore Field Productivity             _aa58a3' is present

2020-08-11 10:35:10 - [TEST_STEP][PASSED] - verifyElementPresent(findTestObject("web ui/Full Test/Page_Procore Log In/input_Everyone do your best work and get pa_5c9792"), element_timeout): Object 'Object Repository/web ui/Full Test/Page_Procore Log In/input_Everyone do your best work and get pa_5c9792' is present

2020-08-11 10:35:12 - [MESSAGE][PASSED] - Object 'Object Repository/web ui/Full Test/Page_Procore Log In/input_Everyone do your best work and get pa_5c9792' is present

2020-08-11 10:35:12 - [TEST_STEP][PASSED] - verifyElementPresent(findTestObject("web ui/Full Test/Page_Procore Log In/div_Procore Field Productivity             _aa58a3"), element_timeout): Object 'Object Repository/web ui/Full Test/Page_Procore Log In/div_Procore Field Productivity             _aa58a3' is present

2020-08-11 10:35:14 - [MESSAGE][PASSED] - Object 'Object Repository/web ui/Full Test/Page_Procore Log In/div_Procore Field Productivity             _aa58a3' is present

2020-08-11 10:35:14 - [MESSAGE][INFO] - =================== Smart XPath Report =======================

2020-08-11 10:35:14 - [MESSAGE][INFO] - Refer to the link below to preview and approve auto healing on broken test objects.

2020-08-11 10:35:14 - [MESSAGE][INFO] - https://docs.katalon.com/katalon-studio/docs/auto-healing-smart-xpath.html

2020-08-11 10:35:14 - [MESSAGE][INFO] - ===============================================================

2020-08-11 10:35:14 - [MESSAGE][PASSED] - Call Test Case 'Test Cases/PC Browser Tests/PC Pages/Select Company Page/The Company Selector Page loaded successfully' successfully

2020-08-11 10:35:14 - [TEST_STEP][PASSED] - callTestCase(findTestCase("PC Browser Tests/PC Pages/Select Company Page/Select a Company and change company works as expected"), [:], STOP_ON_FAILURE): Call Test Case 'Test Cases/PC Browser Tests/PC Pages/Select Company Page/Select a Company and change company works as expected' successfully

2020-08-11 10:35:14 - [TEST_CASE][PASSED] - Test Cases/PC Browser Tests/PC Pages/Select Company Page/Select a Company and change company works as expected: Test Cases/PC Browser Tests/PC Pages/Select Company Page/Select a Company and change company works as expected

2020-08-11 10:35:14 - [TEST_STEP][PASSED] - click(findTestObject("web ui/Full Test/Page_Procore Log In/span_STF Construction")): Object: 'Object Repository/web ui/Full Test/Page_Procore Log In/span_STF Construction' is clicked on

2020-08-11 10:35:31 - [MESSAGE][PASSED] - Object: 'Object Repository/web ui/Full Test/Page_Procore Log In/span_STF Construction' is clicked on

2020-08-11 10:35:31 - [TEST_STEP][PASSED] - click(findTestObject("web ui/Full Test/Page_Portfolio  STF Construction/a_STF Construction_LogoContainer-iPQNsa UuURl")): Object: 'Object Repository/web ui/Full Test/Page_Portfolio  STF Construction/a_STF Construction_LogoContainer-iPQNsa UuURl' is clicked on

2020-08-11 10:35:40 - [MESSAGE][PASSED] - Object: 'Object Repository/web ui/Full Test/Page_Portfolio  STF Construction/a_STF Construction_LogoContainer-iPQNsa UuURl' is clicked on

2020-08-11 10:35:40 - [TEST_STEP][PASSED] - click(findTestObject("web ui/Full Test/Page_Portfolio  STF Construction/svg_Select a Project_CaretSVG-bHHlHZ ihpZOM")): Object: 'Object Repository/web ui/Full Test/Page_Portfolio  STF Construction/svg_Select a Project_CaretSVG-bHHlHZ ihpZOM' is clicked on

2020-08-11 10:35:52 - [MESSAGE][PASSED] - Object: 'Object Repository/web ui/Full Test/Page_Portfolio  STF Construction/svg_Select a Project_CaretSVG-bHHlHZ ihpZOM' is clicked on

2020-08-11 10:35:52 - [TEST_STEP][PASSED] - click(findTestObject("web ui/Full Test/Page_Portfolio  STF Construction/a_Change")): Object: 'Object Repository/web ui/Full Test/Page_Portfolio  STF Construction/a_Change' is clicked on

2020-08-11 10:36:29 - [MESSAGE][PASSED] - Object: 'Object Repository/web ui/Full Test/Page_Portfolio  STF Construction/a_Change' is clicked on

2020-08-11 10:36:29 - [TEST_STEP][PASSED] - click(findTestObject("web ui/Full Test/Page_Portfolio  STF Construction/span_On-Boarding Account")): Object: 'Object Repository/web ui/Full Test/Page_Portfolio  STF Construction/span_On-Boarding Account' is clicked on

2020-08-11 10:36:35 - [MESSAGE][PASSED] - Object: 'Object Repository/web ui/Full Test/Page_Portfolio  STF Construction/span_On-Boarding Account' is clicked on

2020-08-11 10:36:35 - [TEST_STEP][PASSED] - click(findTestObject("web ui/Full Test/Page_Portfolio  On-Boarding Account/div_Company ToolsPortfolio")): Object: 'Object Repository/web ui/Full Test/Page_Portfolio  On-Boarding Account/div_Company ToolsPortfolio' is clicked on

2020-08-11 10:36:37 - [MESSAGE][PASSED] - Object: 'Object Repository/web ui/Full Test/Page_Portfolio  On-Boarding Account/div_Company ToolsPortfolio' is clicked on

2020-08-11 10:36:37 - [TEST_STEP][PASSED] - click(findTestObject("web ui/Full Test/Page_Portfolio  On-Boarding Account/a_Portfolio")): Object: 'Object Repository/web ui/Full Test/Page_Portfolio  On-Boarding Account/a_Portfolio' is clicked on

2020-08-11 10:36:37 - [MESSAGE][PASSED] - Object: 'Object Repository/web ui/Full Test/Page_Portfolio  On-Boarding Account/a_Portfolio' is clicked on

2020-08-11 10:36:37 - [TEST_STEP][PASSED] - click(findTestObject("web ui/Full Test/Page_Portfolio  On-Boarding Account/div_On-Boarding AccountSelect a Project")): Object: 'Object Repository/web ui/Full Test/Page_Portfolio  On-Boarding Account/div_On-Boarding AccountSelect a Project' is clicked on

2020-08-11 10:36:40 - [MESSAGE][PASSED] - Object: 'Object Repository/web ui/Full Test/Page_Portfolio  On-Boarding Account/div_On-Boarding AccountSelect a Project' is clicked on

2020-08-11 10:36:40 - [TEST_STEP][PASSED] - click(findTestObject("web ui/Full Test/Page_Portfolio  On-Boarding Account/a_Change")): Object: 'Object Repository/web ui/Full Test/Page_Portfolio  On-Boarding Account/a_Change' is clicked on

2020-08-11 10:36:40 - [MESSAGE][PASSED] - Object: 'Object Repository/web ui/Full Test/Page_Portfolio  On-Boarding Account/a_Change' is clicked on

2020-08-11 10:36:40 - [TEST_STEP][PASSED] - click(findTestObject("web ui/Full Test/Page_Portfolio  On-Boarding Account/span_STF Construction")): Object: 'Object Repository/web ui/Full Test/Page_Portfolio  On-Boarding Account/span_STF Construction' is clicked on

2020-08-11 10:36:45 - [MESSAGE][PASSED] - Object: 'Object Repository/web ui/Full Test/Page_Portfolio  On-Boarding Account/span_STF Construction' is clicked on

2020-08-11 10:36:45 - [MESSAGE][INFO] - =================== Smart XPath Report =======================

2020-08-11 10:36:45 - [MESSAGE][INFO] - Refer to the link below to preview and approve auto healing on broken test objects.

2020-08-11 10:36:45 - [MESSAGE][INFO] - https://docs.katalon.com/katalon-studio/docs/auto-healing-smart-xpath.html

2020-08-11 10:36:45 - [MESSAGE][INFO] - ===============================================================

2020-08-11 10:36:45 - [MESSAGE][PASSED] - Call Test Case 'Test Cases/PC Browser Tests/PC Pages/Select Company Page/Select a Company and change company works as expected' successfully

2020-08-11 10:36:45 - [TEST_STEP][FAILED] - callTestCase(findTestCase("PC Browser Tests/PC Pages/Basic Logged-In Functionality/Basic Logged In Functionality"), [:], STOP_ON_FAILURE): Unable to call Test Case 'Test Cases/PC Browser Tests/PC Pages/Basic Logged-In Functionality/Basic Logged In Functionality' (Root cause: com.kms.katalon.core.exception.StepFailedException: Call Test Case 'Test Cases/PC Browser Tests/PC Pages/Basic Logged-In Functionality/Basic Logged In Functionality' failed
	at com.kms.katalon.core.keyword.builtin.CallTestCaseKeyword$_callTestCase_closure1.doCall(CallTestCaseKeyword.groovy:63)
	at com.kms.katalon.core.keyword.builtin.CallTestCaseKeyword$_callTestCase_closure1.call(CallTestCaseKeyword.groovy)
	at com.kms.katalon.core.keyword.internal.KeywordMain.runKeyword(KeywordMain.groovy:68)
	at com.kms.katalon.core.keyword.builtin.CallTestCaseKeyword.callTestCase(CallTestCaseKeyword.groovy:81)
	at com.kms.katalon.core.keyword.builtin.CallTestCaseKeyword.execute(CallTestCaseKeyword.groovy:44)
	at com.kms.katalon.core.keyword.internal.KeywordExecutor.executeKeywordForPlatform(KeywordExecutor.groovy:72)
	at com.kms.katalon.core.keyword.BuiltinKeywords.callTestCase(BuiltinKeywords.groovy:334)
	at Basic Logged-In Functionality Tests.run(Basic Logged-In Functionality Tests:27)
	at com.kms.katalon.core.main.ScriptEngine.run(ScriptEngine.java:194)
	at com.kms.katalon.core.main.ScriptEngine.runScriptAsRawText(ScriptEngine.java:119)
	at com.kms.katalon.core.main.TestCaseExecutor.runScript(TestCaseExecutor.java:337)
	at com.kms.katalon.core.main.TestCaseExecutor.doExecute(TestCaseExecutor.java:328)
	at com.kms.katalon.core.main.TestCaseExecutor.processExecutionPhase(TestCaseExecutor.java:307)
	at com.kms.katalon.core.main.TestCaseExecutor.accessMainPhase(TestCaseExecutor.java:299)
	at com.kms.katalon.core.main.TestCaseExecutor.execute(TestCaseExecutor.java:233)
	at com.kms.katalon.core.main.TestSuiteExecutor.accessTestCaseMainPhase(TestSuiteExecutor.java:169)
	at com.kms.katalon.core.main.TestSuiteExecutor.accessTestSuiteMainPhase(TestSuiteExecutor.java:142)
	at com.kms.katalon.core.main.TestSuiteExecutor.execute(TestSuiteExecutor.java:91)
	at com.kms.katalon.core.main.TestCaseMain.startTestSuite(TestCaseMain.java:157)
	at com.kms.katalon.core.main.TestCaseMain$startTestSuite$0.call(Unknown Source)
	at TempTestSuite1597160046660.run(TempTestSuite1597160046660.groovy:37)
Caused by: com.kms.katalon.core.exception.StepFailedException: Unable to click on object 'Object Repository/Full Test/Page_Tasks  Luna Stadium/a_Correspondence'
	at com.kms.katalon.core.webui.keyword.internal.WebUIKeywordMain.stepFailed(WebUIKeywordMain.groovy:64)
	at com.kms.katalon.core.webui.keyword.internal.WebUIKeywordMain.runKeyword(WebUIKeywordMain.groovy:26)
	at com.kms.katalon.core.webui.keyword.builtin.ClickKeyword.click(ClickKeyword.groovy:76)
	at com.kms.katalon.core.webui.keyword.builtin.ClickKeyword.execute(ClickKeyword.groovy:43)
	at com.kms.katalon.core.keyword.internal.KeywordExecutor.executeKeywordForPlatform(KeywordExecutor.groovy:72)
	at com.kms.katalon.core.webui.keyword.WebUiBuiltInKeywords.click(WebUiBuiltInKeywords.groovy:616)
	at com.kms.katalon.core.webui.keyword.WebUiBuiltInKeywords$click$5.call(Unknown Source)
	at Basic Logged In Functionality.run(Basic Logged In Functionality:71)
	at com.kms.katalon.core.main.ScriptEngine.run(ScriptEngine.java:194)
	at com.kms.katalon.core.main.ScriptEngine.runScriptAsRawText(ScriptEngine.java:119)
	at com.kms.katalon.core.main.TestCaseExecutor.runScript(TestCaseExecutor.java:337)
	at com.kms.katalon.core.main.TestCaseExecutor.doExecute(TestCaseExecutor.java:328)
	at com.kms.katalon.core.main.TestCaseExecutor.processExecutionPhase(TestCaseExecutor.java:307)
	at com.kms.katalon.core.main.TestCaseExecutor.accessMainPhase(TestCaseExecutor.java:299)
	at com.kms.katalon.core.main.TestCaseExecutor.execute(TestCaseExecutor.java:233)
	at com.kms.katalon.core.main.TestCaseMain.runTestCase(TestCaseMain.java:114)
	at com.kms.katalon.core.keyword.builtin.CallTestCaseKeyword$_callTestCase_closure1.doCall(CallTestCaseKeyword.groovy:59)
	... 20 more
Caused by: com.kms.katalon.core.webui.exception.WebElementNotFoundException: Web element with id: 'Object Repository/Full Test/Page_Tasks  Luna Stadium/a_Correspondence' located by 'By.xpath: //span[@id='tool-item-communication_types']/a' not found
	at com.kms.katalon.core.webui.common.WebUiCommonHelper.findWebElement(WebUiCommonHelper.java:1154)
	at com.kms.katalon.core.webui.keyword.internal.WebUIAbstractKeyword.findWebElement(WebUIAbstractKeyword.groovy:27)
	at com.kms.katalon.core.webui.keyword.internal.WebUIAbstractKeyword.findWebElement(WebUIAbstractKeyword.groovy:26)
	at com.kms.katalon.core.webui.keyword.builtin.ClickKeyword$_click_closure1.doCall(ClickKeyword.groovy:67)
	at com.kms.katalon.core.webui.keyword.builtin.ClickKeyword$_click_closure1.call(ClickKeyword.groovy)
	at com.kms.katalon.core.webui.keyword.internal.WebUIKeywordMain.runKeyword(WebUIKeywordMain.groovy:20)
	... 35 more
)

2020-08-11 10:36:45 - [TEST_CASE][FAILED] - Test Cases/PC Browser Tests/PC Pages/Basic Logged-In Functionality/Basic Logged In Functionality: Test Cases/PC Browser Tests/PC Pages/Basic Logged-In Functionality/Basic Logged In Functionality FAILED.
Reason:
com.kms.katalon.core.exception.StepFailedException: Unable to click on object 'Object Repository/Full Test/Page_Tasks  Luna Stadium/a_Correspondence'
	at com.kms.katalon.core.webui.keyword.internal.WebUIKeywordMain.stepFailed(WebUIKeywordMain.groovy:64)
	at com.kms.katalon.core.webui.keyword.internal.WebUIKeywordMain.runKeyword(WebUIKeywordMain.groovy:26)
	at com.kms.katalon.core.webui.keyword.builtin.ClickKeyword.click(ClickKeyword.groovy:76)
	at com.kms.katalon.core.webui.keyword.builtin.ClickKeyword.execute(ClickKeyword.groovy:43)
	at com.kms.katalon.core.keyword.internal.KeywordExecutor.executeKeywordForPlatform(KeywordExecutor.groovy:72)
	at com.kms.katalon.core.webui.keyword.WebUiBuiltInKeywords.click(WebUiBuiltInKeywords.groovy:616)
	at com.kms.katalon.core.webui.keyword.WebUiBuiltInKeywords$click$5.call(Unknown Source)
	at Basic Logged In Functionality.run(Basic Logged In Functionality:71)
	at com.kms.katalon.core.main.ScriptEngine.run(ScriptEngine.java:194)
	at com.kms.katalon.core.main.ScriptEngine.runScriptAsRawText(ScriptEngine.java:119)
	at com.kms.katalon.core.main.TestCaseExecutor.runScript(TestCaseExecutor.java:337)
	at com.kms.katalon.core.main.TestCaseExecutor.doExecute(TestCaseExecutor.java:328)
	at com.kms.katalon.core.main.TestCaseExecutor.processExecutionPhase(TestCaseExecutor.java:307)
	at com.kms.katalon.core.main.TestCaseExecutor.accessMainPhase(TestCaseExecutor.java:299)
	at com.kms.katalon.core.main.TestCaseExecutor.execute(TestCaseExecutor.java:233)
	at com.kms.katalon.core.main.TestCaseMain.runTestCase(TestCaseMain.java:114)
	at com.kms.katalon.core.keyword.builtin.CallTestCaseKeyword$_callTestCase_closure1.doCall(CallTestCaseKeyword.groovy:59)
	at com.kms.katalon.core.keyword.builtin.CallTestCaseKeyword$_callTestCase_closure1.call(CallTestCaseKeyword.groovy)
	at com.kms.katalon.core.keyword.internal.KeywordMain.runKeyword(KeywordMain.groovy:68)
	at com.kms.katalon.core.keyword.builtin.CallTestCaseKeyword.callTestCase(CallTestCaseKeyword.groovy:81)
	at com.kms.katalon.core.keyword.builtin.CallTestCaseKeyword.execute(CallTestCaseKeyword.groovy:44)
	at com.kms.katalon.core.keyword.internal.KeywordExecutor.executeKeywordForPlatform(KeywordExecutor.groovy:72)
	at com.kms.katalon.core.keyword.BuiltinKeywords.callTestCase(BuiltinKeywords.groovy:334)
	at Basic Logged-In Functionality Tests.run(Basic Logged-In Functionality Tests:27)
	at com.kms.katalon.core.main.ScriptEngine.run(ScriptEngine.java:194)
	at com.kms.katalon.core.main.ScriptEngine.runScriptAsRawText(ScriptEngine.java:119)
	at com.kms.katalon.core.main.TestCaseExecutor.runScript(TestCaseExecutor.java:337)
	at com.kms.katalon.core.main.TestCaseExecutor.doExecute(TestCaseExecutor.java:328)
	at com.kms.katalon.core.main.TestCaseExecutor.processExecutionPhase(TestCaseExecutor.java:307)
	at com.kms.katalon.core.main.TestCaseExecutor.accessMainPhase(TestCaseExecutor.java:299)
	at com.kms.katalon.core.main.TestCaseExecutor.execute(TestCaseExecutor.java:233)
	at com.kms.katalon.core.main.TestSuiteExecutor.accessTestCaseMainPhase(TestSuiteExecutor.java:169)
	at com.kms.katalon.core.main.TestSuiteExecutor.accessTestSuiteMainPhase(TestSuiteExecutor.java:142)
	at com.kms.katalon.core.main.TestSuiteExecutor.execute(TestSuiteExecutor.java:91)
	at com.kms.katalon.core.main.TestCaseMain.startTestSuite(TestCaseMain.java:157)
	at com.kms.katalon.core.main.TestCaseMain$startTestSuite$0.call(Unknown Source)
	at TempTestSuite1597160046660.run(TempTestSuite1597160046660.groovy:37)
Caused by: com.kms.katalon.core.webui.exception.WebElementNotFoundException: Web element with id: 'Object Repository/Full Test/Page_Tasks  Luna Stadium/a_Correspondence' located by 'By.xpath: //span[@id='tool-item-communication_types']/a' not found
	at com.kms.katalon.core.webui.common.WebUiCommonHelper.findWebElement(WebUiCommonHelper.java:1154)
	at com.kms.katalon.core.webui.keyword.internal.WebUIAbstractKeyword.findWebElement(WebUIAbstractKeyword.groovy:27)
	at com.kms.katalon.core.webui.keyword.internal.WebUIAbstractKeyword.findWebElement(WebUIAbstractKeyword.groovy:26)
	at com.kms.katalon.core.webui.keyword.builtin.ClickKeyword$_click_closure1.doCall(ClickKeyword.groovy:67)
	at com.kms.katalon.core.webui.keyword.builtin.ClickKeyword$_click_closure1.call(ClickKeyword.groovy)
	at com.kms.katalon.core.webui.keyword.internal.WebUIKeywordMain.runKeyword(WebUIKeywordMain.groovy:20)
	... 35 more


2020-08-11 10:36:45 - [TEST_STEP][PASSED] - click(findTestObject("Object Repository/Full Test/Page_Portfolio  STF Construction/div_Executive Dashboard")): Object: 'Object Repository/Full Test/Page_Portfolio  STF Construction/div_Executive Dashboard' is clicked on

2020-08-11 10:36:47 - [MESSAGE][PASSED] - Object: 'Object Repository/Full Test/Page_Portfolio  STF Construction/div_Executive Dashboard' is clicked on

2020-08-11 10:36:47 - [TEST_STEP][PASSED] - click(findTestObject("Object Repository/Full Test/Page_Dashboards  STF Construction/span_Add Filter_rw-select rw-btn")): Object: 'Object Repository/Full Test/Page_Dashboards  STF Construction/span_Add Filter_rw-select rw-btn' is clicked on

2020-08-11 10:36:49 - [MESSAGE][PASSED] - Object: 'Object Repository/Full Test/Page_Dashboards  STF Construction/span_Add Filter_rw-select rw-btn' is clicked on

2020-08-11 10:36:49 - [TEST_STEP][PASSED] - click(findTestObject("Object Repository/Full Test/Page_Dashboards  STF Construction/span_Project Number")): Object: 'Object Repository/Full Test/Page_Dashboards  STF Construction/span_Project Number' is clicked on

2020-08-11 10:36:50 - [MESSAGE][PASSED] - Object: 'Object Repository/Full Test/Page_Dashboards  STF Construction/span_Project Number' is clicked on

2020-08-11 10:36:50 - [TEST_STEP][PASSED] - click(findTestObject("Object Repository/Full Test/Page_Dashboards  STF Construction/input_(Blank)_filter-checkbox-input")): Object: 'Object Repository/Full Test/Page_Dashboards  STF Construction/input_(Blank)_filter-checkbox-input' is clicked on

2020-08-11 10:36:51 - [MESSAGE][PASSED] - Object: 'Object Repository/Full Test/Page_Dashboards  STF Construction/input_(Blank)_filter-checkbox-input' is clicked on

2020-08-11 10:36:51 - [TEST_STEP][PASSED] - click(findTestObject("Object Repository/Full Test/Page_Dashboards  STF Construction/div_Add Filteropen dropdownProject Number00_b88477")): Object: 'Object Repository/Full Test/Page_Dashboards  STF Construction/div_Add Filteropen dropdownProject Number00_b88477' is clicked on

2020-08-11 10:36:52 - [MESSAGE][PASSED] - Object: 'Object Repository/Full Test/Page_Dashboards  STF Construction/div_Add Filteropen dropdownProject Number00_b88477' is clicked on

2020-08-11 10:36:52 - [TEST_STEP][PASSED] - click(findTestObject("Object Repository/Full Test/Page_Dashboards  STF Construction/svg_Reports_CaretSVG-bHHlHZ ihpZOM")): Object: 'Object Repository/Full Test/Page_Dashboards  STF Construction/svg_Reports_CaretSVG-bHHlHZ ihpZOM' is clicked on

2020-08-11 10:36:53 - [MESSAGE][PASSED] - Object: 'Object Repository/Full Test/Page_Dashboards  STF Construction/svg_Reports_CaretSVG-bHHlHZ ihpZOM' is clicked on

2020-08-11 10:36:53 - [TEST_STEP][PASSED] - click(findTestObject("Object Repository/Full Test/Page_Dashboards  STF Construction/a_Concierge")): Object: 'Object Repository/Full Test/Page_Dashboards  STF Construction/a_Concierge' is clicked on

2020-08-11 10:36:55 - [MESSAGE][PASSED] - Object: 'Object Repository/Full Test/Page_Dashboards  STF Construction/a_Concierge' is clicked on

2020-08-11 10:36:55 - [TEST_STEP][PASSED] - click(findTestObject("Object Repository/Full Test/Page_Portfolio  STF Construction/div_My Open Items")): Object: 'Object Repository/Full Test/Page_Portfolio  STF Construction/div_My Open Items' is clicked on

2020-08-11 10:37:00 - [MESSAGE][PASSED] - Object: 'Object Repository/Full Test/Page_Portfolio  STF Construction/div_My Open Items' is clicked on

2020-08-11 10:37:00 - [TEST_STEP][PASSED] - click(findTestObject("Object Repository/Full Test/Page_Portfolio  STF Construction/i_Financial Views_fa fa-caret-down")): Object: 'Object Repository/Full Test/Page_Portfolio  STF Construction/i_Financial Views_fa fa-caret-down' is clicked on

2020-08-11 10:37:01 - [MESSAGE][PASSED] - Object: 'Object Repository/Full Test/Page_Portfolio  STF Construction/i_Financial Views_fa fa-caret-down' is clicked on

2020-08-11 10:37:01 - [TEST_STEP][PASSED] - click(findTestObject("Object Repository/Full Test/Page_Portfolio  STF Construction/a_Budget Variance")): Object: 'Object Repository/Full Test/Page_Portfolio  STF Construction/a_Budget Variance' is clicked on

2020-08-11 10:37:03 - [MESSAGE][PASSED] - Object: 'Object Repository/Full Test/Page_Portfolio  STF Construction/a_Budget Variance' is clicked on

2020-08-11 10:37:03 - [TEST_STEP][PASSED] - click(findTestObject("Object Repository/Full Test/Page_Portfolio  STF Construction/svg_Portfolio_CaretSVG-bHHlHZ ihpZOM")): Object: 'Object Repository/Full Test/Page_Portfolio  STF Construction/svg_Portfolio_CaretSVG-bHHlHZ ihpZOM' is clicked on

2020-08-11 10:37:04 - [MESSAGE][PASSED] - Object: 'Object Repository/Full Test/Page_Portfolio  STF Construction/svg_Portfolio_CaretSVG-bHHlHZ ihpZOM' is clicked on

2020-08-11 10:37:04 - [TEST_STEP][PASSED] - click(findTestObject("Object Repository/Full Test/Page_Portfolio  STF Construction/a_Portfolio")): Object: 'Object Repository/Full Test/Page_Portfolio  STF Construction/a_Portfolio' is clicked on

2020-08-11 10:37:04 - [MESSAGE][PASSED] - Object: 'Object Repository/Full Test/Page_Portfolio  STF Construction/a_Portfolio' is clicked on

2020-08-11 10:37:04 - [TEST_STEP][PASSED] - click(findTestObject("Object Repository/Full Test/Page_Portfolio  STF Construction/svg_Portfolio_CaretSVG-bHHlHZ ihpZOM")): Object: 'Object Repository/Full Test/Page_Portfolio  STF Construction/svg_Portfolio_CaretSVG-bHHlHZ ihpZOM' is clicked on

2020-08-11 10:37:07 - [MESSAGE][PASSED] - Object: 'Object Repository/Full Test/Page_Portfolio  STF Construction/svg_Portfolio_CaretSVG-bHHlHZ ihpZOM' is clicked on

2020-08-11 10:37:07 - [TEST_STEP][PASSED] - click(findTestObject("Object Repository/Full Test/Page_Portfolio  STF Construction/a_Directory")): Object: 'Object Repository/Full Test/Page_Portfolio  STF Construction/a_Directory' is clicked on

2020-08-11 10:37:07 - [MESSAGE][PASSED] - Object: 'Object Repository/Full Test/Page_Portfolio  STF Construction/a_Directory' is clicked on

2020-08-11 10:37:07 - [TEST_STEP][PASSED] - click(findTestObject("Object Repository/Full Test/Page_Directory  STF Construction/div_Contacts")): Object: 'Object Repository/Full Test/Page_Directory  STF Construction/div_Contacts' is clicked on

2020-08-11 10:37:10 - [MESSAGE][PASSED] - Object: 'Object Repository/Full Test/Page_Directory  STF Construction/div_Contacts' is clicked on

2020-08-11 10:37:10 - [TEST_STEP][PASSED] - click(findTestObject("Object Repository/Full Test/Page_Directory  STF Construction/div_Companies")): Object: 'Object Repository/Full Test/Page_Directory  STF Construction/div_Companies' is clicked on

2020-08-11 10:37:11 - [MESSAGE][PASSED] - Object: 'Object Repository/Full Test/Page_Directory  STF Construction/div_Companies' is clicked on

2020-08-11 10:37:11 - [TEST_STEP][PASSED] - click(findTestObject("Object Repository/Full Test/Page_Directory  STF Construction/div_Distribution Groups")): Object: 'Object Repository/Full Test/Page_Directory  STF Construction/div_Distribution Groups' is clicked on

2020-08-11 10:37:12 - [MESSAGE][PASSED] - Object: 'Object Repository/Full Test/Page_Directory  STF Construction/div_Distribution Groups' is clicked on

2020-08-11 10:37:12 - [TEST_STEP][PASSED] - click(findTestObject("Object Repository/Full Test/Page_Directory  STF Construction/div_Inactive Users")): Object: 'Object Repository/Full Test/Page_Directory  STF Construction/div_Inactive Users' is clicked on

2020-08-11 10:37:13 - [MESSAGE][PASSED] - Object: 'Object Repository/Full Test/Page_Directory  STF Construction/div_Inactive Users' is clicked on

2020-08-11 10:37:13 - [TEST_STEP][PASSED] - click(findTestObject("Full Test/Page_Directory  STF Construction/svg_Directory_CaretSVG-bHHlHZ ihpZOM")): Object: 'Object Repository/Full Test/Page_Directory  STF Construction/svg_Directory_CaretSVG-bHHlHZ ihpZOM' is clicked on

2020-08-11 10:37:15 - [MESSAGE][PASSED] - Object: 'Object Repository/Full Test/Page_Directory  STF Construction/svg_Directory_CaretSVG-bHHlHZ ihpZOM' is clicked on

2020-08-11 10:37:15 - [TEST_STEP][PASSED] - click(findTestObject("Object Repository/Full Test/Page_Directory  STF Construction/a_Reports")): Object: 'Object Repository/Full Test/Page_Directory  STF Construction/a_Reports' is clicked on

2020-08-11 10:37:15 - [MESSAGE][PASSED] - Object: 'Object Repository/Full Test/Page_Directory  STF Construction/a_Reports' is clicked on

2020-08-11 10:37:15 - [TEST_STEP][PASSED] - click(findTestObject("Object Repository/Full Test/Page_Reports  STF Construction/p_Projects Overview")): Object: 'Object Repository/Full Test/Page_Reports  STF Construction/p_Projects Overview' is clicked on

2020-08-11 10:37:22 - [MESSAGE][PASSED] - Object: 'Object Repository/Full Test/Page_Reports  STF Construction/p_Projects Overview' is clicked on

2020-08-11 10:37:22 - [TEST_STEP][PASSED] - click(findTestObject("Object Repository/Full Test/Page_Reports  STF Construction/a_Click Here To View The Luna Stadium Reports")): Object: 'Object Repository/Full Test/Page_Reports  STF Construction/a_Click Here To View The Luna Stadium Reports' is clicked on

2020-08-11 10:37:24 - [MESSAGE][PASSED] - Object: 'Object Repository/Full Test/Page_Reports  STF Construction/a_Click Here To View The Luna Stadium Reports' is clicked on

2020-08-11 10:37:24 - [TEST_STEP][PASSED] - click(findTestObject("Object Repository/Full Test/Page_Reports  Luna Stadium/span_Dashboards")): Object: 'Object Repository/Full Test/Page_Reports  Luna Stadium/span_Dashboards' is clicked on

2020-08-11 10:37:31 - [MESSAGE][PASSED] - Object: 'Object Repository/Full Test/Page_Reports  Luna Stadium/span_Dashboards' is clicked on

2020-08-11 10:37:31 - [TEST_STEP][PASSED] - click(findTestObject("Object Repository/Full Test/Page_Reports  Luna Stadium/svg_Reports_CaretSVG-bHHlHZ ihpZOM")): Object: 'Object Repository/Full Test/Page_Reports  Luna Stadium/svg_Reports_CaretSVG-bHHlHZ ihpZOM' is clicked on

2020-08-11 10:37:38 - [MESSAGE][PASSED] - Object: 'Object Repository/Full Test/Page_Reports  Luna Stadium/svg_Reports_CaretSVG-bHHlHZ ihpZOM' is clicked on

2020-08-11 10:37:38 - [TEST_STEP][PASSED] - click(findTestObject("Object Repository/Full Test/Page_Reports  Luna Stadium/a_Tasks")): Object: 'Object Repository/Full Test/Page_Reports  Luna Stadium/a_Tasks' is clicked on

2020-08-11 10:37:45 - [MESSAGE][PASSED] - Object: 'Object Repository/Full Test/Page_Reports  Luna Stadium/a_Tasks' is clicked on

2020-08-11 10:37:45 - [TEST_STEP][PASSED] - click(findTestObject("Object Repository/Full Test/Page_Tasks  Luna Stadium/div_Project ToolsTasks")): Object: 'Object Repository/Full Test/Page_Tasks  Luna Stadium/div_Project ToolsTasks' is clicked on

2020-08-11 10:37:55 - [MESSAGE][PASSED] - Object: 'Object Repository/Full Test/Page_Tasks  Luna Stadium/div_Project ToolsTasks' is clicked on

2020-08-11 10:37:55 - [TEST_STEP][FAILED] - click(findTestObject("Object Repository/Full Test/Page_Tasks  Luna Stadium/a_Correspondence")): Unable to click on object 'Object Repository/Full Test/Page_Tasks  Luna Stadium/a_Correspondence' (Root cause: com.kms.katalon.core.exception.StepFailedException: Unable to click on object 'Object Repository/Full Test/Page_Tasks  Luna Stadium/a_Correspondence'
	at com.kms.katalon.core.webui.keyword.internal.WebUIKeywordMain.stepFailed(WebUIKeywordMain.groovy:64)
	at com.kms.katalon.core.webui.keyword.internal.WebUIKeywordMain.runKeyword(WebUIKeywordMain.groovy:26)
	at com.kms.katalon.core.webui.keyword.builtin.ClickKeyword.click(ClickKeyword.groovy:76)
	at com.kms.katalon.core.webui.keyword.builtin.ClickKeyword.execute(ClickKeyword.groovy:43)
	at com.kms.katalon.core.keyword.internal.KeywordExecutor.executeKeywordForPlatform(KeywordExecutor.groovy:72)
	at com.kms.katalon.core.webui.keyword.WebUiBuiltInKeywords.click(WebUiBuiltInKeywords.groovy:616)
	at com.kms.katalon.core.webui.keyword.WebUiBuiltInKeywords$click$5.call(Unknown Source)
	at Basic Logged In Functionality.run(Basic Logged In Functionality:71)
	at com.kms.katalon.core.main.ScriptEngine.run(ScriptEngine.java:194)
	at com.kms.katalon.core.main.ScriptEngine.runScriptAsRawText(ScriptEngine.java:119)
	at com.kms.katalon.core.main.TestCaseExecutor.runScript(TestCaseExecutor.java:337)
	at com.kms.katalon.core.main.TestCaseExecutor.doExecute(TestCaseExecutor.java:328)
	at com.kms.katalon.core.main.TestCaseExecutor.processExecutionPhase(TestCaseExecutor.java:307)
	at com.kms.katalon.core.main.TestCaseExecutor.accessMainPhase(TestCaseExecutor.java:299)
	at com.kms.katalon.core.main.TestCaseExecutor.execute(TestCaseExecutor.java:233)
	at com.kms.katalon.core.main.TestCaseMain.runTestCase(TestCaseMain.java:114)
	at com.kms.katalon.core.keyword.builtin.CallTestCaseKeyword$_callTestCase_closure1.doCall(CallTestCaseKeyword.groovy:59)
	at com.kms.katalon.core.keyword.builtin.CallTestCaseKeyword$_callTestCase_closure1.call(CallTestCaseKeyword.groovy)
	at com.kms.katalon.core.keyword.internal.KeywordMain.runKeyword(KeywordMain.groovy:68)
	at com.kms.katalon.core.keyword.builtin.CallTestCaseKeyword.callTestCase(CallTestCaseKeyword.groovy:81)
	at com.kms.katalon.core.keyword.builtin.CallTestCaseKeyword.execute(CallTestCaseKeyword.groovy:44)
	at com.kms.katalon.core.keyword.internal.KeywordExecutor.executeKeywordForPlatform(KeywordExecutor.groovy:72)
	at com.kms.katalon.core.keyword.BuiltinKeywords.callTestCase(BuiltinKeywords.groovy:334)
	at Basic Logged-In Functionality Tests.run(Basic Logged-In Functionality Tests:27)
	at com.kms.katalon.core.main.ScriptEngine.run(ScriptEngine.java:194)
	at com.kms.katalon.core.main.ScriptEngine.runScriptAsRawText(ScriptEngine.java:119)
	at com.kms.katalon.core.main.TestCaseExecutor.runScript(TestCaseExecutor.java:337)
	at com.kms.katalon.core.main.TestCaseExecutor.doExecute(TestCaseExecutor.java:328)
	at com.kms.katalon.core.main.TestCaseExecutor.processExecutionPhase(TestCaseExecutor.java:307)
	at com.kms.katalon.core.main.TestCaseExecutor.accessMainPhase(TestCaseExecutor.java:299)
	at com.kms.katalon.core.main.TestCaseExecutor.execute(TestCaseExecutor.java:233)
	at com.kms.katalon.core.main.TestSuiteExecutor.accessTestCaseMainPhase(TestSuiteExecutor.java:169)
	at com.kms.katalon.core.main.TestSuiteExecutor.accessTestSuiteMainPhase(TestSuiteExecutor.java:142)
	at com.kms.katalon.core.main.TestSuiteExecutor.execute(TestSuiteExecutor.java:91)
	at com.kms.katalon.core.main.TestCaseMain.startTestSuite(TestCaseMain.java:157)
	at com.kms.katalon.core.main.TestCaseMain$startTestSuite$0.call(Unknown Source)
	at TempTestSuite1597160046660.run(TempTestSuite1597160046660.groovy:37)
Caused by: com.kms.katalon.core.webui.exception.WebElementNotFoundException: Web element with id: 'Object Repository/Full Test/Page_Tasks  Luna Stadium/a_Correspondence' located by 'By.xpath: //span[@id='tool-item-communication_types']/a' not found
	at com.kms.katalon.core.webui.common.WebUiCommonHelper.findWebElement(WebUiCommonHelper.java:1154)
	at com.kms.katalon.core.webui.keyword.internal.WebUIAbstractKeyword.findWebElement(WebUIAbstractKeyword.groovy:27)
	at com.kms.katalon.core.webui.keyword.internal.WebUIAbstractKeyword.findWebElement(WebUIAbstractKeyword.groovy:26)
	at com.kms.katalon.core.webui.keyword.builtin.ClickKeyword$_click_closure1.doCall(ClickKeyword.groovy:67)
	at com.kms.katalon.core.webui.keyword.builtin.ClickKeyword$_click_closure1.call(ClickKeyword.groovy)
	at com.kms.katalon.core.webui.keyword.internal.WebUIKeywordMain.runKeyword(WebUIKeywordMain.groovy:20)
	at com.kms.katalon.core.webui.keyword.builtin.ClickKeyword.click(ClickKeyword.groovy:76)
	at com.kms.katalon.core.webui.keyword.builtin.ClickKeyword.execute(ClickKeyword.groovy:43)
	at com.kms.katalon.core.keyword.internal.KeywordExecutor.executeKeywordForPlatform(KeywordExecutor.groovy:72)
	at com.kms.katalon.core.webui.keyword.WebUiBuiltInKeywords.click(WebUiBuiltInKeywords.groovy:616)
	at com.kms.katalon.core.webui.keyword.WebUiBuiltInKeywords$click$5.call(Unknown Source)
	at Script1597076241331.run(Script1597076241331.groovy:71)
	at com.kms.katalon.core.main.ScriptEngine.run(ScriptEngine.java:194)
	at com.kms.katalon.core.main.ScriptEngine.runScriptAsRawText(ScriptEngine.java:119)
	at com.kms.katalon.core.main.TestCaseExecutor.runScript(TestCaseExecutor.java:337)
	at com.kms.katalon.core.main.TestCaseExecutor.doExecute(TestCaseExecutor.java:328)
	at com.kms.katalon.core.main.TestCaseExecutor.processExecutionPhase(TestCaseExecutor.java:307)
	at com.kms.katalon.core.main.TestCaseExecutor.accessMainPhase(TestCaseExecutor.java:299)
	at com.kms.katalon.core.main.TestCaseExecutor.execute(TestCaseExecutor.java:233)
	at com.kms.katalon.core.main.TestCaseMain.runTestCase(TestCaseMain.java:114)
	at com.kms.katalon.core.keyword.builtin.CallTestCaseKeyword$_callTestCase_closure1.doCall(CallTestCaseKeyword.groovy:59)
	at com.kms.katalon.core.keyword.builtin.CallTestCaseKeyword$_callTestCase_closure1.call(CallTestCaseKeyword.groovy)
	at com.kms.katalon.core.keyword.internal.KeywordMain.runKeyword(KeywordMain.groovy:68)
	at com.kms.katalon.core.keyword.builtin.CallTestCaseKeyword.callTestCase(CallTestCaseKeyword.groovy:81)
	at com.kms.katalon.core.keyword.builtin.CallTestCaseKeyword.execute(CallTestCaseKeyword.groovy:44)
	at com.kms.katalon.core.keyword.internal.KeywordExecutor.executeKeywordForPlatform(KeywordExecutor.groovy:72)
	at com.kms.katalon.core.keyword.BuiltinKeywords.callTestCase(BuiltinKeywords.groovy:334)
	at Script1597076439923.run(Script1597076439923.groovy:27)
	... 13 more
)

2020-08-11 10:38:35 - [MESSAGE][INFO] - Unable to find the element located by 'By.xpath: //span[@id='tool-item-communication_types']/a'. Please recheck the objects properties to make sure the desired element is located. 

2020-08-11 10:38:35 - [MESSAGE][INFO] - [SMART_XPATH] Auto-trying out other XPath values in the test object.

2020-08-11 10:38:36 - [MESSAGE][INFO] - [SMART_XPATH] FAILED XPATH: '//span[@id='tool-item-communication_types']/a'.

2020-08-11 10:38:37 - [MESSAGE][INFO] - [SMART_XPATH] FAILED XPATH: '//a[contains(text(),'Correspondence')]'.

2020-08-11 10:38:37 - [MESSAGE][INFO] - [SMART_XPATH] FAILED XPATH: '(.//*[normalize-space(text()) and normalize-space(.)='Project Management'])[1]/following::a[1]'.

2020-08-11 10:38:38 - [MESSAGE][INFO] - [SMART_XPATH] FAILED XPATH: '(.//*[normalize-space(text()) and normalize-space(.)='Admin'])[1]/following::a[1]'.

2020-08-11 10:38:38 - [MESSAGE][INFO] - [SMART_XPATH] FAILED XPATH: '(.//*[normalize-space(text()) and normalize-space(.)='Emails'])[1]/preceding::a[1]'.

2020-08-11 10:38:39 - [MESSAGE][INFO] - [SMART_XPATH] FAILED XPATH: '(.//*[normalize-space(text()) and normalize-space(.)='RFIs'])[1]/preceding::a[2]'.

2020-08-11 10:38:39 - [MESSAGE][INFO] - [SMART_XPATH] FAILED XPATH: '//*/text()[normalize-space(.)='Correspondence']/parent::*'.

2020-08-11 10:38:40 - [MESSAGE][INFO] - [SMART_XPATH] FAILED XPATH: '//a[contains(@href, 'https://app.procore.com/428808/project/communication_types')]'.

2020-08-11 10:38:40 - [MESSAGE][INFO] - [SMART_XPATH] FAILED XPATH: '//div[2]/div/span/a'.

2020-08-11 10:38:40 - [MESSAGE][INFO] - [SMART_XPATH] No working XPath is found.

2020-08-11 10:38:40 - [MESSAGE][FAILED] - Unable to click on object 'Object Repository/Full Test/Page_Tasks  Luna Stadium/a_Correspondence' (Root cause: com.kms.katalon.core.exception.StepFailedException: Unable to click on object 'Object Repository/Full Test/Page_Tasks  Luna Stadium/a_Correspondence'
	at com.kms.katalon.core.webui.keyword.internal.WebUIKeywordMain.stepFailed(WebUIKeywordMain.groovy:64)
	at com.kms.katalon.core.webui.keyword.internal.WebUIKeywordMain.runKeyword(WebUIKeywordMain.groovy:26)
	at com.kms.katalon.core.webui.keyword.builtin.ClickKeyword.click(ClickKeyword.groovy:76)
	at com.kms.katalon.core.webui.keyword.builtin.ClickKeyword.execute(ClickKeyword.groovy:43)
	at com.kms.katalon.core.keyword.internal.KeywordExecutor.executeKeywordForPlatform(KeywordExecutor.groovy:72)
	at com.kms.katalon.core.webui.keyword.WebUiBuiltInKeywords.click(WebUiBuiltInKeywords.groovy:616)
	at com.kms.katalon.core.webui.keyword.WebUiBuiltInKeywords$click$5.call(Unknown Source)
	at Basic Logged In Functionality.run(Basic Logged In Functionality:71)
	at com.kms.katalon.core.main.ScriptEngine.run(ScriptEngine.java:194)
	at com.kms.katalon.core.main.ScriptEngine.runScriptAsRawText(ScriptEngine.java:119)
	at com.kms.katalon.core.main.TestCaseExecutor.runScript(TestCaseExecutor.java:337)
	at com.kms.katalon.core.main.TestCaseExecutor.doExecute(TestCaseExecutor.java:328)
	at com.kms.katalon.core.main.TestCaseExecutor.processExecutionPhase(TestCaseExecutor.java:307)
	at com.kms.katalon.core.main.TestCaseExecutor.accessMainPhase(TestCaseExecutor.java:299)
	at com.kms.katalon.core.main.TestCaseExecutor.execute(TestCaseExecutor.java:233)
	at com.kms.katalon.core.main.TestCaseMain.runTestCase(TestCaseMain.java:114)
	at com.kms.katalon.core.keyword.builtin.CallTestCaseKeyword$_callTestCase_closure1.doCall(CallTestCaseKeyword.groovy:59)
	at com.kms.katalon.core.keyword.builtin.CallTestCaseKeyword$_callTestCase_closure1.call(CallTestCaseKeyword.groovy)
	at com.kms.katalon.core.keyword.internal.KeywordMain.runKeyword(KeywordMain.groovy:68)
	at com.kms.katalon.core.keyword.builtin.CallTestCaseKeyword.callTestCase(CallTestCaseKeyword.groovy:81)
	at com.kms.katalon.core.keyword.builtin.CallTestCaseKeyword.execute(CallTestCaseKeyword.groovy:44)
	at com.kms.katalon.core.keyword.internal.KeywordExecutor.executeKeywordForPlatform(KeywordExecutor.groovy:72)
	at com.kms.katalon.core.keyword.BuiltinKeywords.callTestCase(BuiltinKeywords.groovy:334)
	at Basic Logged-In Functionality Tests.run(Basic Logged-In Functionality Tests:27)
	at com.kms.katalon.core.main.ScriptEngine.run(ScriptEngine.java:194)
	at com.kms.katalon.core.main.ScriptEngine.runScriptAsRawText(ScriptEngine.java:119)
	at com.kms.katalon.core.main.TestCaseExecutor.runScript(TestCaseExecutor.java:337)
	at com.kms.katalon.core.main.TestCaseExecutor.doExecute(TestCaseExecutor.java:328)
	at com.kms.katalon.core.main.TestCaseExecutor.processExecutionPhase(TestCaseExecutor.java:307)
	at com.kms.katalon.core.main.TestCaseExecutor.accessMainPhase(TestCaseExecutor.java:299)
	at com.kms.katalon.core.main.TestCaseExecutor.execute(TestCaseExecutor.java:233)
	at com.kms.katalon.core.main.TestSuiteExecutor.accessTestCaseMainPhase(TestSuiteExecutor.java:169)
	at com.kms.katalon.core.main.TestSuiteExecutor.accessTestSuiteMainPhase(TestSuiteExecutor.java:142)
	at com.kms.katalon.core.main.TestSuiteExecutor.execute(TestSuiteExecutor.java:91)
	at com.kms.katalon.core.main.TestCaseMain.startTestSuite(TestCaseMain.java:157)
	at com.kms.katalon.core.main.TestCaseMain$startTestSuite$0.call(Unknown Source)
	at TempTestSuite1597160046660.run(TempTestSuite1597160046660.groovy:37)
Caused by: com.kms.katalon.core.webui.exception.WebElementNotFoundException: Web element with id: 'Object Repository/Full Test/Page_Tasks  Luna Stadium/a_Correspondence' located by 'By.xpath: //span[@id='tool-item-communication_types']/a' not found
	at com.kms.katalon.core.webui.common.WebUiCommonHelper.findWebElement(WebUiCommonHelper.java:1154)
	at com.kms.katalon.core.webui.keyword.internal.WebUIAbstractKeyword.findWebElement(WebUIAbstractKeyword.groovy:27)
	at com.kms.katalon.core.webui.keyword.internal.WebUIAbstractKeyword.findWebElement(WebUIAbstractKeyword.groovy:26)
	at com.kms.katalon.core.webui.keyword.builtin.ClickKeyword$_click_closure1.doCall(ClickKeyword.groovy:67)
	at com.kms.katalon.core.webui.keyword.builtin.ClickKeyword$_click_closure1.call(ClickKeyword.groovy)
	at com.kms.katalon.core.webui.keyword.internal.WebUIKeywordMain.runKeyword(WebUIKeywordMain.groovy:20)
	at com.kms.katalon.core.webui.keyword.builtin.ClickKeyword.click(ClickKeyword.groovy:76)
	at com.kms.katalon.core.webui.keyword.builtin.ClickKeyword.execute(ClickKeyword.groovy:43)
	at com.kms.katalon.core.keyword.internal.KeywordExecutor.executeKeywordForPlatform(KeywordExecutor.groovy:72)
	at com.kms.katalon.core.webui.keyword.WebUiBuiltInKeywords.click(WebUiBuiltInKeywords.groovy:616)
	at com.kms.katalon.core.webui.keyword.WebUiBuiltInKeywords$click$5.call(Unknown Source)
	at Script1597076241331.run(Script1597076241331.groovy:71)
	at com.kms.katalon.core.main.ScriptEngine.run(ScriptEngine.java:194)
	at com.kms.katalon.core.main.ScriptEngine.runScriptAsRawText(ScriptEngine.java:119)
	at com.kms.katalon.core.main.TestCaseExecutor.runScript(TestCaseExecutor.java:337)
	at com.kms.katalon.core.main.TestCaseExecutor.doExecute(TestCaseExecutor.java:328)
	at com.kms.katalon.core.main.TestCaseExecutor.processExecutionPhase(TestCaseExecutor.java:307)
	at com.kms.katalon.core.main.TestCaseExecutor.accessMainPhase(TestCaseExecutor.java:299)
	at com.kms.katalon.core.main.TestCaseExecutor.execute(TestCaseExecutor.java:233)
	at com.kms.katalon.core.main.TestCaseMain.runTestCase(TestCaseMain.java:114)
	at com.kms.katalon.core.keyword.builtin.CallTestCaseKeyword$_callTestCase_closure1.doCall(CallTestCaseKeyword.groovy:59)
	at com.kms.katalon.core.keyword.builtin.CallTestCaseKeyword$_callTestCase_closure1.call(CallTestCaseKeyword.groovy)
	at com.kms.katalon.core.keyword.internal.KeywordMain.runKeyword(KeywordMain.groovy:68)
	at com.kms.katalon.core.keyword.builtin.CallTestCaseKeyword.callTestCase(CallTestCaseKeyword.groovy:81)
	at com.kms.katalon.core.keyword.builtin.CallTestCaseKeyword.execute(CallTestCaseKeyword.groovy:44)
	at com.kms.katalon.core.keyword.internal.KeywordExecutor.executeKeywordForPlatform(KeywordExecutor.groovy:72)
	at com.kms.katalon.core.keyword.BuiltinKeywords.callTestCase(BuiltinKeywords.groovy:334)
	at Script1597076439923.run(Script1597076439923.groovy:27)
	... 13 more
)
[[ATTACHMENT|/Users/csmall/Procore_AutomationDemo_POC/ProcoreAutomationDemo/Reports/20200811_103406/Basic Functionality/Procore Basic Functionality Tests/20200811_103406/1597160320290.png]]

2020-08-11 10:38:40 - [MESSAGE][INFO] - =================== Smart XPath Report =======================

2020-08-11 10:38:40 - [MESSAGE][INFO] - Refer to the link below to preview and approve auto healing on broken test objects.

2020-08-11 10:38:40 - [MESSAGE][INFO] - https://docs.katalon.com/katalon-studio/docs/auto-healing-smart-xpath.html

2020-08-11 10:38:40 - [MESSAGE][INFO] - ===============================================================

2020-08-11 10:38:40 - [MESSAGE][FAILED] - Unable to call Test Case 'Test Cases/PC Browser Tests/PC Pages/Basic Logged-In Functionality/Basic Logged In Functionality' (Root cause: com.kms.katalon.core.exception.StepFailedException: Call Test Case 'Test Cases/PC Browser Tests/PC Pages/Basic Logged-In Functionality/Basic Logged In Functionality' failed
	at com.kms.katalon.core.keyword.builtin.CallTestCaseKeyword$_callTestCase_closure1.doCall(CallTestCaseKeyword.groovy:63)
	at com.kms.katalon.core.keyword.builtin.CallTestCaseKeyword$_callTestCase_closure1.call(CallTestCaseKeyword.groovy)
	at com.kms.katalon.core.keyword.internal.KeywordMain.runKeyword(KeywordMain.groovy:68)
	at com.kms.katalon.core.keyword.builtin.CallTestCaseKeyword.callTestCase(CallTestCaseKeyword.groovy:81)
	at com.kms.katalon.core.keyword.builtin.CallTestCaseKeyword.execute(CallTestCaseKeyword.groovy:44)
	at com.kms.katalon.core.keyword.internal.KeywordExecutor.executeKeywordForPlatform(KeywordExecutor.groovy:72)
	at com.kms.katalon.core.keyword.BuiltinKeywords.callTestCase(BuiltinKeywords.groovy:334)
	at Basic Logged-In Functionality Tests.run(Basic Logged-In Functionality Tests:27)
	at com.kms.katalon.core.main.ScriptEngine.run(ScriptEngine.java:194)
	at com.kms.katalon.core.main.ScriptEngine.runScriptAsRawText(ScriptEngine.java:119)
	at com.kms.katalon.core.main.TestCaseExecutor.runScript(TestCaseExecutor.java:337)
	at com.kms.katalon.core.main.TestCaseExecutor.doExecute(TestCaseExecutor.java:328)
	at com.kms.katalon.core.main.TestCaseExecutor.processExecutionPhase(TestCaseExecutor.java:307)
	at com.kms.katalon.core.main.TestCaseExecutor.accessMainPhase(TestCaseExecutor.java:299)
	at com.kms.katalon.core.main.TestCaseExecutor.execute(TestCaseExecutor.java:233)
	at com.kms.katalon.core.main.TestSuiteExecutor.accessTestCaseMainPhase(TestSuiteExecutor.java:169)
	at com.kms.katalon.core.main.TestSuiteExecutor.accessTestSuiteMainPhase(TestSuiteExecutor.java:142)
	at com.kms.katalon.core.main.TestSuiteExecutor.execute(TestSuiteExecutor.java:91)
	at com.kms.katalon.core.main.TestCaseMain.startTestSuite(TestCaseMain.java:157)
	at com.kms.katalon.core.main.TestCaseMain$startTestSuite$0.call(Unknown Source)
	at TempTestSuite1597160046660.run(TempTestSuite1597160046660.groovy:37)
Caused by: com.kms.katalon.core.exception.StepFailedException: Unable to click on object 'Object Repository/Full Test/Page_Tasks  Luna Stadium/a_Correspondence'
	at com.kms.katalon.core.webui.keyword.internal.WebUIKeywordMain.stepFailed(WebUIKeywordMain.groovy:64)
	at com.kms.katalon.core.webui.keyword.internal.WebUIKeywordMain.runKeyword(WebUIKeywordMain.groovy:26)
	at com.kms.katalon.core.webui.keyword.builtin.ClickKeyword.click(ClickKeyword.groovy:76)
	at com.kms.katalon.core.webui.keyword.builtin.ClickKeyword.execute(ClickKeyword.groovy:43)
	at com.kms.katalon.core.keyword.internal.KeywordExecutor.executeKeywordForPlatform(KeywordExecutor.groovy:72)
	at com.kms.katalon.core.webui.keyword.WebUiBuiltInKeywords.click(WebUiBuiltInKeywords.groovy:616)
	at com.kms.katalon.core.webui.keyword.WebUiBuiltInKeywords$click$5.call(Unknown Source)
	at Basic Logged In Functionality.run(Basic Logged In Functionality:71)
	at com.kms.katalon.core.main.ScriptEngine.run(ScriptEngine.java:194)
	at com.kms.katalon.core.main.ScriptEngine.runScriptAsRawText(ScriptEngine.java:119)
	at com.kms.katalon.core.main.TestCaseExecutor.runScript(TestCaseExecutor.java:337)
	at com.kms.katalon.core.main.TestCaseExecutor.doExecute(TestCaseExecutor.java:328)
	at com.kms.katalon.core.main.TestCaseExecutor.processExecutionPhase(TestCaseExecutor.java:307)
	at com.kms.katalon.core.main.TestCaseExecutor.accessMainPhase(TestCaseExecutor.java:299)
	at com.kms.katalon.core.main.TestCaseExecutor.execute(TestCaseExecutor.java:233)
	at com.kms.katalon.core.main.TestCaseMain.runTestCase(TestCaseMain.java:114)
	at com.kms.katalon.core.keyword.builtin.CallTestCaseKeyword$_callTestCase_closure1.doCall(CallTestCaseKeyword.groovy:59)
	... 20 more
Caused by: com.kms.katalon.core.webui.exception.WebElementNotFoundException: Web element with id: 'Object Repository/Full Test/Page_Tasks  Luna Stadium/a_Correspondence' located by 'By.xpath: //span[@id='tool-item-communication_types']/a' not found
	at com.kms.katalon.core.webui.common.WebUiCommonHelper.findWebElement(WebUiCommonHelper.java:1154)
	at com.kms.katalon.core.webui.keyword.internal.WebUIAbstractKeyword.findWebElement(WebUIAbstractKeyword.groovy:27)
	at com.kms.katalon.core.webui.keyword.internal.WebUIAbstractKeyword.findWebElement(WebUIAbstractKeyword.groovy:26)
	at com.kms.katalon.core.webui.keyword.builtin.ClickKeyword$_click_closure1.doCall(ClickKeyword.groovy:67)
	at com.kms.katalon.core.webui.keyword.builtin.ClickKeyword$_click_closure1.call(ClickKeyword.groovy)
	at com.kms.katalon.core.webui.keyword.internal.WebUIKeywordMain.runKeyword(WebUIKeywordMain.groovy:20)
	... 35 more
)

2020-08-11 10:38:40 - [TEST_STEP][PASSED] - Start listener action : afterTestcase: Browser is closed

2020-08-11 10:38:40 - [TEST_STEP][PASSED] - closeBrowser(): Browser is closed

2020-08-11 10:38:40 - [MESSAGE][PASSED] - Browser is closed]]></system-out>
         <system-err><![CDATA[2020-08-11 10:34:12 - [TEST_CASE][FAILED] - Test Cases/PC Browser Tests/PC Tests/Logged-in Web Tests/Basic Logged-In Functionality Tests: Test Cases/PC Browser Tests/PC Tests/Logged-in Web Tests/Basic Logged-In Functionality Tests FAILED.
Reason:
com.kms.katalon.core.exception.StepFailedException: Call Test Case 'Test Cases/PC Browser Tests/PC Pages/Basic Logged-In Functionality/Basic Logged In Functionality' failed
	at com.kms.katalon.core.keyword.builtin.CallTestCaseKeyword$_callTestCase_closure1.doCall(CallTestCaseKeyword.groovy:63)
	at com.kms.katalon.core.keyword.builtin.CallTestCaseKeyword$_callTestCase_closure1.call(CallTestCaseKeyword.groovy)
	at com.kms.katalon.core.keyword.internal.KeywordMain.runKeyword(KeywordMain.groovy:68)
	at com.kms.katalon.core.keyword.builtin.CallTestCaseKeyword.callTestCase(CallTestCaseKeyword.groovy:81)
	at com.kms.katalon.core.keyword.builtin.CallTestCaseKeyword.execute(CallTestCaseKeyword.groovy:44)
	at com.kms.katalon.core.keyword.internal.KeywordExecutor.executeKeywordForPlatform(KeywordExecutor.groovy:72)
	at com.kms.katalon.core.keyword.BuiltinKeywords.callTestCase(BuiltinKeywords.groovy:334)
	at Basic Logged-In Functionality Tests.run(Basic Logged-In Functionality Tests:27)
	at com.kms.katalon.core.main.ScriptEngine.run(ScriptEngine.java:194)
	at com.kms.katalon.core.main.ScriptEngine.runScriptAsRawText(ScriptEngine.java:119)
	at com.kms.katalon.core.main.TestCaseExecutor.runScript(TestCaseExecutor.java:337)
	at com.kms.katalon.core.main.TestCaseExecutor.doExecute(TestCaseExecutor.java:328)
	at com.kms.katalon.core.main.TestCaseExecutor.processExecutionPhase(TestCaseExecutor.java:307)
	at com.kms.katalon.core.main.TestCaseExecutor.accessMainPhase(TestCaseExecutor.java:299)
	at com.kms.katalon.core.main.TestCaseExecutor.execute(TestCaseExecutor.java:233)
	at com.kms.katalon.core.main.TestSuiteExecutor.accessTestCaseMainPhase(TestSuiteExecutor.java:169)
	at com.kms.katalon.core.main.TestSuiteExecutor.accessTestSuiteMainPhase(TestSuiteExecutor.java:142)
	at com.kms.katalon.core.main.TestSuiteExecutor.execute(TestSuiteExecutor.java:91)
	at com.kms.katalon.core.main.TestCaseMain.startTestSuite(TestCaseMain.java:157)
	at com.kms.katalon.core.main.TestCaseMain$startTestSuite$0.call(Unknown Source)
	at TempTestSuite1597160046660.run(TempTestSuite1597160046660.groovy:37)
Caused by: com.kms.katalon.core.exception.StepFailedException: Unable to click on object 'Object Repository/Full Test/Page_Tasks  Luna Stadium/a_Correspondence'
	at com.kms.katalon.core.webui.keyword.internal.WebUIKeywordMain.stepFailed(WebUIKeywordMain.groovy:64)
	at com.kms.katalon.core.webui.keyword.internal.WebUIKeywordMain.runKeyword(WebUIKeywordMain.groovy:26)
	at com.kms.katalon.core.webui.keyword.builtin.ClickKeyword.click(ClickKeyword.groovy:76)
	at com.kms.katalon.core.webui.keyword.builtin.ClickKeyword.execute(ClickKeyword.groovy:43)
	at com.kms.katalon.core.keyword.internal.KeywordExecutor.executeKeywordForPlatform(KeywordExecutor.groovy:72)
	at com.kms.katalon.core.webui.keyword.WebUiBuiltInKeywords.click(WebUiBuiltInKeywords.groovy:616)
	at com.kms.katalon.core.webui.keyword.WebUiBuiltInKeywords$click$5.call(Unknown Source)
	at Basic Logged In Functionality.run(Basic Logged In Functionality:71)
	at com.kms.katalon.core.main.ScriptEngine.run(ScriptEngine.java:194)
	at com.kms.katalon.core.main.ScriptEngine.runScriptAsRawText(ScriptEngine.java:119)
	at com.kms.katalon.core.main.TestCaseExecutor.runScript(TestCaseExecutor.java:337)
	at com.kms.katalon.core.main.TestCaseExecutor.doExecute(TestCaseExecutor.java:328)
	at com.kms.katalon.core.main.TestCaseExecutor.processExecutionPhase(TestCaseExecutor.java:307)
	at com.kms.katalon.core.main.TestCaseExecutor.accessMainPhase(TestCaseExecutor.java:299)
	at com.kms.katalon.core.main.TestCaseExecutor.execute(TestCaseExecutor.java:233)
	at com.kms.katalon.core.main.TestCaseMain.runTestCase(TestCaseMain.java:114)
	at com.kms.katalon.core.keyword.builtin.CallTestCaseKeyword$_callTestCase_closure1.doCall(CallTestCaseKeyword.groovy:59)
	... 20 more
Caused by: com.kms.katalon.core.webui.exception.WebElementNotFoundException: Web element with id: 'Object Repository/Full Test/Page_Tasks  Luna Stadium/a_Correspondence' located by 'By.xpath: //span[@id='tool-item-communication_types']/a' not found
	at com.kms.katalon.core.webui.common.WebUiCommonHelper.findWebElement(WebUiCommonHelper.java:1154)
	at com.kms.katalon.core.webui.keyword.internal.WebUIAbstractKeyword.findWebElement(WebUIAbstractKeyword.groovy:27)
	at com.kms.katalon.core.webui.keyword.internal.WebUIAbstractKeyword.findWebElement(WebUIAbstractKeyword.groovy:26)
	at com.kms.katalon.core.webui.keyword.builtin.ClickKeyword$_click_closure1.doCall(ClickKeyword.groovy:67)
	at com.kms.katalon.core.webui.keyword.builtin.ClickKeyword$_click_closure1.call(ClickKeyword.groovy)
	at com.kms.katalon.core.webui.keyword.internal.WebUIKeywordMain.runKeyword(WebUIKeywordMain.groovy:20)
	... 35 more]]></system-err>
      </testcase>
      <system-out><![CDATA[2020-08-11 10:34:12 - [TEST_SUITE][FAILED] - Procore Basic Functionality Tests: Test Cases/PC Browser Tests/PC Tests/Logged-in Web Tests/Basic Logged-In Functionality Tests FAILED.
Reason:
com.kms.katalon.core.exception.StepFailedException: Call Test Case 'Test Cases/PC Browser Tests/PC Pages/Basic Logged-In Functionality/Basic Logged In Functionality' failed
	at com.kms.katalon.core.keyword.builtin.CallTestCaseKeyword$_callTestCase_closure1.doCall(CallTestCaseKeyword.groovy:63)
	at com.kms.katalon.core.keyword.builtin.CallTestCaseKeyword$_callTestCase_closure1.call(CallTestCaseKeyword.groovy)
	at com.kms.katalon.core.keyword.internal.KeywordMain.runKeyword(KeywordMain.groovy:68)
	at com.kms.katalon.core.keyword.builtin.CallTestCaseKeyword.callTestCase(CallTestCaseKeyword.groovy:81)
	at com.kms.katalon.core.keyword.builtin.CallTestCaseKeyword.execute(CallTestCaseKeyword.groovy:44)
	at com.kms.katalon.core.keyword.internal.KeywordExecutor.executeKeywordForPlatform(KeywordExecutor.groovy:72)
	at com.kms.katalon.core.keyword.BuiltinKeywords.callTestCase(BuiltinKeywords.groovy:334)
	at Basic Logged-In Functionality Tests.run(Basic Logged-In Functionality Tests:27)
	at com.kms.katalon.core.main.ScriptEngine.run(ScriptEngine.java:194)
	at com.kms.katalon.core.main.ScriptEngine.runScriptAsRawText(ScriptEngine.java:119)
	at com.kms.katalon.core.main.TestCaseExecutor.runScript(TestCaseExecutor.java:337)
	at com.kms.katalon.core.main.TestCaseExecutor.doExecute(TestCaseExecutor.java:328)
	at com.kms.katalon.core.main.TestCaseExecutor.processExecutionPhase(TestCaseExecutor.java:307)
	at com.kms.katalon.core.main.TestCaseExecutor.accessMainPhase(TestCaseExecutor.java:299)
	at com.kms.katalon.core.main.TestCaseExecutor.execute(TestCaseExecutor.java:233)
	at com.kms.katalon.core.main.TestSuiteExecutor.accessTestCaseMainPhase(TestSuiteExecutor.java:169)
	at com.kms.katalon.core.main.TestSuiteExecutor.accessTestSuiteMainPhase(TestSuiteExecutor.java:142)
	at com.kms.katalon.core.main.TestSuiteExecutor.execute(TestSuiteExecutor.java:91)
	at com.kms.katalon.core.main.TestCaseMain.startTestSuite(TestCaseMain.java:157)
	at com.kms.katalon.core.main.TestCaseMain$startTestSuite$0.call(Unknown Source)
	at TempTestSuite1597160046660.run(TempTestSuite1597160046660.groovy:37)
Caused by: com.kms.katalon.core.exception.StepFailedException: Unable to click on object 'Object Repository/Full Test/Page_Tasks  Luna Stadium/a_Correspondence'
	at com.kms.katalon.core.webui.keyword.internal.WebUIKeywordMain.stepFailed(WebUIKeywordMain.groovy:64)
	at com.kms.katalon.core.webui.keyword.internal.WebUIKeywordMain.runKeyword(WebUIKeywordMain.groovy:26)
	at com.kms.katalon.core.webui.keyword.builtin.ClickKeyword.click(ClickKeyword.groovy:76)
	at com.kms.katalon.core.webui.keyword.builtin.ClickKeyword.execute(ClickKeyword.groovy:43)
	at com.kms.katalon.core.keyword.internal.KeywordExecutor.executeKeywordForPlatform(KeywordExecutor.groovy:72)
	at com.kms.katalon.core.webui.keyword.WebUiBuiltInKeywords.click(WebUiBuiltInKeywords.groovy:616)
	at com.kms.katalon.core.webui.keyword.WebUiBuiltInKeywords$click$5.call(Unknown Source)
	at Basic Logged In Functionality.run(Basic Logged In Functionality:71)
	at com.kms.katalon.core.main.ScriptEngine.run(ScriptEngine.java:194)
	at com.kms.katalon.core.main.ScriptEngine.runScriptAsRawText(ScriptEngine.java:119)
	at com.kms.katalon.core.main.TestCaseExecutor.runScript(TestCaseExecutor.java:337)
	at com.kms.katalon.core.main.TestCaseExecutor.doExecute(TestCaseExecutor.java:328)
	at com.kms.katalon.core.main.TestCaseExecutor.processExecutionPhase(TestCaseExecutor.java:307)
	at com.kms.katalon.core.main.TestCaseExecutor.accessMainPhase(TestCaseExecutor.java:299)
	at com.kms.katalon.core.main.TestCaseExecutor.execute(TestCaseExecutor.java:233)
	at com.kms.katalon.core.main.TestCaseMain.runTestCase(TestCaseMain.java:114)
	at com.kms.katalon.core.keyword.builtin.CallTestCaseKeyword$_callTestCase_closure1.doCall(CallTestCaseKeyword.groovy:59)
	... 20 more
Caused by: com.kms.katalon.core.webui.exception.WebElementNotFoundException: Web element with id: 'Object Repository/Full Test/Page_Tasks  Luna Stadium/a_Correspondence' located by 'By.xpath: //span[@id='tool-item-communication_types']/a' not found
	at com.kms.katalon.core.webui.common.WebUiCommonHelper.findWebElement(WebUiCommonHelper.java:1154)
	at com.kms.katalon.core.webui.keyword.internal.WebUIAbstractKeyword.findWebElement(WebUIAbstractKeyword.groovy:27)
	at com.kms.katalon.core.webui.keyword.internal.WebUIAbstractKeyword.findWebElement(WebUIAbstractKeyword.groovy:26)
	at com.kms.katalon.core.webui.keyword.builtin.ClickKeyword$_click_closure1.doCall(ClickKeyword.groovy:67)
	at com.kms.katalon.core.webui.keyword.builtin.ClickKeyword$_click_closure1.call(ClickKeyword.groovy)
	at com.kms.katalon.core.webui.keyword.internal.WebUIKeywordMain.runKeyword(WebUIKeywordMain.groovy:20)
	... 35 more]]></system-out>
      <system-err><![CDATA[2020-08-11 10:34:12 - [TEST_SUITE][FAILED] - Procore Basic Functionality Tests: Test Cases/PC Browser Tests/PC Tests/Logged-in Web Tests/Basic Logged-In Functionality Tests FAILED.
Reason:
com.kms.katalon.core.exception.StepFailedException: Call Test Case 'Test Cases/PC Browser Tests/PC Pages/Basic Logged-In Functionality/Basic Logged In Functionality' failed
	at com.kms.katalon.core.keyword.builtin.CallTestCaseKeyword$_callTestCase_closure1.doCall(CallTestCaseKeyword.groovy:63)
	at com.kms.katalon.core.keyword.builtin.CallTestCaseKeyword$_callTestCase_closure1.call(CallTestCaseKeyword.groovy)
	at com.kms.katalon.core.keyword.internal.KeywordMain.runKeyword(KeywordMain.groovy:68)
	at com.kms.katalon.core.keyword.builtin.CallTestCaseKeyword.callTestCase(CallTestCaseKeyword.groovy:81)
	at com.kms.katalon.core.keyword.builtin.CallTestCaseKeyword.execute(CallTestCaseKeyword.groovy:44)
	at com.kms.katalon.core.keyword.internal.KeywordExecutor.executeKeywordForPlatform(KeywordExecutor.groovy:72)
	at com.kms.katalon.core.keyword.BuiltinKeywords.callTestCase(BuiltinKeywords.groovy:334)
	at Basic Logged-In Functionality Tests.run(Basic Logged-In Functionality Tests:27)
	at com.kms.katalon.core.main.ScriptEngine.run(ScriptEngine.java:194)
	at com.kms.katalon.core.main.ScriptEngine.runScriptAsRawText(ScriptEngine.java:119)
	at com.kms.katalon.core.main.TestCaseExecutor.runScript(TestCaseExecutor.java:337)
	at com.kms.katalon.core.main.TestCaseExecutor.doExecute(TestCaseExecutor.java:328)
	at com.kms.katalon.core.main.TestCaseExecutor.processExecutionPhase(TestCaseExecutor.java:307)
	at com.kms.katalon.core.main.TestCaseExecutor.accessMainPhase(TestCaseExecutor.java:299)
	at com.kms.katalon.core.main.TestCaseExecutor.execute(TestCaseExecutor.java:233)
	at com.kms.katalon.core.main.TestSuiteExecutor.accessTestCaseMainPhase(TestSuiteExecutor.java:169)
	at com.kms.katalon.core.main.TestSuiteExecutor.accessTestSuiteMainPhase(TestSuiteExecutor.java:142)
	at com.kms.katalon.core.main.TestSuiteExecutor.execute(TestSuiteExecutor.java:91)
	at com.kms.katalon.core.main.TestCaseMain.startTestSuite(TestCaseMain.java:157)
	at com.kms.katalon.core.main.TestCaseMain$startTestSuite$0.call(Unknown Source)
	at TempTestSuite1597160046660.run(TempTestSuite1597160046660.groovy:37)
Caused by: com.kms.katalon.core.exception.StepFailedException: Unable to click on object 'Object Repository/Full Test/Page_Tasks  Luna Stadium/a_Correspondence'
	at com.kms.katalon.core.webui.keyword.internal.WebUIKeywordMain.stepFailed(WebUIKeywordMain.groovy:64)
	at com.kms.katalon.core.webui.keyword.internal.WebUIKeywordMain.runKeyword(WebUIKeywordMain.groovy:26)
	at com.kms.katalon.core.webui.keyword.builtin.ClickKeyword.click(ClickKeyword.groovy:76)
	at com.kms.katalon.core.webui.keyword.builtin.ClickKeyword.execute(ClickKeyword.groovy:43)
	at com.kms.katalon.core.keyword.internal.KeywordExecutor.executeKeywordForPlatform(KeywordExecutor.groovy:72)
	at com.kms.katalon.core.webui.keyword.WebUiBuiltInKeywords.click(WebUiBuiltInKeywords.groovy:616)
	at com.kms.katalon.core.webui.keyword.WebUiBuiltInKeywords$click$5.call(Unknown Source)
	at Basic Logged In Functionality.run(Basic Logged In Functionality:71)
	at com.kms.katalon.core.main.ScriptEngine.run(ScriptEngine.java:194)
	at com.kms.katalon.core.main.ScriptEngine.runScriptAsRawText(ScriptEngine.java:119)
	at com.kms.katalon.core.main.TestCaseExecutor.runScript(TestCaseExecutor.java:337)
	at com.kms.katalon.core.main.TestCaseExecutor.doExecute(TestCaseExecutor.java:328)
	at com.kms.katalon.core.main.TestCaseExecutor.processExecutionPhase(TestCaseExecutor.java:307)
	at com.kms.katalon.core.main.TestCaseExecutor.accessMainPhase(TestCaseExecutor.java:299)
	at com.kms.katalon.core.main.TestCaseExecutor.execute(TestCaseExecutor.java:233)
	at com.kms.katalon.core.main.TestCaseMain.runTestCase(TestCaseMain.java:114)
	at com.kms.katalon.core.keyword.builtin.CallTestCaseKeyword$_callTestCase_closure1.doCall(CallTestCaseKeyword.groovy:59)
	... 20 more
Caused by: com.kms.katalon.core.webui.exception.WebElementNotFoundException: Web element with id: 'Object Repository/Full Test/Page_Tasks  Luna Stadium/a_Correspondence' located by 'By.xpath: //span[@id='tool-item-communication_types']/a' not found
	at com.kms.katalon.core.webui.common.WebUiCommonHelper.findWebElement(WebUiCommonHelper.java:1154)
	at com.kms.katalon.core.webui.keyword.internal.WebUIAbstractKeyword.findWebElement(WebUIAbstractKeyword.groovy:27)
	at com.kms.katalon.core.webui.keyword.internal.WebUIAbstractKeyword.findWebElement(WebUIAbstractKeyword.groovy:26)
	at com.kms.katalon.core.webui.keyword.builtin.ClickKeyword$_click_closure1.doCall(ClickKeyword.groovy:67)
	at com.kms.katalon.core.webui.keyword.builtin.ClickKeyword$_click_closure1.call(ClickKeyword.groovy)
	at com.kms.katalon.core.webui.keyword.internal.WebUIKeywordMain.runKeyword(WebUIKeywordMain.groovy:20)
	... 35 more]]></system-err>
   </testsuite>
</testsuites>
